
  Begin Program PRONTO

      Run parameters loaded.

      Begin loading observed data:
      Source number =    1
        x =        8.19    z =      -21.49    Number of traveltimes =    18
      Source number =    2
        x =      -10.08    z =       -5.96    Number of traveltimes =     8
      Source number =    3
        x =      -10.08    z =       -5.96    Number of traveltimes =     7
      Source number =    4
        x =        6.05    z =       36.09    Number of traveltimes =    14
      Source number =    5
        x =       32.89    z =       18.85    Number of traveltimes =     6
      Source number =    6
        x =        3.72    z =       17.85    Number of traveltimes =    13
      Source number =    7
        x =        2.83    z =       -3.05    Number of traveltimes =     7
      Source number =    8
        x =        2.83    z =       -3.05    Number of traveltimes =     6
      Source number =    9
        x =       23.72    z =       19.27    Number of traveltimes =     3
      Source number =   10
        x =       18.12    z =        6.59    Number of traveltimes =     8
      Source number =   11
        x =       -5.38    z =       -5.50    Number of traveltimes =     7
      Source number =   12
        x =       -4.31    z =       -9.02    Number of traveltimes =     3
      Source number =   13
        x =      -36.85    z =       12.85    Number of traveltimes =     8
      Source number =   14
        x =      -27.07    z =      -30.07    Number of traveltimes =     5
      Source number =   15
        x =      -10.83    z =        6.36    Number of traveltimes =     9
      Source number =   16
        x =       -2.99    z =      -21.14    Number of traveltimes =     2
      Source number =   17
        x =      -22.45    z =      -13.97    Number of traveltimes =     4
      Source number =   18
        x =      -11.21    z =      -30.24    Number of traveltimes =     3
      Source number =   19
        x =      -45.20    z =       -6.67    Number of traveltimes =     4

      Total number of sources     =     19
      Total number of traveltimes =    135

      Min/max horizontal source/receiver coordinates =     -45.20      44.54
      Min/max vertical source/receiver coordinates   =     -30.24      36.09

      Slowness grid defined:
        Number of horizontal grid points    =     49
        Number of vertical grid points      =     41
        Number of slowness cells            =   1920
        Grid interval                       =       2.25
        Min/max horizontal grid coordinates =     -52.00       56.00
        Min/max vertical grid coordinates   =     -43.00       47.00

      Initial slowness model obtained from linear velocity formula.

      5 constraint operators defined:
        Operator #1:
                             0.00     0.00     0.00
                             0.00     2.00     0.00
                             0.00     0.00     0.00
        Operator #2:
                             0.00     0.00     0.00
                             0.00    -3.00     3.00
                             0.00     0.00     0.00
        Operator #3:
                             0.00     0.00     0.00
                             0.00    -3.00     0.00
                             0.00     3.00     0.00
        Operator #4:
                             0.00     0.00     0.00
                             8.00   -16.00     8.00
                             0.00     0.00     0.00
        Operator #5:
                             0.00     8.00     0.00
                             0.00   -16.00     0.00
                             0.00     8.00     0.00

      Reference slowness model identical to initial slowness model.

      Begin tomographic inversion procedure.
      Constraint equations loaded: Number of Jacobean matrix elements =   20768
      Iteration number =   1
      Begin forward computations:
        Source number    1: Traveltimes done.
                            Raypaths done.
                            Number of Jacobian matrix elements =     21176
        Source number    2: Traveltimes done.
                            Raypaths done.
                            Number of Jacobian matrix elements =     21339
        Source number    3: Traveltimes done.
                            Raypaths done.
                            Number of Jacobian matrix elements =     21471
        Source number    4: Traveltimes done.
                            Raypaths done.
                            Number of Jacobian matrix elements =     21825
        Source number    5: Traveltimes done.
                            Raypaths done.
                            Number of Jacobian matrix elements =     21949
        Source number    6: Traveltimes done.
                            Raypaths done.
                            Number of Jacobian matrix elements =     22201
        Source number    7: Traveltimes done.
                            Raypaths done.
                            Number of Jacobian matrix elements =     22337
        Source number    8: Traveltimes done.
                            Raypaths done.
                            Number of Jacobian matrix elements =     22446
        Source number    9: Traveltimes done.
                            Raypaths done.
                            Number of Jacobian matrix elements =     22564
        Source number   10: Traveltimes done.
                            Raypaths done.
                            Number of Jacobian matrix elements =     22731
        Source number   11: Traveltimes done.
                            Raypaths done.
                            Number of Jacobian matrix elements =     22886
        Source number   12: Traveltimes done.
                            Raypaths done.
                            Number of Jacobian matrix elements =     22937
        Source number   13: Traveltimes done.
                            Raypaths done.
                            Number of Jacobian matrix elements =     23148
        Source number   14: Traveltimes done.
                            Raypaths done.
                            Number of Jacobian matrix elements =     23227
        Source number   15: Traveltimes done.
                            Raypaths done.
                            Number of Jacobian matrix elements =     23392
        Source number   16: Traveltimes done.
                            Raypaths done.
                            Number of Jacobian matrix elements =     23430
        Source number   17: Traveltimes done.
                            Raypaths done.
                            Number of Jacobian matrix elements =     23492
        Source number   18: Traveltimes done.
                            Raypaths done.
                            Number of Jacobian matrix elements =     23539
        Source number   19: Traveltimes done.
                            Raypaths done.
                            Number of Jacobian matrix elements =     23623
      Total number of raypaths=    135
      Total number of traveltimes used in inversion =   135
      Rms traveltime error = 2031.485 ms
      Slowness model scaled;   scalar =  1.07981
          Improved rms traveltime error = 1606.036 ms
      Begin inverse computations:
        LSQR iteration =   1   relative error =  0.973569
        LSQR iteration =   2   relative error =  0.943678
        LSQR iteration =   3   relative error =  0.915564
        LSQR iteration =   4   relative error =  0.895626
        LSQR iteration =   5   relative error =  0.880916
        LSQR iteration =   6   relative error =  0.871046
        LSQR iteration =   7   relative error =  0.862984
        LSQR iteration =   8   relative error =  0.856097
        LSQR iteration =   9   relative error =  0.849995
        LSQR iteration =  10   relative error =  0.844808
        LSQR iteration =  11   relative error =  0.840725
        LSQR iteration =  12   relative error =  0.837394
        LSQR iteration =  13   relative error =  0.834522
        LSQR iteration =  14   relative error =  0.832058
        LSQR iteration =  15   relative error =  0.829849
        LSQR iteration =  16   relative error =  0.827982
        LSQR iteration =  17   relative error =  0.826293
        LSQR iteration =  18   relative error =  0.824754
        LSQR iteration =  19   relative error =  0.823316
        LSQR iteration =  20   relative error =  0.821922
        LSQR iteration =  21   relative error =  0.820707
        LSQR iteration =  22   relative error =  0.819693
        LSQR iteration =  23   relative error =  0.818738
        LSQR iteration =  24   relative error =  0.817867
        LSQR iteration =  25   relative error =  0.817098
        LSQR iteration =  26   relative error =  0.816449
        LSQR iteration =  27   relative error =  0.815898
        LSQR iteration =  28   relative error =  0.815399
        LSQR iteration =  29   relative error =  0.814985
        LSQR iteration =  30   relative error =  0.814639
        LSQR iteration =  31   relative error =  0.814335
        LSQR iteration =  32   relative error =  0.814079
        LSQR iteration =  33   relative error =  0.813874
        LSQR iteration =  34   relative error =  0.813711
        LSQR iteration =  35   relative error =  0.813585
        LSQR iteration =  36   relative error =  0.813475
        LSQR iteration =  37   relative error =  0.813390
        LSQR iteration =  38   relative error =  0.813318
        LSQR iteration =  39   relative error =  0.813254
        LSQR iteration =  40   relative error =  0.813200
        LSQR iteration =  41   relative error =  0.813158
        LSQR iteration =  42   relative error =  0.813123
        LSQR iteration =  43   relative error =  0.813096
        LSQR iteration =  44   relative error =  0.813072
        LSQR iteration =  45   relative error =  0.813055
        LSQR iteration =  46   relative error =  0.813040
        LSQR iteration =  47   relative error =  0.813028
        LSQR iteration =  48   relative error =  0.813018
        LSQR iteration =  49   relative error =  0.813009
        LSQR iteration =  50   relative error =  0.813002
        LSQR iteration =  51   relative error =  0.812997
      Slowness model updated.
      Iteration number =   2
      Begin forward computations:
        Source number    1: Traveltimes done.
                            Raypaths done.
                            Number of Jacobian matrix elements =     21176
        Source number    2: Traveltimes done.
                            Raypaths done.
                            Number of Jacobian matrix elements =     21339
        Source number    3: Traveltimes done.
                            Raypaths done.
                            Number of Jacobian matrix elements =     21471
        Source number    4: Traveltimes done.
                            Raypaths done.
                            Number of Jacobian matrix elements =     21826
        Source number    5: Traveltimes done.
                            Raypaths done.
                            Number of Jacobian matrix elements =     21952
        Source number    6: Traveltimes done.
                            Raypaths done.
                            Number of Jacobian matrix elements =     22204
        Source number    7: Traveltimes done.
                            Raypaths done.
                            Number of Jacobian matrix elements =     22340
        Source number    8: Traveltimes done.
                            Raypaths done.
                            Number of Jacobian matrix elements =     22449
        Source number    9: Traveltimes done.
                            Raypaths done.
                            Number of Jacobian matrix elements =     22568
        Source number   10: Traveltimes done.
                            Raypaths done.
                            Number of Jacobian matrix elements =     22737
        Source number   11: Traveltimes done.
                            Raypaths done.
                            Number of Jacobian matrix elements =     22892
        Source number   12: Traveltimes done.
                            Raypaths done.
                            Number of Jacobian matrix elements =     22943
        Source number   13: Traveltimes done.
                            Raypaths done.
                            Number of Jacobian matrix elements =     23155
        Source number   14: Traveltimes done.
                            Raypaths done.
                            Number of Jacobian matrix elements =     23234
        Source number   15: Traveltimes done.
                            Raypaths done.
                            Number of Jacobian matrix elements =     23400
        Source number   16: Traveltimes done.
                            Raypaths done.
                            Number of Jacobian matrix elements =     23438
        Source number   17: Traveltimes done.
                            Raypaths done.
                            Number of Jacobian matrix elements =     23500
        Source number   18: Traveltimes done.
                            Raypaths done.
                            Number of Jacobian matrix elements =     23547
        Source number   19: Traveltimes done.
                            Raypaths done.
                            Number of Jacobian matrix elements =     23629
      Total number of raypaths=    135
      Total number of traveltimes used in inversion =   135
      Rms traveltime error = 1297.753 ms
      Slowness model scaled;   scalar =  1.01333
          Improved rms traveltime error = 1278.651 ms

      Velocity model output:
        Min/max horizontal coordinates =     -52.00       56.00
        Min/max vertical coordinates   =     -43.00       47.00
        Min/max velocities             =       1.93        2.74

      Ray density map output:
        Min/max horizontal coordinates =     -50.88       54.88
        Min/max vertical coordinates   =     -41.88       45.88
        Min/max ray densities          =       0.00       17.24

      Predicted traveltimes output.
