
  Begin Program PRONTO

      Run parameters loaded.

      Begin loading observed data:
      Source number =    1
        x =        8.19    z =      -21.49    Number of traveltimes =    18
      Source number =    2
        x =      -10.08    z =       -5.96    Number of traveltimes =    11
      Source number =    3
        x =      -10.08    z =       -5.96    Number of traveltimes =     8
      Source number =    4
        x =        6.05    z =       36.09    Number of traveltimes =    14
      Source number =    5
        x =       32.89    z =       18.85    Number of traveltimes =     5
      Source number =    6
        x =        3.72    z =       17.85    Number of traveltimes =    12
      Source number =    7
        x =        2.83    z =       -3.05    Number of traveltimes =     8
      Source number =    8
        x =        2.83    z =       -3.05    Number of traveltimes =     5
      Source number =    9
        x =       23.72    z =       19.27    Number of traveltimes =     4
      Source number =   10
        x =       18.12    z =        6.59    Number of traveltimes =     9
      Source number =   11
        x =       -5.38    z =       -5.50    Number of traveltimes =     5
      Source number =   12
        x =       -4.31    z =       -9.02    Number of traveltimes =     4
      Source number =   13
        x =      -36.85    z =       12.85    Number of traveltimes =    11
      Source number =   14
        x =      -27.07    z =      -30.07    Number of traveltimes =     3
      Source number =   15
        x =      -10.83    z =        6.36    Number of traveltimes =     8
      Source number =   16
        x =       -2.99    z =      -21.14    Number of traveltimes =     7
      Source number =   17
        x =      -22.45    z =      -13.97    Number of traveltimes =     4
      Source number =   18
        x =      -11.21    z =      -30.24    Number of traveltimes =     3
      Source number =   19
        x =      -45.20    z =       -6.67    Number of traveltimes =     4

      Total number of sources     =     19
      Total number of traveltimes =    143

      Min/max horizontal source/receiver coordinates =     -45.20      44.54
      Min/max vertical source/receiver coordinates   =     -30.24      36.09

      Slowness grid defined:
        Number of horizontal grid points    =     49
        Number of vertical grid points      =     41
        Number of slowness cells            =   1920
        Grid interval                       =       2.25
        Min/max horizontal grid coordinates =     -52.00       56.00
        Min/max vertical grid coordinates   =     -43.00       47.00

      Initial slowness model obtained from linear velocity formula.

      5 constraint operators defined:
        Operator #1:
                             0.00     0.00     0.00
                             0.00     2.00     0.00
                             0.00     0.00     0.00
        Operator #2:
                             0.00     0.00     0.00
                             0.00    -3.00     3.00
                             0.00     0.00     0.00
        Operator #3:
                             0.00     0.00     0.00
                             0.00    -3.00     0.00
                             0.00     3.00     0.00
        Operator #4:
                             0.00     0.00     0.00
                             8.00   -16.00     8.00
                             0.00     0.00     0.00
        Operator #5:
                             0.00     8.00     0.00
                             0.00   -16.00     0.00
                             0.00     8.00     0.00

      Reference slowness model identical to initial slowness model.

      Begin tomographic inversion procedure.
      Constraint equations loaded: Number of Jacobean matrix elements =   20768
      Iteration number =   1
      Begin forward computations:
        Source number    1: Traveltimes done.
                            Raypaths done.
                            Number of Jacobian matrix elements =     21176
        Source number    2: Traveltimes done.
                            Raypaths done.
                            Number of Jacobian matrix elements =     21361
        Source number    3: Traveltimes done.
                            Raypaths done.
                            Number of Jacobian matrix elements =     21467
        Source number    4: Traveltimes done.
                            Raypaths done.
                            Number of Jacobian matrix elements =     21806
        Source number    5: Traveltimes done.
                            Raypaths done.
                            Number of Jacobian matrix elements =     21918
        Source number    6: Traveltimes done.
                            Raypaths done.
                            Number of Jacobian matrix elements =     22158
        Source number    7: Traveltimes done.
                            Raypaths done.
                            Number of Jacobian matrix elements =     22299
        Source number    8: Traveltimes done.
                            Raypaths done.
                            Number of Jacobian matrix elements =     22389
        Source number    9: Traveltimes done.
                            Raypaths done.
                            Number of Jacobian matrix elements =     22515
        Source number   10: Traveltimes done.
                            Raypaths done.
                            Number of Jacobian matrix elements =     22714
        Source number   11: Traveltimes done.
                            Raypaths done.
                            Number of Jacobian matrix elements =     22776
        Source number   12: Traveltimes done.
                            Raypaths done.
                            Number of Jacobian matrix elements =     22835
        Source number   13: Traveltimes done.
                            Raypaths done.
                            Number of Jacobian matrix elements =     23123
        Source number   14: Traveltimes done.
                            Raypaths done.
                            Number of Jacobian matrix elements =     23167
        Source number   15: Traveltimes done.
                            Raypaths done.
                            Number of Jacobian matrix elements =     23311
        Source number   16: Traveltimes done.
                            Raypaths done.
                            Number of Jacobian matrix elements =     23399
        Source number   17: Traveltimes done.
                            Raypaths done.
                            Number of Jacobian matrix elements =     23461
        Source number   18: Traveltimes done.
                            Raypaths done.
                            Number of Jacobian matrix elements =     23592
        Source number   19: Traveltimes done.
                            Raypaths done.
                            Number of Jacobian matrix elements =     23676
      Total number of raypaths=    143
      Total number of traveltimes used in inversion =   143
      Rms traveltime error = 2435.895 ms
      Slowness model scaled;   scalar =  1.08358
          Improved rms traveltime error = 2074.280 ms
      Begin inverse computations:
        LSQR iteration =   1   relative error =  0.975566
        LSQR iteration =   2   relative error =  0.947699
        LSQR iteration =   3   relative error =  0.923406
        LSQR iteration =   4   relative error =  0.905678
        LSQR iteration =   5   relative error =  0.893943
        LSQR iteration =   6   relative error =  0.886127
        LSQR iteration =   7   relative error =  0.880542
        LSQR iteration =   8   relative error =  0.876109
        LSQR iteration =   9   relative error =  0.872300
        LSQR iteration =  10   relative error =  0.868951
        LSQR iteration =  11   relative error =  0.866200
        LSQR iteration =  12   relative error =  0.863977
        LSQR iteration =  13   relative error =  0.862072
        LSQR iteration =  14   relative error =  0.860480
        LSQR iteration =  15   relative error =  0.859017
        LSQR iteration =  16   relative error =  0.857786
        LSQR iteration =  17   relative error =  0.856650
        LSQR iteration =  18   relative error =  0.855602
        LSQR iteration =  19   relative error =  0.854635
        LSQR iteration =  20   relative error =  0.853740
        LSQR iteration =  21   relative error =  0.852952
        LSQR iteration =  22   relative error =  0.852279
        LSQR iteration =  23   relative error =  0.851679
        LSQR iteration =  24   relative error =  0.851134
        LSQR iteration =  25   relative error =  0.850665
        LSQR iteration =  26   relative error =  0.850262
        LSQR iteration =  27   relative error =  0.849894
        LSQR iteration =  28   relative error =  0.849548
        LSQR iteration =  29   relative error =  0.849268
        LSQR iteration =  30   relative error =  0.849028
        LSQR iteration =  31   relative error =  0.848821
        LSQR iteration =  32   relative error =  0.848658
        LSQR iteration =  33   relative error =  0.848529
        LSQR iteration =  34   relative error =  0.848420
        LSQR iteration =  35   relative error =  0.848332
        LSQR iteration =  36   relative error =  0.848252
        LSQR iteration =  37   relative error =  0.848189
        LSQR iteration =  38   relative error =  0.848136
        LSQR iteration =  39   relative error =  0.848091
        LSQR iteration =  40   relative error =  0.848056
        LSQR iteration =  41   relative error =  0.848028
        LSQR iteration =  42   relative error =  0.848005
        LSQR iteration =  43   relative error =  0.847987
        LSQR iteration =  44   relative error =  0.847970
        LSQR iteration =  45   relative error =  0.847957
        LSQR iteration =  46   relative error =  0.847947
        LSQR iteration =  47   relative error =  0.847939
        LSQR iteration =  48   relative error =  0.847932
        LSQR iteration =  49   relative error =  0.847926
        LSQR iteration =  50   relative error =  0.847922
        LSQR iteration =  51   relative error =  0.847918
      Slowness model updated.
      Iteration number =   2
      Begin forward computations:
        Source number    1: Traveltimes done.
                            Raypaths done.
                            Number of Jacobian matrix elements =     21178
        Source number    2: Traveltimes done.
                            Raypaths done.
                            Number of Jacobian matrix elements =     21361
        Source number    3: Traveltimes done.
                            Raypaths done.
                            Number of Jacobian matrix elements =     21466
        Source number    4: Traveltimes done.
                            Raypaths done.
                            Number of Jacobian matrix elements =     21806
        Source number    5: Traveltimes done.
                            Raypaths done.
                            Number of Jacobian matrix elements =     21919
        Source number    6: Traveltimes done.
                            Raypaths done.
                            Number of Jacobian matrix elements =     22159
        Source number    7: Traveltimes done.
                            Raypaths done.
                            Number of Jacobian matrix elements =     22301
        Source number    8: Traveltimes done.
                            Raypaths done.
                            Number of Jacobian matrix elements =     22392
        Source number    9: Traveltimes done.
                            Raypaths done.
                            Number of Jacobian matrix elements =     22519
        Source number   10: Traveltimes done.
                            Raypaths done.
                            Number of Jacobian matrix elements =     22720
        Source number   11: Traveltimes done.
                            Raypaths done.
                            Number of Jacobian matrix elements =     22782
        Source number   12: Traveltimes done.
                            Raypaths done.
                            Number of Jacobian matrix elements =     22841
        Source number   13: Traveltimes done.
                            Raypaths done.
                            Number of Jacobian matrix elements =     23130
        Source number   14: Traveltimes done.
                            Raypaths done.
                            Number of Jacobian matrix elements =     23173
        Source number   15: Traveltimes done.
                            Raypaths done.
                            Number of Jacobian matrix elements =     23318
        Source number   16: Traveltimes done.
                            Raypaths done.
                            Number of Jacobian matrix elements =     23406
        Source number   17: Traveltimes done.
                            Raypaths done.
                            Number of Jacobian matrix elements =     23468
        Source number   18: Traveltimes done.
                            Raypaths done.
                            Number of Jacobian matrix elements =     23599
        Source number   19: Traveltimes done.
                            Raypaths done.
                            Number of Jacobian matrix elements =     23681
      Total number of raypaths=    143
      Total number of traveltimes used in inversion =   143
      Rms traveltime error = 1762.917 ms
      Slowness model scaled;   scalar =  1.01527
          Improved rms traveltime error = 1745.157 ms

      Velocity model output:
        Min/max horizontal coordinates =     -52.00       56.00
        Min/max vertical coordinates   =     -43.00       47.00
        Min/max velocities             =       1.79        2.72

      Ray density map output:
        Min/max horizontal coordinates =     -50.88       54.88
        Min/max vertical coordinates   =     -41.88       45.88
        Min/max ray densities          =       0.00       16.57

      Predicted traveltimes output.
