
  Begin Program PRONTO

      Run parameters loaded.

      Begin loading observed data:
      Source number =    1
        x =        8.19    z =      -21.49    Number of traveltimes =     7
      Source number =    2
        x =      -10.08    z =       -5.96    Number of traveltimes =     6
      Source number =    3
        x =      -10.08    z =       -5.96    Number of traveltimes =     6
      Source number =    4
        x =        6.05    z =       36.09    Number of traveltimes =    13
      Source number =    5
        x =       32.89    z =       18.85    Number of traveltimes =     7
      Source number =    6
        x =        3.72    z =       17.85    Number of traveltimes =     8
      Source number =    7
        x =        2.83    z =       -3.05    Number of traveltimes =     6
      Source number =    8
        x =        2.83    z =       -3.05    Number of traveltimes =     6
      Source number =    9
        x =       23.72    z =       19.27    Number of traveltimes =     6
      Source number =   10
        x =       18.12    z =        6.59    Number of traveltimes =     8
      Source number =   11
        x =       -5.38    z =       -5.50    Number of traveltimes =     3
      Source number =   12
        x =       -4.31    z =       -9.02    Number of traveltimes =     3
      Source number =   13
        x =      -36.85    z =       12.85    Number of traveltimes =     3
      Source number =   14
        x =      -27.07    z =      -30.07    Number of traveltimes =     2
      Source number =   15
        x =      -10.83    z =        6.36    Number of traveltimes =     4
      Source number =   16
        x =       -2.99    z =      -21.14    Number of traveltimes =     1
      Source number =   17
        x =      -22.45    z =      -13.97    Number of traveltimes =     2
      Source number =   18
        x =      -11.21    z =      -30.24    Number of traveltimes =     1
      Source number =   19
        x =      -45.20    z =       -6.67    Number of traveltimes =     4
      Source number =   20
        x =      -12.64    z =      -12.65    Number of traveltimes =     2
      Source number =   21
        x =      -12.64    z =      -12.65    Number of traveltimes =     2

      Total number of sources     =     21
      Total number of traveltimes =    100

      Min/max horizontal source/receiver coordinates =     -45.20      44.54
      Min/max vertical source/receiver coordinates   =     -30.24      36.09

      Slowness grid defined:
        Number of horizontal grid points    =     49
        Number of vertical grid points      =     41
        Number of slowness cells            =   1920
        Grid interval                       =       2.25
        Min/max horizontal grid coordinates =     -52.00       56.00
        Min/max vertical grid coordinates   =     -43.00       47.00

      Initial slowness model obtained from linear velocity formula.

      5 constraint operators defined:
        Operator #1:
                             0.00     0.00     0.00
                             0.00     2.00     0.00
                             0.00     0.00     0.00
        Operator #2:
                             0.00     0.00     0.00
                             0.00    -3.00     3.00
                             0.00     0.00     0.00
        Operator #3:
                             0.00     0.00     0.00
                             0.00    -3.00     0.00
                             0.00     3.00     0.00
        Operator #4:
                             0.00     0.00     0.00
                             8.00   -16.00     8.00
                             0.00     0.00     0.00
        Operator #5:
                             0.00     8.00     0.00
                             0.00   -16.00     0.00
                             0.00     8.00     0.00

      Reference slowness model identical to initial slowness model.

      Begin tomographic inversion procedure.
      Constraint equations loaded: Number of Jacobean matrix elements =   20768
      Iteration number =   1
      Begin forward computations:
        Source number    1: Traveltimes done.
                            Raypaths done.
                            Number of Jacobian matrix elements =     20933
        Source number    2: Traveltimes done.
                            Raypaths done.
                            Number of Jacobian matrix elements =     21112
        Source number    3: Traveltimes done.
                            Raypaths done.
                            Number of Jacobian matrix elements =     21279
        Source number    4: Traveltimes done.
                            Raypaths done.
                            Number of Jacobian matrix elements =     21627
        Source number    5: Traveltimes done.
                            Raypaths done.
                            Number of Jacobian matrix elements =     21858
        Source number    6: Traveltimes done.
                            Raypaths done.
                            Number of Jacobian matrix elements =     22050
        Source number    7: Traveltimes done.
                            Raypaths done.
                            Number of Jacobian matrix elements =     22205
        Source number    8: Traveltimes done.
                            Raypaths done.
                            Number of Jacobian matrix elements =     22360
        Source number    9: Traveltimes done.
                            Raypaths done.
                            Number of Jacobian matrix elements =     22562
        Source number   10: Traveltimes done.
                            Raypaths done.
                            Number of Jacobian matrix elements =     22776
        Source number   11: Traveltimes done.
                            Raypaths done.
                            Number of Jacobian matrix elements =     22839
        Source number   12: Traveltimes done.
                            Raypaths done.
                            Number of Jacobian matrix elements =     22942
        Source number   13: Traveltimes done.
                            Raypaths done.
                            Number of Jacobian matrix elements =     23015
        Source number   14: Traveltimes done.
                            Raypaths done.
                            Number of Jacobian matrix elements =     23059
        Source number   15: Traveltimes done.
                            Raypaths done.
                            Number of Jacobian matrix elements =     23168
        Source number   16: Traveltimes done.
                            Raypaths done.
                            Number of Jacobian matrix elements =     23194
        Source number   17: Traveltimes done.
                            Raypaths done.
                            Number of Jacobian matrix elements =     23294
        Source number   18: Traveltimes done.
                            Raypaths done.
                            Number of Jacobian matrix elements =     23321
        Source number   19: Traveltimes done.
                            Raypaths done.
                            Number of Jacobian matrix elements =     23405
        Source number   20: Traveltimes done.
                            Raypaths done.
                            Number of Jacobian matrix elements =     23495
        Source number   21: Traveltimes done.
                            Raypaths done.
                            Number of Jacobian matrix elements =     23585
      Total number of raypaths=    100
      Total number of traveltimes used in inversion =   100
      Rms traveltime error = 3029.135 ms
      Slowness model scaled;   scalar =  0.94494
          Improved rms traveltime error = 2830.449 ms
      Begin inverse computations:
        LSQR iteration =   1   relative error =  0.948371
        LSQR iteration =   2   relative error =  0.907399
        LSQR iteration =   3   relative error =  0.879055
        LSQR iteration =   4   relative error =  0.856308
        LSQR iteration =   5   relative error =  0.838893
        LSQR iteration =   6   relative error =  0.828120
        LSQR iteration =   7   relative error =  0.821327
        LSQR iteration =   8   relative error =  0.816390
        LSQR iteration =   9   relative error =  0.812198
        LSQR iteration =  10   relative error =  0.808514
        LSQR iteration =  11   relative error =  0.805252
        LSQR iteration =  12   relative error =  0.802525
        LSQR iteration =  13   relative error =  0.800267
        LSQR iteration =  14   relative error =  0.798494
        LSQR iteration =  15   relative error =  0.797050
        LSQR iteration =  16   relative error =  0.795847
        LSQR iteration =  17   relative error =  0.794808
        LSQR iteration =  18   relative error =  0.793921
        LSQR iteration =  19   relative error =  0.793143
        LSQR iteration =  20   relative error =  0.792452
        LSQR iteration =  21   relative error =  0.791853
        LSQR iteration =  22   relative error =  0.791342
        LSQR iteration =  23   relative error =  0.790900
        LSQR iteration =  24   relative error =  0.790504
        LSQR iteration =  25   relative error =  0.790165
        LSQR iteration =  26   relative error =  0.789866
        LSQR iteration =  27   relative error =  0.789608
        LSQR iteration =  28   relative error =  0.789382
        LSQR iteration =  29   relative error =  0.789179
        LSQR iteration =  30   relative error =  0.789010
        LSQR iteration =  31   relative error =  0.788857
        LSQR iteration =  32   relative error =  0.788728
        LSQR iteration =  33   relative error =  0.788620
        LSQR iteration =  34   relative error =  0.788518
        LSQR iteration =  35   relative error =  0.788438
        LSQR iteration =  36   relative error =  0.788359
        LSQR iteration =  37   relative error =  0.788296
        LSQR iteration =  38   relative error =  0.788246
        LSQR iteration =  39   relative error =  0.788198
        LSQR iteration =  40   relative error =  0.788160
        LSQR iteration =  41   relative error =  0.788134
        LSQR iteration =  42   relative error =  0.788112
        LSQR iteration =  43   relative error =  0.788090
        LSQR iteration =  44   relative error =  0.788073
        LSQR iteration =  45   relative error =  0.788061
        LSQR iteration =  46   relative error =  0.788051
        LSQR iteration =  47   relative error =  0.788042
        LSQR iteration =  48   relative error =  0.788033
        LSQR iteration =  49   relative error =  0.788026
        LSQR iteration =  50   relative error =  0.788021
        LSQR iteration =  51   relative error =  0.788017
      Slowness model updated.
      Iteration number =   2
      Begin forward computations:
        Source number    1: Traveltimes done.
                            Raypaths done.
                            Number of Jacobian matrix elements =     20932
        Source number    2: Traveltimes done.
                            Raypaths done.
                            Number of Jacobian matrix elements =     21112
        Source number    3: Traveltimes done.
                            Raypaths done.
                            Number of Jacobian matrix elements =     21279
        Source number    4: Traveltimes done.
                            Raypaths done.
                            Number of Jacobian matrix elements =     21630
        Source number    5: Traveltimes done.
                            Raypaths done.
                            Number of Jacobian matrix elements =     21862
        Source number    6: Traveltimes done.
                            Raypaths done.
                            Number of Jacobian matrix elements =     22060
        Source number    7: Traveltimes done.
                            Raypaths done.
                            Number of Jacobian matrix elements =     22216
        Source number    8: Traveltimes done.
                            Raypaths done.
                            Number of Jacobian matrix elements =     22372
        Source number    9: Traveltimes done.
                            Raypaths done.
                            Number of Jacobian matrix elements =     22575
        Source number   10: Traveltimes done.
                            Raypaths done.
                            Number of Jacobian matrix elements =     22790
        Source number   11: Traveltimes done.
                            Raypaths done.
                            Number of Jacobian matrix elements =     22853
        Source number   12: Traveltimes done.
                            Raypaths done.
                            Number of Jacobian matrix elements =     22956
        Source number   13: Traveltimes done.
                            Raypaths done.
                            Number of Jacobian matrix elements =     23029
        Source number   14: Traveltimes done.
                            Raypaths done.
                            Number of Jacobian matrix elements =     23073
        Source number   15: Traveltimes done.
                            Raypaths done.
                            Number of Jacobian matrix elements =     23183
        Source number   16: Traveltimes done.
                            Raypaths done.
                            Number of Jacobian matrix elements =     23208
        Source number   17: Traveltimes done.
                            Raypaths done.
                            Number of Jacobian matrix elements =     23308
        Source number   18: Traveltimes done.
                            Raypaths done.
                            Number of Jacobian matrix elements =     23335
        Source number   19: Traveltimes done.
                            Raypaths done.
                            Number of Jacobian matrix elements =     23421
        Source number   20: Traveltimes done.
                            Raypaths done.
                            Number of Jacobian matrix elements =     23511
        Source number   21: Traveltimes done.
                            Raypaths done.
                            Number of Jacobian matrix elements =     23601
      Total number of raypaths=    100
      Total number of traveltimes used in inversion =   100
      Rms traveltime error = 2286.787 ms
      Slowness model scaled;   scalar =  1.01652
          Improved rms traveltime error = 2266.739 ms

      Velocity model output:
        Min/max horizontal coordinates =     -52.00       56.00
        Min/max vertical coordinates   =     -43.00       47.00
        Min/max velocities             =       1.98        3.55

      Ray density map output:
        Min/max horizontal coordinates =     -50.88       54.88
        Min/max vertical coordinates   =     -41.88       45.88
        Min/max ray densities          =       0.00       36.82

      Predicted traveltimes output.
