
  Begin Program PRONTO

      Run parameters loaded.

      Begin loading observed data:
      Source number =    1
        x =        8.19    z =      -21.49    Number of traveltimes =    18
      Source number =    2
        x =      -10.08    z =       -5.96    Number of traveltimes =    11
      Source number =    3
        x =      -10.08    z =       -5.96    Number of traveltimes =     8
      Source number =    4
        x =        6.05    z =       36.09    Number of traveltimes =    13
      Source number =    5
        x =       32.89    z =       18.85    Number of traveltimes =     5
      Source number =    6
        x =        3.72    z =       17.85    Number of traveltimes =    12
      Source number =    7
        x =        2.83    z =       -3.05    Number of traveltimes =     6
      Source number =    8
        x =        2.83    z =       -3.05    Number of traveltimes =     4
      Source number =    9
        x =       23.72    z =       19.27    Number of traveltimes =     3
      Source number =   10
        x =       18.12    z =        6.59    Number of traveltimes =    10
      Source number =   11
        x =       -5.38    z =       -5.50    Number of traveltimes =     4
      Source number =   12
        x =       -4.31    z =       -9.02    Number of traveltimes =     3
      Source number =   13
        x =      -36.85    z =       12.85    Number of traveltimes =    11
      Source number =   14
        x =      -27.07    z =      -30.07    Number of traveltimes =     5
      Source number =   15
        x =      -10.83    z =        6.36    Number of traveltimes =     8
      Source number =   16
        x =       -2.99    z =      -21.14    Number of traveltimes =     7
      Source number =   17
        x =      -22.45    z =      -13.97    Number of traveltimes =     4
      Source number =   18
        x =      -11.21    z =      -30.24    Number of traveltimes =     3
      Source number =   19
        x =      -45.20    z =       -6.67    Number of traveltimes =     4

      Total number of sources     =     19
      Total number of traveltimes =    139

      Min/max horizontal source/receiver coordinates =     -45.20      44.54
      Min/max vertical source/receiver coordinates   =     -30.24      36.09

      Slowness grid defined:
        Number of horizontal grid points    =     49
        Number of vertical grid points      =     41
        Number of slowness cells            =   1920
        Grid interval                       =       2.25
        Min/max horizontal grid coordinates =     -52.00       56.00
        Min/max vertical grid coordinates   =     -43.00       47.00

      Initial slowness model obtained from linear velocity formula.

      5 constraint operators defined:
        Operator #1:
                             0.00     0.00     0.00
                             0.00     2.00     0.00
                             0.00     0.00     0.00
        Operator #2:
                             0.00     0.00     0.00
                             0.00    -3.00     3.00
                             0.00     0.00     0.00
        Operator #3:
                             0.00     0.00     0.00
                             0.00    -3.00     0.00
                             0.00     3.00     0.00
        Operator #4:
                             0.00     0.00     0.00
                             8.00   -16.00     8.00
                             0.00     0.00     0.00
        Operator #5:
                             0.00     8.00     0.00
                             0.00   -16.00     0.00
                             0.00     8.00     0.00

      Reference slowness model identical to initial slowness model.

      Begin tomographic inversion procedure.
      Constraint equations loaded: Number of Jacobean matrix elements =   20768
      Iteration number =   1
      Begin forward computations:
        Source number    1: Traveltimes done.
                            Raypaths done.
                            Number of Jacobian matrix elements =     21176
        Source number    2: Traveltimes done.
                            Raypaths done.
                            Number of Jacobian matrix elements =     21354
        Source number    3: Traveltimes done.
                            Raypaths done.
                            Number of Jacobian matrix elements =     21464
        Source number    4: Traveltimes done.
                            Raypaths done.
                            Number of Jacobian matrix elements =     21778
        Source number    5: Traveltimes done.
                            Raypaths done.
                            Number of Jacobian matrix elements =     21890
        Source number    6: Traveltimes done.
                            Raypaths done.
                            Number of Jacobian matrix elements =     22130
        Source number    7: Traveltimes done.
                            Raypaths done.
                            Number of Jacobian matrix elements =     22247
        Source number    8: Traveltimes done.
                            Raypaths done.
                            Number of Jacobian matrix elements =     22325
        Source number    9: Traveltimes done.
                            Raypaths done.
                            Number of Jacobian matrix elements =     22406
        Source number   10: Traveltimes done.
                            Raypaths done.
                            Number of Jacobian matrix elements =     22620
        Source number   11: Traveltimes done.
                            Raypaths done.
                            Number of Jacobian matrix elements =     22674
        Source number   12: Traveltimes done.
                            Raypaths done.
                            Number of Jacobian matrix elements =     22721
        Source number   13: Traveltimes done.
                            Raypaths done.
                            Number of Jacobian matrix elements =     23009
        Source number   14: Traveltimes done.
                            Raypaths done.
                            Number of Jacobian matrix elements =     23105
        Source number   15: Traveltimes done.
                            Raypaths done.
                            Number of Jacobian matrix elements =     23249
        Source number   16: Traveltimes done.
                            Raypaths done.
                            Number of Jacobian matrix elements =     23337
        Source number   17: Traveltimes done.
                            Raypaths done.
                            Number of Jacobian matrix elements =     23399
        Source number   18: Traveltimes done.
                            Raypaths done.
                            Number of Jacobian matrix elements =     23530
        Source number   19: Traveltimes done.
                            Raypaths done.
                            Number of Jacobian matrix elements =     23614
      Total number of raypaths=    139
      Total number of traveltimes used in inversion =   139
      Rms traveltime error = 2288.065 ms
      Slowness model scaled;   scalar =  1.07921
          Improved rms traveltime error = 1940.623 ms
      Begin inverse computations:
        LSQR iteration =   1   relative error =  0.977082
        LSQR iteration =   2   relative error =  0.952396
        LSQR iteration =   3   relative error =  0.928906
        LSQR iteration =   4   relative error =  0.912371
        LSQR iteration =   5   relative error =  0.900809
        LSQR iteration =   6   relative error =  0.893109
        LSQR iteration =   7   relative error =  0.887549
        LSQR iteration =   8   relative error =  0.883217
        LSQR iteration =   9   relative error =  0.879395
        LSQR iteration =  10   relative error =  0.875933
        LSQR iteration =  11   relative error =  0.873009
        LSQR iteration =  12   relative error =  0.870636
        LSQR iteration =  13   relative error =  0.868614
        LSQR iteration =  14   relative error =  0.866945
        LSQR iteration =  15   relative error =  0.865450
        LSQR iteration =  16   relative error =  0.864224
        LSQR iteration =  17   relative error =  0.863111
        LSQR iteration =  18   relative error =  0.862099
        LSQR iteration =  19   relative error =  0.861151
        LSQR iteration =  20   relative error =  0.860266
        LSQR iteration =  21   relative error =  0.859468
        LSQR iteration =  22   relative error =  0.858785
        LSQR iteration =  23   relative error =  0.858149
        LSQR iteration =  24   relative error =  0.857580
        LSQR iteration =  25   relative error =  0.857068
        LSQR iteration =  26   relative error =  0.856639
        LSQR iteration =  27   relative error =  0.856271
        LSQR iteration =  28   relative error =  0.855928
        LSQR iteration =  29   relative error =  0.855655
        LSQR iteration =  30   relative error =  0.855421
        LSQR iteration =  31   relative error =  0.855216
        LSQR iteration =  32   relative error =  0.855046
        LSQR iteration =  33   relative error =  0.854907
        LSQR iteration =  34   relative error =  0.854796
        LSQR iteration =  35   relative error =  0.854709
        LSQR iteration =  36   relative error =  0.854629
        LSQR iteration =  37   relative error =  0.854563
        LSQR iteration =  38   relative error =  0.854508
        LSQR iteration =  39   relative error =  0.854461
        LSQR iteration =  40   relative error =  0.854426
        LSQR iteration =  41   relative error =  0.854398
        LSQR iteration =  42   relative error =  0.854374
        LSQR iteration =  43   relative error =  0.854356
        LSQR iteration =  44   relative error =  0.854340
        LSQR iteration =  45   relative error =  0.854327
        LSQR iteration =  46   relative error =  0.854317
        LSQR iteration =  47   relative error =  0.854309
        LSQR iteration =  48   relative error =  0.854302
        LSQR iteration =  49   relative error =  0.854296
        LSQR iteration =  50   relative error =  0.854292
        LSQR iteration =  51   relative error =  0.854288
      Slowness model updated.
      Iteration number =   2
      Begin forward computations:
        Source number    1: Traveltimes done.
                            Raypaths done.
                            Number of Jacobian matrix elements =     21177
        Source number    2: Traveltimes done.
                            Raypaths done.
                            Number of Jacobian matrix elements =     21354
        Source number    3: Traveltimes done.
                            Raypaths done.
                            Number of Jacobian matrix elements =     21464
        Source number    4: Traveltimes done.
                            Raypaths done.
                            Number of Jacobian matrix elements =     21778
        Source number    5: Traveltimes done.
                            Raypaths done.
                            Number of Jacobian matrix elements =     21891
        Source number    6: Traveltimes done.
                            Raypaths done.
                            Number of Jacobian matrix elements =     22131
        Source number    7: Traveltimes done.
                            Raypaths done.
                            Number of Jacobian matrix elements =     22248
        Source number    8: Traveltimes done.
                            Raypaths done.
                            Number of Jacobian matrix elements =     22326
        Source number    9: Traveltimes done.
                            Raypaths done.
                            Number of Jacobian matrix elements =     22408
        Source number   10: Traveltimes done.
                            Raypaths done.
                            Number of Jacobian matrix elements =     22624
        Source number   11: Traveltimes done.
                            Raypaths done.
                            Number of Jacobian matrix elements =     22678
        Source number   12: Traveltimes done.
                            Raypaths done.
                            Number of Jacobian matrix elements =     22725
        Source number   13: Traveltimes done.
                            Raypaths done.
                            Number of Jacobian matrix elements =     23014
        Source number   14: Traveltimes done.
                            Raypaths done.
                            Number of Jacobian matrix elements =     23110
        Source number   15: Traveltimes done.
                            Raypaths done.
                            Number of Jacobian matrix elements =     23255
        Source number   16: Traveltimes done.
                            Raypaths done.
                            Number of Jacobian matrix elements =     23343
        Source number   17: Traveltimes done.
                            Raypaths done.
                            Number of Jacobian matrix elements =     23405
        Source number   18: Traveltimes done.
                            Raypaths done.
                            Number of Jacobian matrix elements =     23536
        Source number   19: Traveltimes done.
                            Raypaths done.
                            Number of Jacobian matrix elements =     23618
      Total number of raypaths=    139
      Total number of traveltimes used in inversion =   139
      Rms traveltime error = 1657.717 ms
      Slowness model scaled;   scalar =  1.01277
          Improved rms traveltime error = 1644.531 ms

      Velocity model output:
        Min/max horizontal coordinates =     -52.00       56.00
        Min/max vertical coordinates   =     -43.00       47.00
        Min/max velocities             =       1.87        2.69

      Ray density map output:
        Min/max horizontal coordinates =     -50.88       54.88
        Min/max vertical coordinates   =     -41.88       45.88
        Min/max ray densities          =       0.00       16.30

      Predicted traveltimes output.
