
  Begin Program PRONTO

      Run parameters loaded.

      Begin loading observed data:
      Source number =    1
        x =        8.19    z =      -21.49    Number of traveltimes =    18
      Source number =    2
        x =      -10.08    z =       -5.96    Number of traveltimes =     8
      Source number =    3
        x =      -10.08    z =       -5.96    Number of traveltimes =     7
      Source number =    4
        x =        6.05    z =       36.09    Number of traveltimes =    14
      Source number =    5
        x =       32.89    z =       18.85    Number of traveltimes =     7
      Source number =    6
        x =        3.72    z =       17.85    Number of traveltimes =    14
      Source number =    7
        x =        2.83    z =       -3.05    Number of traveltimes =     7
      Source number =    8
        x =        2.83    z =       -3.05    Number of traveltimes =     6
      Source number =    9
        x =       23.72    z =       19.27    Number of traveltimes =     3
      Source number =   10
        x =       18.12    z =        6.59    Number of traveltimes =     7
      Source number =   11
        x =       -5.38    z =       -5.50    Number of traveltimes =     7
      Source number =   12
        x =       -4.31    z =       -9.02    Number of traveltimes =     3
      Source number =   13
        x =      -36.85    z =       12.85    Number of traveltimes =     8
      Source number =   14
        x =      -27.07    z =      -30.07    Number of traveltimes =     5
      Source number =   15
        x =      -10.83    z =        6.36    Number of traveltimes =     8
      Source number =   16
        x =       -2.99    z =      -21.14    Number of traveltimes =     2
      Source number =   17
        x =      -22.45    z =      -13.97    Number of traveltimes =     4
      Source number =   18
        x =      -11.21    z =      -30.24    Number of traveltimes =     3
      Source number =   19
        x =      -45.20    z =       -6.67    Number of traveltimes =     4

      Total number of sources     =     19
      Total number of traveltimes =    135

      Min/max horizontal source/receiver coordinates =     -45.20      44.54
      Min/max vertical source/receiver coordinates   =     -30.24      36.09

      Slowness grid defined:
        Number of horizontal grid points    =     49
        Number of vertical grid points      =     41
        Number of slowness cells            =   1920
        Grid interval                       =       2.25
        Min/max horizontal grid coordinates =     -52.00       56.00
        Min/max vertical grid coordinates   =     -43.00       47.00

      Initial slowness model obtained from linear velocity formula.

      5 constraint operators defined:
        Operator #1:
                             0.00     0.00     0.00
                             0.00     2.00     0.00
                             0.00     0.00     0.00
        Operator #2:
                             0.00     0.00     0.00
                             0.00    -3.00     3.00
                             0.00     0.00     0.00
        Operator #3:
                             0.00     0.00     0.00
                             0.00    -3.00     0.00
                             0.00     3.00     0.00
        Operator #4:
                             0.00     0.00     0.00
                             8.00   -16.00     8.00
                             0.00     0.00     0.00
        Operator #5:
                             0.00     8.00     0.00
                             0.00   -16.00     0.00
                             0.00     8.00     0.00

      Reference slowness model identical to initial slowness model.

      Begin tomographic inversion procedure.
      Constraint equations loaded: Number of Jacobean matrix elements =   20768
      Iteration number =   1
      Begin forward computations:
        Source number    1: Traveltimes done.
                            Raypaths done.
                            Number of Jacobian matrix elements =     21176
        Source number    2: Traveltimes done.
                            Raypaths done.
                            Number of Jacobian matrix elements =     21339
        Source number    3: Traveltimes done.
                            Raypaths done.
                            Number of Jacobian matrix elements =     21471
        Source number    4: Traveltimes done.
                            Raypaths done.
                            Number of Jacobian matrix elements =     21825
        Source number    5: Traveltimes done.
                            Raypaths done.
                            Number of Jacobian matrix elements =     21964
        Source number    6: Traveltimes done.
                            Raypaths done.
                            Number of Jacobian matrix elements =     22232
        Source number    7: Traveltimes done.
                            Raypaths done.
                            Number of Jacobian matrix elements =     22368
        Source number    8: Traveltimes done.
                            Raypaths done.
                            Number of Jacobian matrix elements =     22477
        Source number    9: Traveltimes done.
                            Raypaths done.
                            Number of Jacobian matrix elements =     22595
        Source number   10: Traveltimes done.
                            Raypaths done.
                            Number of Jacobian matrix elements =     22747
        Source number   11: Traveltimes done.
                            Raypaths done.
                            Number of Jacobian matrix elements =     22902
        Source number   12: Traveltimes done.
                            Raypaths done.
                            Number of Jacobian matrix elements =     22953
        Source number   13: Traveltimes done.
                            Raypaths done.
                            Number of Jacobian matrix elements =     23164
        Source number   14: Traveltimes done.
                            Raypaths done.
                            Number of Jacobian matrix elements =     23243
        Source number   15: Traveltimes done.
                            Raypaths done.
                            Number of Jacobian matrix elements =     23405
        Source number   16: Traveltimes done.
                            Raypaths done.
                            Number of Jacobian matrix elements =     23443
        Source number   17: Traveltimes done.
                            Raypaths done.
                            Number of Jacobian matrix elements =     23505
        Source number   18: Traveltimes done.
                            Raypaths done.
                            Number of Jacobian matrix elements =     23552
        Source number   19: Traveltimes done.
                            Raypaths done.
                            Number of Jacobian matrix elements =     23636
      Total number of raypaths=    135
      Total number of traveltimes used in inversion =   135
      Rms traveltime error = 1995.650 ms
      Slowness model scaled;   scalar =  1.07773
          Improved rms traveltime error = 1583.946 ms
      Begin inverse computations:
        LSQR iteration =   1   relative error =  0.971149
        LSQR iteration =   2   relative error =  0.938734
        LSQR iteration =   3   relative error =  0.909199
        LSQR iteration =   4   relative error =  0.888069
        LSQR iteration =   5   relative error =  0.872264
        LSQR iteration =   6   relative error =  0.861357
        LSQR iteration =   7   relative error =  0.852480
        LSQR iteration =   8   relative error =  0.844901
        LSQR iteration =   9   relative error =  0.838328
        LSQR iteration =  10   relative error =  0.832781
        LSQR iteration =  11   relative error =  0.828458
        LSQR iteration =  12   relative error =  0.824943
        LSQR iteration =  13   relative error =  0.821939
        LSQR iteration =  14   relative error =  0.819400
        LSQR iteration =  15   relative error =  0.817147
        LSQR iteration =  16   relative error =  0.815258
        LSQR iteration =  17   relative error =  0.813578
        LSQR iteration =  18   relative error =  0.812053
        LSQR iteration =  19   relative error =  0.810631
        LSQR iteration =  20   relative error =  0.809247
        LSQR iteration =  21   relative error =  0.808031
        LSQR iteration =  22   relative error =  0.807017
        LSQR iteration =  23   relative error =  0.806078
        LSQR iteration =  24   relative error =  0.805213
        LSQR iteration =  25   relative error =  0.804425
        LSQR iteration =  26   relative error =  0.803748
        LSQR iteration =  27   relative error =  0.803173
        LSQR iteration =  28   relative error =  0.802653
        LSQR iteration =  29   relative error =  0.802220
        LSQR iteration =  30   relative error =  0.801857
        LSQR iteration =  31   relative error =  0.801533
        LSQR iteration =  32   relative error =  0.801264
        LSQR iteration =  33   relative error =  0.801052
        LSQR iteration =  34   relative error =  0.800881
        LSQR iteration =  35   relative error =  0.800746
        LSQR iteration =  36   relative error =  0.800629
        LSQR iteration =  37   relative error =  0.800540
        LSQR iteration =  38   relative error =  0.800465
        LSQR iteration =  39   relative error =  0.800399
        LSQR iteration =  40   relative error =  0.800341
        LSQR iteration =  41   relative error =  0.800297
        LSQR iteration =  42   relative error =  0.800259
        LSQR iteration =  43   relative error =  0.800230
        LSQR iteration =  44   relative error =  0.800206
        LSQR iteration =  45   relative error =  0.800187
        LSQR iteration =  46   relative error =  0.800172
        LSQR iteration =  47   relative error =  0.800160
        LSQR iteration =  48   relative error =  0.800148
        LSQR iteration =  49   relative error =  0.800139
        LSQR iteration =  50   relative error =  0.800132
        LSQR iteration =  51   relative error =  0.800126
      Slowness model updated.
      Iteration number =   2
      Begin forward computations:
        Source number    1: Traveltimes done.
                            Raypaths done.
                            Number of Jacobian matrix elements =     21176
        Source number    2: Traveltimes done.
                            Raypaths done.
                            Number of Jacobian matrix elements =     21339
        Source number    3: Traveltimes done.
                            Raypaths done.
                            Number of Jacobian matrix elements =     21471
        Source number    4: Traveltimes done.
                            Raypaths done.
                            Number of Jacobian matrix elements =     21826
        Source number    5: Traveltimes done.
                            Raypaths done.
                            Number of Jacobian matrix elements =     21968
        Source number    6: Traveltimes done.
                            Raypaths done.
                            Number of Jacobian matrix elements =     22236
        Source number    7: Traveltimes done.
                            Raypaths done.
                            Number of Jacobian matrix elements =     22372
        Source number    8: Traveltimes done.
                            Raypaths done.
                            Number of Jacobian matrix elements =     22481
        Source number    9: Traveltimes done.
                            Raypaths done.
                            Number of Jacobian matrix elements =     22600
        Source number   10: Traveltimes done.
                            Raypaths done.
                            Number of Jacobian matrix elements =     22754
        Source number   11: Traveltimes done.
                            Raypaths done.
                            Number of Jacobian matrix elements =     22909
        Source number   12: Traveltimes done.
                            Raypaths done.
                            Number of Jacobian matrix elements =     22960
        Source number   13: Traveltimes done.
                            Raypaths done.
                            Number of Jacobian matrix elements =     23172
        Source number   14: Traveltimes done.
                            Raypaths done.
                            Number of Jacobian matrix elements =     23251
        Source number   15: Traveltimes done.
                            Raypaths done.
                            Number of Jacobian matrix elements =     23414
        Source number   16: Traveltimes done.
                            Raypaths done.
                            Number of Jacobian matrix elements =     23452
        Source number   17: Traveltimes done.
                            Raypaths done.
                            Number of Jacobian matrix elements =     23514
        Source number   18: Traveltimes done.
                            Raypaths done.
                            Number of Jacobian matrix elements =     23561
        Source number   19: Traveltimes done.
                            Raypaths done.
                            Number of Jacobian matrix elements =     23643
      Total number of raypaths=    135
      Total number of traveltimes used in inversion =   135
      Rms traveltime error = 1253.209 ms
      Slowness model scaled;   scalar =  1.01376
          Improved rms traveltime error = 1232.134 ms

      Velocity model output:
        Min/max horizontal coordinates =     -52.00       56.00
        Min/max vertical coordinates   =     -43.00       47.00
        Min/max velocities             =       1.92        2.83

      Ray density map output:
        Min/max horizontal coordinates =     -50.88       54.88
        Min/max vertical coordinates   =     -41.88       45.88
        Min/max ray densities          =       0.00       17.06

      Predicted traveltimes output.
