
  Begin Program PRONTO

      Run parameters loaded.

      Begin loading observed data:
      Source number =    1
        x =        8.19    z =      -21.49    Number of traveltimes =    16
      Source number =    2
        x =      -10.08    z =       -5.96    Number of traveltimes =     6
      Source number =    3
        x =      -10.08    z =       -5.96    Number of traveltimes =     6
      Source number =    4
        x =        6.05    z =       36.09    Number of traveltimes =    18
      Source number =    5
        x =       32.89    z =       18.85    Number of traveltimes =     7
      Source number =    6
        x =        3.72    z =       17.85    Number of traveltimes =    14
      Source number =    7
        x =        2.83    z =       -3.05    Number of traveltimes =     7
      Source number =    8
        x =        2.83    z =       -3.05    Number of traveltimes =     6
      Source number =    9
        x =       23.72    z =       19.27    Number of traveltimes =     5
      Source number =   10
        x =       18.12    z =        6.59    Number of traveltimes =     5
      Source number =   11
        x =       -5.38    z =       -5.50    Number of traveltimes =     4
      Source number =   12
        x =       -4.31    z =       -9.02    Number of traveltimes =     5
      Source number =   13
        x =      -36.85    z =       12.85    Number of traveltimes =    10
      Source number =   14
        x =      -27.07    z =      -30.07    Number of traveltimes =     6
      Source number =   15
        x =      -10.83    z =        6.36    Number of traveltimes =     6
      Source number =   16
        x =       -2.99    z =      -21.14    Number of traveltimes =     4
      Source number =   17
        x =      -22.45    z =      -13.97    Number of traveltimes =     6
      Source number =   18
        x =      -11.21    z =      -30.24    Number of traveltimes =     5
      Source number =   19
        x =      -45.20    z =       -6.67    Number of traveltimes =     4
      Source number =   20
        x =       -0.11    z =       -1.87    Number of traveltimes =     2
      Source number =   21
        x =       -0.11    z =       -1.87    Number of traveltimes =     2

      Total number of sources     =     21
      Total number of traveltimes =    144

      Min/max horizontal source/receiver coordinates =     -45.20      44.54
      Min/max vertical source/receiver coordinates   =     -30.24      36.09

      Slowness grid defined:
        Number of horizontal grid points    =     49
        Number of vertical grid points      =     41
        Number of slowness cells            =   1920
        Grid interval                       =       2.25
        Min/max horizontal grid coordinates =     -52.00       56.00
        Min/max vertical grid coordinates   =     -43.00       47.00

      Initial slowness model obtained from linear velocity formula.

      5 constraint operators defined:
        Operator #1:
                             0.00     0.00     0.00
                             0.00     2.00     0.00
                             0.00     0.00     0.00
        Operator #2:
                             0.00     0.00     0.00
                             0.00    -3.00     3.00
                             0.00     0.00     0.00
        Operator #3:
                             0.00     0.00     0.00
                             0.00    -3.00     0.00
                             0.00     3.00     0.00
        Operator #4:
                             0.00     0.00     0.00
                             8.00   -16.00     8.00
                             0.00     0.00     0.00
        Operator #5:
                             0.00     8.00     0.00
                             0.00   -16.00     0.00
                             0.00     8.00     0.00

      Reference slowness model identical to initial slowness model.

      Begin tomographic inversion procedure.
      Constraint equations loaded: Number of Jacobean matrix elements =   20768
      Iteration number =   1
      Begin forward computations:
        Source number    1: Traveltimes done.
                            Raypaths done.
                            Number of Jacobian matrix elements =     21123
        Source number    2: Traveltimes done.
                            Raypaths done.
                            Number of Jacobian matrix elements =     21240
        Source number    3: Traveltimes done.
                            Raypaths done.
                            Number of Jacobian matrix elements =     21362
        Source number    4: Traveltimes done.
                            Raypaths done.
                            Number of Jacobian matrix elements =     21837
        Source number    5: Traveltimes done.
                            Raypaths done.
                            Number of Jacobian matrix elements =     22040
        Source number    6: Traveltimes done.
                            Raypaths done.
                            Number of Jacobian matrix elements =     22292
        Source number    7: Traveltimes done.
                            Raypaths done.
                            Number of Jacobian matrix elements =     22458
        Source number    8: Traveltimes done.
                            Raypaths done.
                            Number of Jacobian matrix elements =     22569
        Source number    9: Traveltimes done.
                            Raypaths done.
                            Number of Jacobian matrix elements =     22749
        Source number   10: Traveltimes done.
                            Raypaths done.
                            Number of Jacobian matrix elements =     22855
        Source number   11: Traveltimes done.
                            Raypaths done.
                            Number of Jacobian matrix elements =     22964
        Source number   12: Traveltimes done.
                            Raypaths done.
                            Number of Jacobian matrix elements =     23100
        Source number   13: Traveltimes done.
                            Raypaths done.
                            Number of Jacobian matrix elements =     23374
        Source number   14: Traveltimes done.
                            Raypaths done.
                            Number of Jacobian matrix elements =     23474
        Source number   15: Traveltimes done.
                            Raypaths done.
                            Number of Jacobian matrix elements =     23564
        Source number   16: Traveltimes done.
                            Raypaths done.
                            Number of Jacobian matrix elements =     23626
        Source number   17: Traveltimes done.
                            Raypaths done.
                            Number of Jacobian matrix elements =     23788
        Source number   18: Traveltimes done.
                            Raypaths done.
                            Number of Jacobian matrix elements =     23873
        Source number   19: Traveltimes done.
                            Raypaths done.
                            Number of Jacobian matrix elements =     23957
        Source number   20: Traveltimes done.
                            Raypaths done.
                            Number of Jacobian matrix elements =     24025
        Source number   21: Traveltimes done.
                            Raypaths done.
                            Number of Jacobian matrix elements =     24093
      Total number of raypaths=    144
      Total number of traveltimes used in inversion =   144
      Rms traveltime error = 2374.126 ms
      Slowness model scaled;   scalar =  1.03240
          Improved rms traveltime error = 2310.213 ms
      Begin inverse computations:
        LSQR iteration =   1   relative error =  0.971813
        LSQR iteration =   2   relative error =  0.943035
        LSQR iteration =   3   relative error =  0.924601
        LSQR iteration =   4   relative error =  0.913567
        LSQR iteration =   5   relative error =  0.904352
        LSQR iteration =   6   relative error =  0.897094
        LSQR iteration =   7   relative error =  0.891593
        LSQR iteration =   8   relative error =  0.887534
        LSQR iteration =   9   relative error =  0.884548
        LSQR iteration =  10   relative error =  0.882292
        LSQR iteration =  11   relative error =  0.880497
        LSQR iteration =  12   relative error =  0.879096
        LSQR iteration =  13   relative error =  0.877960
        LSQR iteration =  14   relative error =  0.877086
        LSQR iteration =  15   relative error =  0.876418
        LSQR iteration =  16   relative error =  0.875910
        LSQR iteration =  17   relative error =  0.875488
        LSQR iteration =  18   relative error =  0.875152
        LSQR iteration =  19   relative error =  0.874895
        LSQR iteration =  20   relative error =  0.874685
        LSQR iteration =  21   relative error =  0.874505
        LSQR iteration =  22   relative error =  0.874354
        LSQR iteration =  23   relative error =  0.874229
        LSQR iteration =  24   relative error =  0.874121
        LSQR iteration =  25   relative error =  0.874022
        LSQR iteration =  26   relative error =  0.873936
        LSQR iteration =  27   relative error =  0.873861
        LSQR iteration =  28   relative error =  0.873792
        LSQR iteration =  29   relative error =  0.873731
        LSQR iteration =  30   relative error =  0.873680
        LSQR iteration =  31   relative error =  0.873636
        LSQR iteration =  32   relative error =  0.873596
        LSQR iteration =  33   relative error =  0.873563
        LSQR iteration =  34   relative error =  0.873532
        LSQR iteration =  35   relative error =  0.873509
        LSQR iteration =  36   relative error =  0.873485
        LSQR iteration =  37   relative error =  0.873468
        LSQR iteration =  38   relative error =  0.873453
        LSQR iteration =  39   relative error =  0.873437
        LSQR iteration =  40   relative error =  0.873424
        LSQR iteration =  41   relative error =  0.873414
        LSQR iteration =  42   relative error =  0.873404
        LSQR iteration =  43   relative error =  0.873395
        LSQR iteration =  44   relative error =  0.873387
        LSQR iteration =  45   relative error =  0.873382
        LSQR iteration =  46   relative error =  0.873378
        LSQR iteration =  47   relative error =  0.873375
        LSQR iteration =  48   relative error =  0.873371
        LSQR iteration =  49   relative error =  0.873368
        LSQR iteration =  50   relative error =  0.873366
        LSQR iteration =  51   relative error =  0.873365
      Slowness model updated.
      Iteration number =   2
      Begin forward computations:
        Source number    1: Traveltimes done.
                            Raypaths done.
                            Number of Jacobian matrix elements =     21123
        Source number    2: Traveltimes done.
                            Raypaths done.
                            Number of Jacobian matrix elements =     21240
        Source number    3: Traveltimes done.
                            Raypaths done.
                            Number of Jacobian matrix elements =     21362
        Source number    4: Traveltimes done.
                            Raypaths done.
                            Number of Jacobian matrix elements =     21843
        Source number    5: Traveltimes done.
                            Raypaths done.
                            Number of Jacobian matrix elements =     22046
        Source number    6: Traveltimes done.
                            Raypaths done.
                            Number of Jacobian matrix elements =     22302
        Source number    7: Traveltimes done.
                            Raypaths done.
                            Number of Jacobian matrix elements =     22468
        Source number    8: Traveltimes done.
                            Raypaths done.
                            Number of Jacobian matrix elements =     22579
        Source number    9: Traveltimes done.
                            Raypaths done.
                            Number of Jacobian matrix elements =     22759
        Source number   10: Traveltimes done.
                            Raypaths done.
                            Number of Jacobian matrix elements =     22865
        Source number   11: Traveltimes done.
                            Raypaths done.
                            Number of Jacobian matrix elements =     22974
        Source number   12: Traveltimes done.
                            Raypaths done.
                            Number of Jacobian matrix elements =     23110
        Source number   13: Traveltimes done.
                            Raypaths done.
                            Number of Jacobian matrix elements =     23388
        Source number   14: Traveltimes done.
                            Raypaths done.
                            Number of Jacobian matrix elements =     23488
        Source number   15: Traveltimes done.
                            Raypaths done.
                            Number of Jacobian matrix elements =     23580
        Source number   16: Traveltimes done.
                            Raypaths done.
                            Number of Jacobian matrix elements =     23642
        Source number   17: Traveltimes done.
                            Raypaths done.
                            Number of Jacobian matrix elements =     23804
        Source number   18: Traveltimes done.
                            Raypaths done.
                            Number of Jacobian matrix elements =     23889
        Source number   19: Traveltimes done.
                            Raypaths done.
                            Number of Jacobian matrix elements =     23973
        Source number   20: Traveltimes done.
                            Raypaths done.
                            Number of Jacobian matrix elements =     24041
        Source number   21: Traveltimes done.
                            Raypaths done.
                            Number of Jacobian matrix elements =     24109
      Total number of raypaths=    144
      Total number of traveltimes used in inversion =   144
      Rms traveltime error = 2039.324 ms
      Slowness model scaled;   scalar =  1.01916
          Improved rms traveltime error = 2012.699 ms

      Velocity model output:
        Min/max horizontal coordinates =     -52.00       56.00
        Min/max vertical coordinates   =     -43.00       47.00
        Min/max velocities             =       1.98        3.01

      Ray density map output:
        Min/max horizontal coordinates =     -50.88       54.88
        Min/max vertical coordinates   =     -41.88       45.88
        Min/max ray densities          =       0.00       24.20

      Predicted traveltimes output.
