
  Begin Program PRONTO

      Run parameters loaded.

      Begin loading observed data:
      Source number =    1
        x =        8.19    z =      -21.49    Number of traveltimes =     7
      Source number =    2
        x =      -10.08    z =       -5.96    Number of traveltimes =     7
      Source number =    3
        x =      -10.08    z =       -5.96    Number of traveltimes =     7
      Source number =    4
        x =        6.05    z =       36.09    Number of traveltimes =    16
      Source number =    5
        x =       32.89    z =       18.85    Number of traveltimes =     8
      Source number =    6
        x =        3.72    z =       17.85    Number of traveltimes =     8
      Source number =    7
        x =        2.83    z =       -3.05    Number of traveltimes =     5
      Source number =    8
        x =        2.83    z =       -3.05    Number of traveltimes =     5
      Source number =    9
        x =       23.72    z =       19.27    Number of traveltimes =     6
      Source number =   10
        x =       18.12    z =        6.59    Number of traveltimes =     8
      Source number =   11
        x =       -5.38    z =       -5.50    Number of traveltimes =     5
      Source number =   12
        x =       -4.31    z =       -9.02    Number of traveltimes =     3
      Source number =   13
        x =      -36.85    z =       12.85    Number of traveltimes =     5
      Source number =   14
        x =      -27.07    z =      -30.07    Number of traveltimes =     3
      Source number =   15
        x =      -10.83    z =        6.36    Number of traveltimes =     3
      Source number =   16
        x =       -2.99    z =      -21.14    Number of traveltimes =     1
      Source number =   17
        x =      -22.45    z =      -13.97    Number of traveltimes =     5
      Source number =   18
        x =      -11.21    z =      -30.24    Number of traveltimes =     3
      Source number =   19
        x =      -45.20    z =       -6.67    Number of traveltimes =     2
      Source number =   20
        x =      -12.64    z =      -12.65    Number of traveltimes =     2
      Source number =   21
        x =      -12.64    z =      -12.65    Number of traveltimes =     2
      Source number =   22
        x =       -0.11    z =       -1.87    Number of traveltimes =     2
      Source number =   23
        x =       -0.11    z =       -1.87    Number of traveltimes =     2

      Total number of sources     =     23
      Total number of traveltimes =    115

      Min/max horizontal source/receiver coordinates =     -45.20      44.54
      Min/max vertical source/receiver coordinates   =     -30.24      36.09

      Slowness grid defined:
        Number of horizontal grid points    =     49
        Number of vertical grid points      =     41
        Number of slowness cells            =   1920
        Grid interval                       =       2.25
        Min/max horizontal grid coordinates =     -52.00       56.00
        Min/max vertical grid coordinates   =     -43.00       47.00

      Initial slowness model obtained from linear velocity formula.

      5 constraint operators defined:
        Operator #1:
                             0.00     0.00     0.00
                             0.00     2.00     0.00
                             0.00     0.00     0.00
        Operator #2:
                             0.00     0.00     0.00
                             0.00    -3.00     3.00
                             0.00     0.00     0.00
        Operator #3:
                             0.00     0.00     0.00
                             0.00    -3.00     0.00
                             0.00     3.00     0.00
        Operator #4:
                             0.00     0.00     0.00
                             8.00   -16.00     8.00
                             0.00     0.00     0.00
        Operator #5:
                             0.00     8.00     0.00
                             0.00   -16.00     0.00
                             0.00     8.00     0.00

      Reference slowness model identical to initial slowness model.

      Begin tomographic inversion procedure.
      Constraint equations loaded: Number of Jacobean matrix elements =   20768
      Iteration number =   1
      Begin forward computations:
        Source number    1: Traveltimes done.
                            Raypaths done.
                            Number of Jacobian matrix elements =     20953
        Source number    2: Traveltimes done.
                            Raypaths done.
                            Number of Jacobian matrix elements =     21152
        Source number    3: Traveltimes done.
                            Raypaths done.
                            Number of Jacobian matrix elements =     21331
        Source number    4: Traveltimes done.
                            Raypaths done.
                            Number of Jacobian matrix elements =     21753
        Source number    5: Traveltimes done.
                            Raypaths done.
                            Number of Jacobian matrix elements =     22011
        Source number    6: Traveltimes done.
                            Raypaths done.
                            Number of Jacobian matrix elements =     22203
        Source number    7: Traveltimes done.
                            Raypaths done.
                            Number of Jacobian matrix elements =     22338
        Source number    8: Traveltimes done.
                            Raypaths done.
                            Number of Jacobian matrix elements =     22473
        Source number    9: Traveltimes done.
                            Raypaths done.
                            Number of Jacobian matrix elements =     22676
        Source number   10: Traveltimes done.
                            Raypaths done.
                            Number of Jacobian matrix elements =     22890
        Source number   11: Traveltimes done.
                            Raypaths done.
                            Number of Jacobian matrix elements =     23031
        Source number   12: Traveltimes done.
                            Raypaths done.
                            Number of Jacobian matrix elements =     23134
        Source number   13: Traveltimes done.
                            Raypaths done.
                            Number of Jacobian matrix elements =     23255
        Source number   14: Traveltimes done.
                            Raypaths done.
                            Number of Jacobian matrix elements =     23314
        Source number   15: Traveltimes done.
                            Raypaths done.
                            Number of Jacobian matrix elements =     23407
        Source number   16: Traveltimes done.
                            Raypaths done.
                            Number of Jacobian matrix elements =     23433
        Source number   17: Traveltimes done.
                            Raypaths done.
                            Number of Jacobian matrix elements =     23582
        Source number   18: Traveltimes done.
                            Raypaths done.
                            Number of Jacobian matrix elements =     23713
        Source number   19: Traveltimes done.
                            Raypaths done.
                            Number of Jacobian matrix elements =     23761
        Source number   20: Traveltimes done.
                            Raypaths done.
                            Number of Jacobian matrix elements =     23851
        Source number   21: Traveltimes done.
                            Raypaths done.
                            Number of Jacobian matrix elements =     23941
        Source number   22: Traveltimes done.
                            Raypaths done.
                            Number of Jacobian matrix elements =     24009
        Source number   23: Traveltimes done.
                            Raypaths done.
                            Number of Jacobian matrix elements =     24077
      Total number of raypaths=    115
      Total number of traveltimes used in inversion =   115
      Rms traveltime error = 3054.436 ms
      Slowness model scaled;   scalar =  0.96132
          Improved rms traveltime error = 2955.600 ms
      Begin inverse computations:
        LSQR iteration =   1   relative error =  0.969682
        LSQR iteration =   2   relative error =  0.941110
        LSQR iteration =   3   relative error =  0.918581
        LSQR iteration =   4   relative error =  0.902067
        LSQR iteration =   5   relative error =  0.889999
        LSQR iteration =   6   relative error =  0.882271
        LSQR iteration =   7   relative error =  0.876676
        LSQR iteration =   8   relative error =  0.872317
        LSQR iteration =   9   relative error =  0.868681
        LSQR iteration =  10   relative error =  0.865705
        LSQR iteration =  11   relative error =  0.863157
        LSQR iteration =  12   relative error =  0.861036
        LSQR iteration =  13   relative error =  0.859289
        LSQR iteration =  14   relative error =  0.857924
        LSQR iteration =  15   relative error =  0.856844
        LSQR iteration =  16   relative error =  0.855988
        LSQR iteration =  17   relative error =  0.855275
        LSQR iteration =  18   relative error =  0.854694
        LSQR iteration =  19   relative error =  0.854223
        LSQR iteration =  20   relative error =  0.853834
        LSQR iteration =  21   relative error =  0.853504
        LSQR iteration =  22   relative error =  0.853228
        LSQR iteration =  23   relative error =  0.852995
        LSQR iteration =  24   relative error =  0.852796
        LSQR iteration =  25   relative error =  0.852625
        LSQR iteration =  26   relative error =  0.852473
        LSQR iteration =  27   relative error =  0.852340
        LSQR iteration =  28   relative error =  0.852226
        LSQR iteration =  29   relative error =  0.852126
        LSQR iteration =  30   relative error =  0.852041
        LSQR iteration =  31   relative error =  0.851967
        LSQR iteration =  32   relative error =  0.851901
        LSQR iteration =  33   relative error =  0.851842
        LSQR iteration =  34   relative error =  0.851785
        LSQR iteration =  35   relative error =  0.851739
        LSQR iteration =  36   relative error =  0.851696
        LSQR iteration =  37   relative error =  0.851664
        LSQR iteration =  38   relative error =  0.851636
        LSQR iteration =  39   relative error =  0.851610
        LSQR iteration =  40   relative error =  0.851591
        LSQR iteration =  41   relative error =  0.851577
        LSQR iteration =  42   relative error =  0.851562
        LSQR iteration =  43   relative error =  0.851549
        LSQR iteration =  44   relative error =  0.851541
        LSQR iteration =  45   relative error =  0.851534
        LSQR iteration =  46   relative error =  0.851527
        LSQR iteration =  47   relative error =  0.851520
        LSQR iteration =  48   relative error =  0.851515
        LSQR iteration =  49   relative error =  0.851511
        LSQR iteration =  50   relative error =  0.851508
        LSQR iteration =  51   relative error =  0.851506
      Slowness model updated.
      Iteration number =   2
      Begin forward computations:
        Source number    1: Traveltimes done.
                            Raypaths done.
                            Number of Jacobian matrix elements =     20953
        Source number    2: Traveltimes done.
                            Raypaths done.
                            Number of Jacobian matrix elements =     21152
        Source number    3: Traveltimes done.
                            Raypaths done.
                            Number of Jacobian matrix elements =     21332
        Source number    4: Traveltimes done.
                            Raypaths done.
                            Number of Jacobian matrix elements =     21757
        Source number    5: Traveltimes done.
                            Raypaths done.
                            Number of Jacobian matrix elements =     22018
        Source number    6: Traveltimes done.
                            Raypaths done.
                            Number of Jacobian matrix elements =     22213
        Source number    7: Traveltimes done.
                            Raypaths done.
                            Number of Jacobian matrix elements =     22350
        Source number    8: Traveltimes done.
                            Raypaths done.
                            Number of Jacobian matrix elements =     22487
        Source number    9: Traveltimes done.
                            Raypaths done.
                            Number of Jacobian matrix elements =     22693
        Source number   10: Traveltimes done.
                            Raypaths done.
                            Number of Jacobian matrix elements =     22910
        Source number   11: Traveltimes done.
                            Raypaths done.
                            Number of Jacobian matrix elements =     23053
        Source number   12: Traveltimes done.
                            Raypaths done.
                            Number of Jacobian matrix elements =     23156
        Source number   13: Traveltimes done.
                            Raypaths done.
                            Number of Jacobian matrix elements =     23277
        Source number   14: Traveltimes done.
                            Raypaths done.
                            Number of Jacobian matrix elements =     23336
        Source number   15: Traveltimes done.
                            Raypaths done.
                            Number of Jacobian matrix elements =     23430
        Source number   16: Traveltimes done.
                            Raypaths done.
                            Number of Jacobian matrix elements =     23456
        Source number   17: Traveltimes done.
                            Raypaths done.
                            Number of Jacobian matrix elements =     23605
        Source number   18: Traveltimes done.
                            Raypaths done.
                            Number of Jacobian matrix elements =     23736
        Source number   19: Traveltimes done.
                            Raypaths done.
                            Number of Jacobian matrix elements =     23786
        Source number   20: Traveltimes done.
                            Raypaths done.
                            Number of Jacobian matrix elements =     23876
        Source number   21: Traveltimes done.
                            Raypaths done.
                            Number of Jacobian matrix elements =     23966
        Source number   22: Traveltimes done.
                            Raypaths done.
                            Number of Jacobian matrix elements =     24034
        Source number   23: Traveltimes done.
                            Raypaths done.
                            Number of Jacobian matrix elements =     24102
      Total number of raypaths=    115
      Total number of traveltimes used in inversion =   115
      Rms traveltime error = 2695.684 ms
      Slowness model scaled;   scalar =  1.03809
          Improved rms traveltime error = 2601.944 ms

      Velocity model output:
        Min/max horizontal coordinates =     -52.00       56.00
        Min/max vertical coordinates   =     -43.00       47.00
        Min/max velocities             =       1.97        3.22

      Ray density map output:
        Min/max horizontal coordinates =     -50.88       54.88
        Min/max vertical coordinates   =     -41.88       45.88
        Min/max ray densities          =       0.00       42.79

      Predicted traveltimes output.
