
  Begin Program PRONTO

      Run parameters loaded.

      Begin loading observed data:
      Source number =    1
        x =        8.19    z =      -21.49    Number of traveltimes =    12
      Source number =    2
        x =      -10.08    z =       -5.96    Number of traveltimes =     5
      Source number =    3
        x =      -10.08    z =       -5.96    Number of traveltimes =     4
      Source number =    4
        x =        6.05    z =       36.09    Number of traveltimes =    16
      Source number =    5
        x =       32.89    z =       18.85    Number of traveltimes =     6
      Source number =    6
        x =        3.72    z =       17.85    Number of traveltimes =    11
      Source number =    7
        x =        2.83    z =       -3.05    Number of traveltimes =     4
      Source number =    8
        x =        2.83    z =       -3.05    Number of traveltimes =     2
      Source number =    9
        x =       23.72    z =       19.27    Number of traveltimes =     7
      Source number =   10
        x =       18.12    z =        6.59    Number of traveltimes =     6
      Source number =   11
        x =       -5.38    z =       -5.50    Number of traveltimes =     4
      Source number =   12
        x =       -4.31    z =       -9.02    Number of traveltimes =     4
      Source number =   13
        x =      -36.85    z =       12.85    Number of traveltimes =     7
      Source number =   14
        x =      -27.07    z =      -30.07    Number of traveltimes =     5
      Source number =   15
        x =      -10.83    z =        6.36    Number of traveltimes =     3
      Source number =   16
        x =       -2.99    z =      -21.14    Number of traveltimes =     4
      Source number =   17
        x =      -22.45    z =      -13.97    Number of traveltimes =     5
      Source number =   18
        x =      -11.21    z =      -30.24    Number of traveltimes =     3
      Source number =   19
        x =      -45.20    z =       -6.67    Number of traveltimes =     2
      Source number =   20
        x =       -0.11    z =       -1.87    Number of traveltimes =     2
      Source number =   21
        x =       -0.11    z =       -1.87    Number of traveltimes =     2

      Total number of sources     =     21
      Total number of traveltimes =    114

      Min/max horizontal source/receiver coordinates =     -45.20      44.54
      Min/max vertical source/receiver coordinates   =     -30.24      36.09

      Slowness grid defined:
        Number of horizontal grid points    =     49
        Number of vertical grid points      =     41
        Number of slowness cells            =   1920
        Grid interval                       =       2.25
        Min/max horizontal grid coordinates =     -52.00       56.00
        Min/max vertical grid coordinates   =     -43.00       47.00

      Initial slowness model obtained from linear velocity formula.

      5 constraint operators defined:
        Operator #1:
                             0.00     0.00     0.00
                             0.00     2.00     0.00
                             0.00     0.00     0.00
        Operator #2:
                             0.00     0.00     0.00
                             0.00    -3.00     3.00
                             0.00     0.00     0.00
        Operator #3:
                             0.00     0.00     0.00
                             0.00    -3.00     0.00
                             0.00     3.00     0.00
        Operator #4:
                             0.00     0.00     0.00
                             8.00   -16.00     8.00
                             0.00     0.00     0.00
        Operator #5:
                             0.00     8.00     0.00
                             0.00   -16.00     0.00
                             0.00     8.00     0.00

      Reference slowness model identical to initial slowness model.

      Begin tomographic inversion procedure.
      Constraint equations loaded: Number of Jacobean matrix elements =   20768
      Iteration number =   1
      Begin forward computations:
        Source number    1: Traveltimes done.
                            Raypaths done.
                            Number of Jacobian matrix elements =     21054
        Source number    2: Traveltimes done.
                            Raypaths done.
                            Number of Jacobian matrix elements =     21153
        Source number    3: Traveltimes done.
                            Raypaths done.
                            Number of Jacobian matrix elements =     21273
        Source number    4: Traveltimes done.
                            Raypaths done.
                            Number of Jacobian matrix elements =     21699
        Source number    5: Traveltimes done.
                            Raypaths done.
                            Number of Jacobian matrix elements =     21920
        Source number    6: Traveltimes done.
                            Raypaths done.
                            Number of Jacobian matrix elements =     22135
        Source number    7: Traveltimes done.
                            Raypaths done.
                            Number of Jacobian matrix elements =     22253
        Source number    8: Traveltimes done.
                            Raypaths done.
                            Number of Jacobian matrix elements =     22303
        Source number    9: Traveltimes done.
                            Raypaths done.
                            Number of Jacobian matrix elements =     22524
        Source number   10: Traveltimes done.
                            Raypaths done.
                            Number of Jacobian matrix elements =     22671
        Source number   11: Traveltimes done.
                            Raypaths done.
                            Number of Jacobian matrix elements =     22791
        Source number   12: Traveltimes done.
                            Raypaths done.
                            Number of Jacobian matrix elements =     22915
        Source number   13: Traveltimes done.
                            Raypaths done.
                            Number of Jacobian matrix elements =     23079
        Source number   14: Traveltimes done.
                            Raypaths done.
                            Number of Jacobian matrix elements =     23168
        Source number   15: Traveltimes done.
                            Raypaths done.
                            Number of Jacobian matrix elements =     23223
        Source number   16: Traveltimes done.
                            Raypaths done.
                            Number of Jacobian matrix elements =     23351
        Source number   17: Traveltimes done.
                            Raypaths done.
                            Number of Jacobian matrix elements =     23500
        Source number   18: Traveltimes done.
                            Raypaths done.
                            Number of Jacobian matrix elements =     23631
        Source number   19: Traveltimes done.
                            Raypaths done.
                            Number of Jacobian matrix elements =     23679
        Source number   20: Traveltimes done.
                            Raypaths done.
                            Number of Jacobian matrix elements =     23747
        Source number   21: Traveltimes done.
                            Raypaths done.
                            Number of Jacobian matrix elements =     23815
      Total number of raypaths=    114
      Total number of traveltimes used in inversion =   114
      Rms traveltime error = 2542.260 ms
      Slowness model scaled;   scalar =  0.98838
          Improved rms traveltime error = 2532.715 ms
      Begin inverse computations:
        LSQR iteration =   1   relative error =  0.973044
        LSQR iteration =   2   relative error =  0.943697
        LSQR iteration =   3   relative error =  0.916406
        LSQR iteration =   4   relative error =  0.897345
        LSQR iteration =   5   relative error =  0.882731
        LSQR iteration =   6   relative error =  0.872292
        LSQR iteration =   7   relative error =  0.864253
        LSQR iteration =   8   relative error =  0.858045
        LSQR iteration =   9   relative error =  0.852795
        LSQR iteration =  10   relative error =  0.848624
        LSQR iteration =  11   relative error =  0.845337
        LSQR iteration =  12   relative error =  0.842815
        LSQR iteration =  13   relative error =  0.840890
        LSQR iteration =  14   relative error =  0.839466
        LSQR iteration =  15   relative error =  0.838365
        LSQR iteration =  16   relative error =  0.837484
        LSQR iteration =  17   relative error =  0.836745
        LSQR iteration =  18   relative error =  0.836129
        LSQR iteration =  19   relative error =  0.835640
        LSQR iteration =  20   relative error =  0.835263
        LSQR iteration =  21   relative error =  0.834958
        LSQR iteration =  22   relative error =  0.834707
        LSQR iteration =  23   relative error =  0.834505
        LSQR iteration =  24   relative error =  0.834342
        LSQR iteration =  25   relative error =  0.834206
        LSQR iteration =  26   relative error =  0.834092
        LSQR iteration =  27   relative error =  0.833993
        LSQR iteration =  28   relative error =  0.833906
        LSQR iteration =  29   relative error =  0.833834
        LSQR iteration =  30   relative error =  0.833772
        LSQR iteration =  31   relative error =  0.833721
        LSQR iteration =  32   relative error =  0.833677
        LSQR iteration =  33   relative error =  0.833639
        LSQR iteration =  34   relative error =  0.833604
        LSQR iteration =  35   relative error =  0.833575
        LSQR iteration =  36   relative error =  0.833549
        LSQR iteration =  37   relative error =  0.833530
        LSQR iteration =  38   relative error =  0.833512
        LSQR iteration =  39   relative error =  0.833496
        LSQR iteration =  40   relative error =  0.833484
        LSQR iteration =  41   relative error =  0.833475
        LSQR iteration =  42   relative error =  0.833466
        LSQR iteration =  43   relative error =  0.833459
        LSQR iteration =  44   relative error =  0.833453
        LSQR iteration =  45   relative error =  0.833448
        LSQR iteration =  46   relative error =  0.833444
        LSQR iteration =  47   relative error =  0.833441
        LSQR iteration =  48   relative error =  0.833438
        LSQR iteration =  49   relative error =  0.833435
        LSQR iteration =  50   relative error =  0.833433
        LSQR iteration =  51   relative error =  0.833431
      Slowness model updated.
      Iteration number =   2
      Begin forward computations:
        Source number    1: Traveltimes done.
                            Raypaths done.
                            Number of Jacobian matrix elements =     21054
        Source number    2: Traveltimes done.
                            Raypaths done.
                            Number of Jacobian matrix elements =     21154
        Source number    3: Traveltimes done.
                            Raypaths done.
                            Number of Jacobian matrix elements =     21274
        Source number    4: Traveltimes done.
                            Raypaths done.
                            Number of Jacobian matrix elements =     21705
        Source number    5: Traveltimes done.
                            Raypaths done.
                            Number of Jacobian matrix elements =     21927
        Source number    6: Traveltimes done.
                            Raypaths done.
                            Number of Jacobian matrix elements =     22147
        Source number    7: Traveltimes done.
                            Raypaths done.
                            Number of Jacobian matrix elements =     22265
        Source number    8: Traveltimes done.
                            Raypaths done.
                            Number of Jacobian matrix elements =     22315
        Source number    9: Traveltimes done.
                            Raypaths done.
                            Number of Jacobian matrix elements =     22537
        Source number   10: Traveltimes done.
                            Raypaths done.
                            Number of Jacobian matrix elements =     22685
        Source number   11: Traveltimes done.
                            Raypaths done.
                            Number of Jacobian matrix elements =     22805
        Source number   12: Traveltimes done.
                            Raypaths done.
                            Number of Jacobian matrix elements =     22929
        Source number   13: Traveltimes done.
                            Raypaths done.
                            Number of Jacobian matrix elements =     23093
        Source number   14: Traveltimes done.
                            Raypaths done.
                            Number of Jacobian matrix elements =     23182
        Source number   15: Traveltimes done.
                            Raypaths done.
                            Number of Jacobian matrix elements =     23239
        Source number   16: Traveltimes done.
                            Raypaths done.
                            Number of Jacobian matrix elements =     23367
        Source number   17: Traveltimes done.
                            Raypaths done.
                            Number of Jacobian matrix elements =     23516
        Source number   18: Traveltimes done.
                            Raypaths done.
                            Number of Jacobian matrix elements =     23647
        Source number   19: Traveltimes done.
                            Raypaths done.
                            Number of Jacobian matrix elements =     23695
        Source number   20: Traveltimes done.
                            Raypaths done.
                            Number of Jacobian matrix elements =     23763
        Source number   21: Traveltimes done.
                            Raypaths done.
                            Number of Jacobian matrix elements =     23831
      Total number of raypaths=    114
      Total number of traveltimes used in inversion =   114
      Rms traveltime error = 2218.772 ms
      Slowness model scaled;   scalar =  1.03453
          Improved rms traveltime error = 2128.458 ms

      Velocity model output:
        Min/max horizontal coordinates =     -52.00       56.00
        Min/max vertical coordinates   =     -43.00       47.00
        Min/max velocities             =       2.02        3.42

      Ray density map output:
        Min/max horizontal coordinates =     -50.88       54.88
        Min/max vertical coordinates   =     -41.88       45.88
        Min/max ray densities          =       0.00       26.85

      Predicted traveltimes output.
