
  Begin Program PRONTO

      Run parameters loaded.

      Begin loading observed data:
      Source number =    1
        x =        8.19    z =      -21.49    Number of traveltimes =     6
      Source number =    2
        x =      -10.08    z =       -5.96    Number of traveltimes =     5
      Source number =    3
        x =      -10.08    z =       -5.96    Number of traveltimes =     7
      Source number =    4
        x =        6.05    z =       36.09    Number of traveltimes =    11
      Source number =    5
        x =       32.89    z =       18.85    Number of traveltimes =     6
      Source number =    6
        x =        3.72    z =       17.85    Number of traveltimes =     7
      Source number =    7
        x =        2.83    z =       -3.05    Number of traveltimes =     5
      Source number =    8
        x =        2.83    z =       -3.05    Number of traveltimes =     5
      Source number =    9
        x =       23.72    z =       19.27    Number of traveltimes =     7
      Source number =   10
        x =       18.12    z =        6.59    Number of traveltimes =     8
      Source number =   11
        x =       -5.38    z =       -5.50    Number of traveltimes =     3
      Source number =   12
        x =       -4.31    z =       -9.02    Number of traveltimes =     5
      Source number =   13
        x =      -36.85    z =       12.85    Number of traveltimes =     2
      Source number =   14
        x =      -27.07    z =      -30.07    Number of traveltimes =     2
      Source number =   15
        x =      -10.83    z =        6.36    Number of traveltimes =     2
      Source number =   16
        x =       -2.99    z =      -21.14    Number of traveltimes =     1
      Source number =   17
        x =      -22.45    z =      -13.97    Number of traveltimes =     2
      Source number =   18
        x =      -11.21    z =      -30.24    Number of traveltimes =     1
      Source number =   19
        x =      -45.20    z =       -6.67    Number of traveltimes =     4

      Total number of sources     =     19
      Total number of traveltimes =     89

      Min/max horizontal source/receiver coordinates =     -45.20      44.54
      Min/max vertical source/receiver coordinates   =     -30.24      36.09

      Slowness grid defined:
        Number of horizontal grid points    =     49
        Number of vertical grid points      =     41
        Number of slowness cells            =   1920
        Grid interval                       =       2.25
        Min/max horizontal grid coordinates =     -52.00       56.00
        Min/max vertical grid coordinates   =     -43.00       47.00

      Initial slowness model obtained from linear velocity formula.

      5 constraint operators defined:
        Operator #1:
                             0.00     0.00     0.00
                             0.00     2.00     0.00
                             0.00     0.00     0.00
        Operator #2:
                             0.00     0.00     0.00
                             0.00    -3.00     3.00
                             0.00     0.00     0.00
        Operator #3:
                             0.00     0.00     0.00
                             0.00    -3.00     0.00
                             0.00     3.00     0.00
        Operator #4:
                             0.00     0.00     0.00
                             8.00   -16.00     8.00
                             0.00     0.00     0.00
        Operator #5:
                             0.00     8.00     0.00
                             0.00   -16.00     0.00
                             0.00     8.00     0.00

      Reference slowness model identical to initial slowness model.

      Begin tomographic inversion procedure.
      Constraint equations loaded: Number of Jacobean matrix elements =   20768
      Iteration number =   1
      Begin forward computations:
        Source number    1: Traveltimes done.
                            Raypaths done.
                            Number of Jacobian matrix elements =     20923
        Source number    2: Traveltimes done.
                            Raypaths done.
                            Number of Jacobian matrix elements =     21084
        Source number    3: Traveltimes done.
                            Raypaths done.
                            Number of Jacobian matrix elements =     21270
        Source number    4: Traveltimes done.
                            Raypaths done.
                            Number of Jacobian matrix elements =     21556
        Source number    5: Traveltimes done.
                            Raypaths done.
                            Number of Jacobian matrix elements =     21768
        Source number    6: Traveltimes done.
                            Raypaths done.
                            Number of Jacobian matrix elements =     21944
        Source number    7: Traveltimes done.
                            Raypaths done.
                            Number of Jacobian matrix elements =     22082
        Source number    8: Traveltimes done.
                            Raypaths done.
                            Number of Jacobian matrix elements =     22220
        Source number    9: Traveltimes done.
                            Raypaths done.
                            Number of Jacobian matrix elements =     22458
        Source number   10: Traveltimes done.
                            Raypaths done.
                            Number of Jacobian matrix elements =     22672
        Source number   11: Traveltimes done.
                            Raypaths done.
                            Number of Jacobian matrix elements =     22735
        Source number   12: Traveltimes done.
                            Raypaths done.
                            Number of Jacobian matrix elements =     22880
        Source number   13: Traveltimes done.
                            Raypaths done.
                            Number of Jacobian matrix elements =     22937
        Source number   14: Traveltimes done.
                            Raypaths done.
                            Number of Jacobian matrix elements =     22981
        Source number   15: Traveltimes done.
                            Raypaths done.
                            Number of Jacobian matrix elements =     23018
        Source number   16: Traveltimes done.
                            Raypaths done.
                            Number of Jacobian matrix elements =     23044
        Source number   17: Traveltimes done.
                            Raypaths done.
                            Number of Jacobian matrix elements =     23144
        Source number   18: Traveltimes done.
                            Raypaths done.
                            Number of Jacobian matrix elements =     23171
        Source number   19: Traveltimes done.
                            Raypaths done.
                            Number of Jacobian matrix elements =     23255
      Total number of raypaths=     89
      Total number of traveltimes used in inversion =    89
      Rms traveltime error = 3154.891 ms
      Slowness model scaled;   scalar =  0.94736
          Improved rms traveltime error = 2985.466 ms
      Begin inverse computations:
        LSQR iteration =   1   relative error =  0.963862
        LSQR iteration =   2   relative error =  0.930818
        LSQR iteration =   3   relative error =  0.905840
        LSQR iteration =   4   relative error =  0.886346
        LSQR iteration =   5   relative error =  0.870745
        LSQR iteration =   6   relative error =  0.859647
        LSQR iteration =   7   relative error =  0.851740
        LSQR iteration =   8   relative error =  0.846186
        LSQR iteration =   9   relative error =  0.841737
        LSQR iteration =  10   relative error =  0.838061
        LSQR iteration =  11   relative error =  0.834891
        LSQR iteration =  12   relative error =  0.832237
        LSQR iteration =  13   relative error =  0.830017
        LSQR iteration =  14   relative error =  0.828289
        LSQR iteration =  15   relative error =  0.826901
        LSQR iteration =  16   relative error =  0.825731
        LSQR iteration =  17   relative error =  0.824708
        LSQR iteration =  18   relative error =  0.823810
        LSQR iteration =  19   relative error =  0.823037
        LSQR iteration =  20   relative error =  0.822383
        LSQR iteration =  21   relative error =  0.821814
        LSQR iteration =  22   relative error =  0.821323
        LSQR iteration =  23   relative error =  0.820904
        LSQR iteration =  24   relative error =  0.820534
        LSQR iteration =  25   relative error =  0.820225
        LSQR iteration =  26   relative error =  0.819955
        LSQR iteration =  27   relative error =  0.819724
        LSQR iteration =  28   relative error =  0.819528
        LSQR iteration =  29   relative error =  0.819354
        LSQR iteration =  30   relative error =  0.819206
        LSQR iteration =  31   relative error =  0.819072
        LSQR iteration =  32   relative error =  0.818958
        LSQR iteration =  33   relative error =  0.818860
        LSQR iteration =  34   relative error =  0.818766
        LSQR iteration =  35   relative error =  0.818690
        LSQR iteration =  36   relative error =  0.818617
        LSQR iteration =  37   relative error =  0.818556
        LSQR iteration =  38   relative error =  0.818503
        LSQR iteration =  39   relative error =  0.818456
        LSQR iteration =  40   relative error =  0.818420
        LSQR iteration =  41   relative error =  0.818395
        LSQR iteration =  42   relative error =  0.818373
        LSQR iteration =  43   relative error =  0.818354
        LSQR iteration =  44   relative error =  0.818338
        LSQR iteration =  45   relative error =  0.818326
        LSQR iteration =  46   relative error =  0.818314
        LSQR iteration =  47   relative error =  0.818305
        LSQR iteration =  48   relative error =  0.818296
        LSQR iteration =  49   relative error =  0.818289
        LSQR iteration =  50   relative error =  0.818284
        LSQR iteration =  51   relative error =  0.818280
      Slowness model updated.
      Iteration number =   2
      Begin forward computations:
        Source number    1: Traveltimes done.
                            Raypaths done.
                            Number of Jacobian matrix elements =     20924
        Source number    2: Traveltimes done.
                            Raypaths done.
                            Number of Jacobian matrix elements =     21085
        Source number    3: Traveltimes done.
                            Raypaths done.
                            Number of Jacobian matrix elements =     21271
        Source number    4: Traveltimes done.
                            Raypaths done.
                            Number of Jacobian matrix elements =     21561
        Source number    5: Traveltimes done.
                            Raypaths done.
                            Number of Jacobian matrix elements =     21774
        Source number    6: Traveltimes done.
                            Raypaths done.
                            Number of Jacobian matrix elements =     21954
        Source number    7: Traveltimes done.
                            Raypaths done.
                            Number of Jacobian matrix elements =     22092
        Source number    8: Traveltimes done.
                            Raypaths done.
                            Number of Jacobian matrix elements =     22230
        Source number    9: Traveltimes done.
                            Raypaths done.
                            Number of Jacobian matrix elements =     22471
        Source number   10: Traveltimes done.
                            Raypaths done.
                            Number of Jacobian matrix elements =     22686
        Source number   11: Traveltimes done.
                            Raypaths done.
                            Number of Jacobian matrix elements =     22749
        Source number   12: Traveltimes done.
                            Raypaths done.
                            Number of Jacobian matrix elements =     22895
        Source number   13: Traveltimes done.
                            Raypaths done.
                            Number of Jacobian matrix elements =     22952
        Source number   14: Traveltimes done.
                            Raypaths done.
                            Number of Jacobian matrix elements =     22996
        Source number   15: Traveltimes done.
                            Raypaths done.
                            Number of Jacobian matrix elements =     23034
        Source number   16: Traveltimes done.
                            Raypaths done.
                            Number of Jacobian matrix elements =     23060
        Source number   17: Traveltimes done.
                            Raypaths done.
                            Number of Jacobian matrix elements =     23160
        Source number   18: Traveltimes done.
                            Raypaths done.
                            Number of Jacobian matrix elements =     23187
        Source number   19: Traveltimes done.
                            Raypaths done.
                            Number of Jacobian matrix elements =     23273
      Total number of raypaths=     89
      Total number of traveltimes used in inversion =    89
      Rms traveltime error = 2450.384 ms
      Slowness model scaled;   scalar =  1.01299
          Improved rms traveltime error = 2438.946 ms

      Velocity model output:
        Min/max horizontal coordinates =     -52.00       56.00
        Min/max vertical coordinates   =     -43.00       47.00
        Min/max velocities             =       1.91        3.49

      Ray density map output:
        Min/max horizontal coordinates =     -50.88       54.88
        Min/max vertical coordinates   =     -41.88       45.88
        Min/max ray densities          =       0.00       24.07

      Predicted traveltimes output.
