
  Begin Program PRONTO

      Run parameters loaded.

      Begin loading observed data:
      Source number =    1
        x =        8.19    z =      -21.49    Number of traveltimes =    18
      Source number =    2
        x =      -10.08    z =       -5.96    Number of traveltimes =     7
      Source number =    3
        x =      -10.08    z =       -5.96    Number of traveltimes =     6
      Source number =    4
        x =        6.05    z =       36.09    Number of traveltimes =    16
      Source number =    5
        x =       32.89    z =       18.85    Number of traveltimes =     9
      Source number =    6
        x =        3.72    z =       17.85    Number of traveltimes =    13
      Source number =    7
        x =        2.83    z =       -3.05    Number of traveltimes =     6
      Source number =    8
        x =        2.83    z =       -3.05    Number of traveltimes =     6
      Source number =    9
        x =       23.72    z =       19.27    Number of traveltimes =     4
      Source number =   10
        x =       18.12    z =        6.59    Number of traveltimes =     6
      Source number =   11
        x =       -5.38    z =       -5.50    Number of traveltimes =     7
      Source number =   12
        x =       -4.31    z =       -9.02    Number of traveltimes =     4
      Source number =   13
        x =      -36.85    z =       12.85    Number of traveltimes =     9
      Source number =   14
        x =      -27.07    z =      -30.07    Number of traveltimes =     5
      Source number =   15
        x =      -10.83    z =        6.36    Number of traveltimes =     6
      Source number =   16
        x =       -2.99    z =      -21.14    Number of traveltimes =     4
      Source number =   17
        x =      -22.45    z =      -13.97    Number of traveltimes =     6
      Source number =   18
        x =      -11.21    z =      -30.24    Number of traveltimes =     3
      Source number =   19
        x =      -45.20    z =       -6.67    Number of traveltimes =     4
      Source number =   20
        x =       -0.11    z =       -1.87    Number of traveltimes =     2
      Source number =   21
        x =       -0.11    z =       -1.87    Number of traveltimes =     2

      Total number of sources     =     21
      Total number of traveltimes =    143

      Min/max horizontal source/receiver coordinates =     -45.20      44.54
      Min/max vertical source/receiver coordinates   =     -30.24      36.09

      Slowness grid defined:
        Number of horizontal grid points    =     49
        Number of vertical grid points      =     41
        Number of slowness cells            =   1920
        Grid interval                       =       2.25
        Min/max horizontal grid coordinates =     -52.00       56.00
        Min/max vertical grid coordinates   =     -43.00       47.00

      Initial slowness model obtained from linear velocity formula.

      5 constraint operators defined:
        Operator #1:
                             0.00     0.00     0.00
                             0.00     2.00     0.00
                             0.00     0.00     0.00
        Operator #2:
                             0.00     0.00     0.00
                             0.00    -3.00     3.00
                             0.00     0.00     0.00
        Operator #3:
                             0.00     0.00     0.00
                             0.00    -3.00     0.00
                             0.00     3.00     0.00
        Operator #4:
                             0.00     0.00     0.00
                             8.00   -16.00     8.00
                             0.00     0.00     0.00
        Operator #5:
                             0.00     8.00     0.00
                             0.00   -16.00     0.00
                             0.00     8.00     0.00

      Reference slowness model identical to initial slowness model.

      Begin tomographic inversion procedure.
      Constraint equations loaded: Number of Jacobean matrix elements =   20768
      Iteration number =   1
      Begin forward computations:
        Source number    1: Traveltimes done.
                            Raypaths done.
                            Number of Jacobian matrix elements =     21176
        Source number    2: Traveltimes done.
                            Raypaths done.
                            Number of Jacobian matrix elements =     21363
        Source number    3: Traveltimes done.
                            Raypaths done.
                            Number of Jacobian matrix elements =     21485
        Source number    4: Traveltimes done.
                            Raypaths done.
                            Number of Jacobian matrix elements =     21898
        Source number    5: Traveltimes done.
                            Raypaths done.
                            Number of Jacobian matrix elements =     22123
        Source number    6: Traveltimes done.
                            Raypaths done.
                            Number of Jacobian matrix elements =     22364
        Source number    7: Traveltimes done.
                            Raypaths done.
                            Number of Jacobian matrix elements =     22487
        Source number    8: Traveltimes done.
                            Raypaths done.
                            Number of Jacobian matrix elements =     22596
        Source number    9: Traveltimes done.
                            Raypaths done.
                            Number of Jacobian matrix elements =     22734
        Source number   10: Traveltimes done.
                            Raypaths done.
                            Number of Jacobian matrix elements =     22875
        Source number   11: Traveltimes done.
                            Raypaths done.
                            Number of Jacobian matrix elements =     23030
        Source number   12: Traveltimes done.
                            Raypaths done.
                            Number of Jacobian matrix elements =     23102
        Source number   13: Traveltimes done.
                            Raypaths done.
                            Number of Jacobian matrix elements =     23344
        Source number   14: Traveltimes done.
                            Raypaths done.
                            Number of Jacobian matrix elements =     23423
        Source number   15: Traveltimes done.
                            Raypaths done.
                            Number of Jacobian matrix elements =     23513
        Source number   16: Traveltimes done.
                            Raypaths done.
                            Number of Jacobian matrix elements =     23575
        Source number   17: Traveltimes done.
                            Raypaths done.
                            Number of Jacobian matrix elements =     23737
        Source number   18: Traveltimes done.
                            Raypaths done.
                            Number of Jacobian matrix elements =     23784
        Source number   19: Traveltimes done.
                            Raypaths done.
                            Number of Jacobian matrix elements =     23868
        Source number   20: Traveltimes done.
                            Raypaths done.
                            Number of Jacobian matrix elements =     23936
        Source number   21: Traveltimes done.
                            Raypaths done.
                            Number of Jacobian matrix elements =     24004
      Total number of raypaths=    143
      Total number of traveltimes used in inversion =   143
      Rms traveltime error = 1750.406 ms
      Slowness model scaled;   scalar =  1.06202
          Improved rms traveltime error = 1412.998 ms
      Begin inverse computations:
        LSQR iteration =   1   relative error =  0.957811
        LSQR iteration =   2   relative error =  0.908546
        LSQR iteration =   3   relative error =  0.873298
        LSQR iteration =   4   relative error =  0.847921
        LSQR iteration =   5   relative error =  0.825344
        LSQR iteration =   6   relative error =  0.808839
        LSQR iteration =   7   relative error =  0.796955
        LSQR iteration =   8   relative error =  0.788040
        LSQR iteration =   9   relative error =  0.780992
        LSQR iteration =  10   relative error =  0.775522
        LSQR iteration =  11   relative error =  0.771082
        LSQR iteration =  12   relative error =  0.767463
        LSQR iteration =  13   relative error =  0.764413
        LSQR iteration =  14   relative error =  0.761782
        LSQR iteration =  15   relative error =  0.759476
        LSQR iteration =  16   relative error =  0.757484
        LSQR iteration =  17   relative error =  0.755803
        LSQR iteration =  18   relative error =  0.754449
        LSQR iteration =  19   relative error =  0.753282
        LSQR iteration =  20   relative error =  0.752225
        LSQR iteration =  21   relative error =  0.751284
        LSQR iteration =  22   relative error =  0.750428
        LSQR iteration =  23   relative error =  0.749653
        LSQR iteration =  24   relative error =  0.748901
        LSQR iteration =  25   relative error =  0.748207
        LSQR iteration =  26   relative error =  0.747584
        LSQR iteration =  27   relative error =  0.746999
        LSQR iteration =  28   relative error =  0.746472
        LSQR iteration =  29   relative error =  0.746046
        LSQR iteration =  30   relative error =  0.745677
        LSQR iteration =  31   relative error =  0.745344
        LSQR iteration =  32   relative error =  0.745079
        LSQR iteration =  33   relative error =  0.744856
        LSQR iteration =  34   relative error =  0.744684
        LSQR iteration =  35   relative error =  0.744535
        LSQR iteration =  36   relative error =  0.744418
        LSQR iteration =  37   relative error =  0.744323
        LSQR iteration =  38   relative error =  0.744239
        LSQR iteration =  39   relative error =  0.744168
        LSQR iteration =  40   relative error =  0.744106
        LSQR iteration =  41   relative error =  0.744058
        LSQR iteration =  42   relative error =  0.744018
        LSQR iteration =  43   relative error =  0.743986
        LSQR iteration =  44   relative error =  0.743960
        LSQR iteration =  45   relative error =  0.743938
        LSQR iteration =  46   relative error =  0.743921
        LSQR iteration =  47   relative error =  0.743907
        LSQR iteration =  48   relative error =  0.743896
        LSQR iteration =  49   relative error =  0.743886
        LSQR iteration =  50   relative error =  0.743878
        LSQR iteration =  51   relative error =  0.743873
      Slowness model updated.
      Iteration number =   2
      Begin forward computations:
        Source number    1: Traveltimes done.
                            Raypaths done.
                            Number of Jacobian matrix elements =     21176
        Source number    2: Traveltimes done.
                            Raypaths done.
                            Number of Jacobian matrix elements =     21363
        Source number    3: Traveltimes done.
                            Raypaths done.
                            Number of Jacobian matrix elements =     21485
        Source number    4: Traveltimes done.
                            Raypaths done.
                            Number of Jacobian matrix elements =     21900
        Source number    5: Traveltimes done.
                            Raypaths done.
                            Number of Jacobian matrix elements =     22127
        Source number    6: Traveltimes done.
                            Raypaths done.
                            Number of Jacobian matrix elements =     22370
        Source number    7: Traveltimes done.
                            Raypaths done.
                            Number of Jacobian matrix elements =     22493
        Source number    8: Traveltimes done.
                            Raypaths done.
                            Number of Jacobian matrix elements =     22602
        Source number    9: Traveltimes done.
                            Raypaths done.
                            Number of Jacobian matrix elements =     22741
        Source number   10: Traveltimes done.
                            Raypaths done.
                            Number of Jacobian matrix elements =     22882
        Source number   11: Traveltimes done.
                            Raypaths done.
                            Number of Jacobian matrix elements =     23036
        Source number   12: Traveltimes done.
                            Raypaths done.
                            Number of Jacobian matrix elements =     23108
        Source number   13: Traveltimes done.
                            Raypaths done.
                            Number of Jacobian matrix elements =     23350
        Source number   14: Traveltimes done.
                            Raypaths done.
                            Number of Jacobian matrix elements =     23429
        Source number   15: Traveltimes done.
                            Raypaths done.
                            Number of Jacobian matrix elements =     23520
        Source number   16: Traveltimes done.
                            Raypaths done.
                            Number of Jacobian matrix elements =     23582
        Source number   17: Traveltimes done.
                            Raypaths done.
                            Number of Jacobian matrix elements =     23744
        Source number   18: Traveltimes done.
                            Raypaths done.
                            Number of Jacobian matrix elements =     23791
        Source number   19: Traveltimes done.
                            Raypaths done.
                            Number of Jacobian matrix elements =     23873
        Source number   20: Traveltimes done.
                            Raypaths done.
                            Number of Jacobian matrix elements =     23941
        Source number   21: Traveltimes done.
                            Raypaths done.
                            Number of Jacobian matrix elements =     24009
      Total number of raypaths=    143
      Total number of traveltimes used in inversion =   143
      Rms traveltime error =  999.015 ms
      Slowness model scaled;   scalar =  1.01406
          Improved rms traveltime error =  968.310 ms

      Velocity model output:
        Min/max horizontal coordinates =     -52.00       56.00
        Min/max vertical coordinates   =     -43.00       47.00
        Min/max velocities             =       1.86        2.94

      Ray density map output:
        Min/max horizontal coordinates =     -50.88       54.88
        Min/max vertical coordinates   =     -41.88       45.88
        Min/max ray densities          =       0.00       20.23

      Predicted traveltimes output.
