
  Begin Program PRONTO

      Run parameters loaded.

      Begin loading observed data:
      Source number =    1
        x =        8.19    z =      -21.49    Number of traveltimes =     3
      Source number =    2
        x =      -10.08    z =       -5.96    Number of traveltimes =     3
      Source number =    3
        x =      -10.08    z =       -5.96    Number of traveltimes =     3
      Source number =    4
        x =        6.05    z =       36.09    Number of traveltimes =     3
      Source number =    5
        x =       32.89    z =       18.85    Number of traveltimes =     6
      Source number =    6
        x =        3.72    z =       17.85    Number of traveltimes =     7
      Source number =    7
        x =        2.83    z =       -3.05    Number of traveltimes =     2
      Source number =    8
        x =        2.83    z =       -3.05    Number of traveltimes =     2
      Source number =    9
        x =       23.72    z =       19.27    Number of traveltimes =     4
      Source number =   10
        x =       18.12    z =        6.59    Number of traveltimes =     1
      Source number =   11
        x =       -4.31    z =       -9.02    Number of traveltimes =     4
      Source number =   12
        x =      -36.85    z =       12.85    Number of traveltimes =     2
      Source number =   13
        x =      -10.83    z =        6.36    Number of traveltimes =     1
      Source number =   14
        x =       -2.99    z =      -21.14    Number of traveltimes =     1
      Source number =   15
        x =      -22.45    z =      -13.97    Number of traveltimes =     2
      Source number =   16
        x =      -11.21    z =      -30.24    Number of traveltimes =     1

      Total number of sources     =     16
      Total number of traveltimes =     45

      Min/max horizontal source/receiver coordinates =     -45.20      44.54
      Min/max vertical source/receiver coordinates   =     -30.24      36.09

      Slowness grid defined:
        Number of horizontal grid points    =     49
        Number of vertical grid points      =     41
        Number of slowness cells            =   1920
        Grid interval                       =       2.25
        Min/max horizontal grid coordinates =     -52.00       56.00
        Min/max vertical grid coordinates   =     -43.00       47.00

      Initial slowness model obtained from linear velocity formula.

      5 constraint operators defined:
        Operator #1:
                             0.00     0.00     0.00
                             0.00     2.00     0.00
                             0.00     0.00     0.00
        Operator #2:
                             0.00     0.00     0.00
                             0.00    -3.00     3.00
                             0.00     0.00     0.00
        Operator #3:
                             0.00     0.00     0.00
                             0.00    -3.00     0.00
                             0.00     3.00     0.00
        Operator #4:
                             0.00     0.00     0.00
                             8.00   -16.00     8.00
                             0.00     0.00     0.00
        Operator #5:
                             0.00     8.00     0.00
                             0.00   -16.00     0.00
                             0.00     8.00     0.00

      Reference slowness model identical to initial slowness model.

      Begin tomographic inversion procedure.
      Constraint equations loaded: Number of Jacobean matrix elements =   20768
      Iteration number =   1
      Begin forward computations:
        Source number    1: Traveltimes done.
                            Raypaths done.
                            Number of Jacobian matrix elements =     20853
        Source number    2: Traveltimes done.
                            Raypaths done.
                            Number of Jacobian matrix elements =     20962
        Source number    3: Traveltimes done.
                            Raypaths done.
                            Number of Jacobian matrix elements =     21071
        Source number    4: Traveltimes done.
                            Raypaths done.
                            Number of Jacobian matrix elements =     21182
        Source number    5: Traveltimes done.
                            Raypaths done.
                            Number of Jacobian matrix elements =     21374
        Source number    6: Traveltimes done.
                            Raypaths done.
                            Number of Jacobian matrix elements =     21558
        Source number    7: Traveltimes done.
                            Raypaths done.
                            Number of Jacobian matrix elements =     21608
        Source number    8: Traveltimes done.
                            Raypaths done.
                            Number of Jacobian matrix elements =     21660
        Source number    9: Traveltimes done.
                            Raypaths done.
                            Number of Jacobian matrix elements =     21808
        Source number   10: Traveltimes done.
                            Raypaths done.
                            Number of Jacobian matrix elements =     21843
        Source number   11: Traveltimes done.
                            Raypaths done.
                            Number of Jacobian matrix elements =     21967
        Source number   12: Traveltimes done.
                            Raypaths done.
                            Number of Jacobian matrix elements =     22030
        Source number   13: Traveltimes done.
                            Raypaths done.
                            Number of Jacobian matrix elements =     22051
        Source number   14: Traveltimes done.
                            Raypaths done.
                            Number of Jacobian matrix elements =     22077
        Source number   15: Traveltimes done.
                            Raypaths done.
                            Number of Jacobian matrix elements =     22177
        Source number   16: Traveltimes done.
                            Raypaths done.
                            Number of Jacobian matrix elements =     22204
      Total number of raypaths=     45
      Total number of traveltimes used in inversion =    45
      Rms traveltime error = 4774.969 ms
      Slowness model scaled;   scalar =  0.84545
          Improved rms traveltime error = 3401.067 ms
      Begin inverse computations:
        LSQR iteration =   1   relative error =  0.948720
        LSQR iteration =   2   relative error =  0.900401
        LSQR iteration =   3   relative error =  0.864909
        LSQR iteration =   4   relative error =  0.836887
        LSQR iteration =   5   relative error =  0.812041
        LSQR iteration =   6   relative error =  0.788751
        LSQR iteration =   7   relative error =  0.768676
        LSQR iteration =   8   relative error =  0.753412
        LSQR iteration =   9   relative error =  0.741962
        LSQR iteration =  10   relative error =  0.733067
        LSQR iteration =  11   relative error =  0.725438
        LSQR iteration =  12   relative error =  0.718356
        LSQR iteration =  13   relative error =  0.711208
        LSQR iteration =  14   relative error =  0.703836
        LSQR iteration =  15   relative error =  0.696614
        LSQR iteration =  16   relative error =  0.689974
        LSQR iteration =  17   relative error =  0.684023
        LSQR iteration =  18   relative error =  0.678906
        LSQR iteration =  19   relative error =  0.674366
        LSQR iteration =  20   relative error =  0.670240
        LSQR iteration =  21   relative error =  0.666498
        LSQR iteration =  22   relative error =  0.663290
        LSQR iteration =  23   relative error =  0.660484
        LSQR iteration =  24   relative error =  0.658021
        LSQR iteration =  25   relative error =  0.656057
        LSQR iteration =  26   relative error =  0.654418
        LSQR iteration =  27   relative error =  0.653041
        LSQR iteration =  28   relative error =  0.651861
        LSQR iteration =  29   relative error =  0.650860
        LSQR iteration =  30   relative error =  0.650002
        LSQR iteration =  31   relative error =  0.649284
        LSQR iteration =  32   relative error =  0.648670
        LSQR iteration =  33   relative error =  0.648147
        LSQR iteration =  34   relative error =  0.647712
        LSQR iteration =  35   relative error =  0.647366
        LSQR iteration =  36   relative error =  0.647074
        LSQR iteration =  37   relative error =  0.646841
        LSQR iteration =  38   relative error =  0.646638
        LSQR iteration =  39   relative error =  0.646459
        LSQR iteration =  40   relative error =  0.646346
        LSQR iteration =  41   relative error =  0.646232
        LSQR iteration =  42   relative error =  0.646149
        LSQR iteration =  43   relative error =  0.646091
        LSQR iteration =  44   relative error =  0.646045
        LSQR iteration =  45   relative error =  0.646005
        LSQR iteration =  46   relative error =  0.645968
        LSQR iteration =  47   relative error =  0.645941
        LSQR iteration =  48   relative error =  0.645919
        LSQR iteration =  49   relative error =  0.645899
        LSQR iteration =  50   relative error =  0.645879
        LSQR iteration =  51   relative error =  0.645863
      Slowness model updated.
      Iteration number =   2
      Begin forward computations:
        Source number    1: Traveltimes done.
                            Raypaths done.
                            Number of Jacobian matrix elements =     20855
        Source number    2: Traveltimes done.
                            Raypaths done.
                            Number of Jacobian matrix elements =     20964
        Source number    3: Traveltimes done.
                            Raypaths done.
                            Number of Jacobian matrix elements =     21073
        Source number    4: Traveltimes done.
                            Raypaths done.
                            Number of Jacobian matrix elements =     21185
        Source number    5: Traveltimes done.
                            Raypaths done.
                            Number of Jacobian matrix elements =     21377
        Source number    6: Traveltimes done.
                            Raypaths done.
                            Number of Jacobian matrix elements =     21563
        Source number    7: Traveltimes done.
                            Raypaths done.
                            Number of Jacobian matrix elements =     21615
        Source number    8: Traveltimes done.
                            Raypaths done.
                            Number of Jacobian matrix elements =     21667
        Source number    9: Traveltimes done.
                            Raypaths done.
                            Number of Jacobian matrix elements =     21815
        Source number   10: Traveltimes done.
                            Raypaths done.
                            Number of Jacobian matrix elements =     21850
        Source number   11: Traveltimes done.
                            Raypaths done.
                            Number of Jacobian matrix elements =     21974
        Source number   12: Traveltimes done.
                            Raypaths done.
                            Number of Jacobian matrix elements =     22037
        Source number   13: Traveltimes done.
                            Raypaths done.
                            Number of Jacobian matrix elements =     22059
        Source number   14: Traveltimes done.
                            Raypaths done.
                            Number of Jacobian matrix elements =     22085
        Source number   15: Traveltimes done.
                            Raypaths done.
                            Number of Jacobian matrix elements =     22185
        Source number   16: Traveltimes done.
                            Raypaths done.
                            Number of Jacobian matrix elements =     22212
      Total number of raypaths=     45
      Total number of traveltimes used in inversion =    45
      Rms traveltime error = 2352.654 ms
      Slowness model scaled;   scalar =  1.00318
          Improved rms traveltime error = 2351.922 ms

      Velocity model output:
        Min/max horizontal coordinates =     -52.00       56.00
        Min/max vertical coordinates   =     -43.00       47.00
        Min/max velocities             =       2.21        4.37

      Ray density map output:
        Min/max horizontal coordinates =     -50.88       54.88
        Min/max vertical coordinates   =     -41.88       45.88
        Min/max ray densities          =       0.00       22.32

      Predicted traveltimes output.
