
  Begin Program PRONTO

      Run parameters loaded.

      Begin loading observed data:
      Source number =    1
        x =        8.19    z =      -21.49    Number of traveltimes =     3
      Source number =    2
        x =      -10.08    z =       -5.96    Number of traveltimes =     3
      Source number =    3
        x =      -10.08    z =       -5.96    Number of traveltimes =     3
      Source number =    4
        x =        6.05    z =       36.09    Number of traveltimes =     6
      Source number =    5
        x =       32.89    z =       18.85    Number of traveltimes =     6
      Source number =    6
        x =        3.72    z =       17.85    Number of traveltimes =     6
      Source number =    7
        x =        2.83    z =       -3.05    Number of traveltimes =     4
      Source number =    8
        x =        2.83    z =       -3.05    Number of traveltimes =     2
      Source number =    9
        x =       23.72    z =       19.27    Number of traveltimes =     3
      Source number =   10
        x =       18.12    z =        6.59    Number of traveltimes =     6
      Source number =   11
        x =       -4.31    z =       -9.02    Number of traveltimes =     4
      Source number =   12
        x =      -36.85    z =       12.85    Number of traveltimes =     4
      Source number =   13
        x =      -10.83    z =        6.36    Number of traveltimes =     1
      Source number =   14
        x =       -2.99    z =      -21.14    Number of traveltimes =     1
      Source number =   15
        x =      -22.45    z =      -13.97    Number of traveltimes =     2
      Source number =   16
        x =      -11.21    z =      -30.24    Number of traveltimes =     1
      Source number =   17
        x =      -45.20    z =       -6.67    Number of traveltimes =     2

      Total number of sources     =     17
      Total number of traveltimes =     57

      Min/max horizontal source/receiver coordinates =     -45.20      44.54
      Min/max vertical source/receiver coordinates   =     -30.24      36.09

      Slowness grid defined:
        Number of horizontal grid points    =     49
        Number of vertical grid points      =     41
        Number of slowness cells            =   1920
        Grid interval                       =       2.25
        Min/max horizontal grid coordinates =     -52.00       56.00
        Min/max vertical grid coordinates   =     -43.00       47.00

      Initial slowness model obtained from linear velocity formula.

      5 constraint operators defined:
        Operator #1:
                             0.00     0.00     0.00
                             0.00     2.00     0.00
                             0.00     0.00     0.00
        Operator #2:
                             0.00     0.00     0.00
                             0.00    -3.00     3.00
                             0.00     0.00     0.00
        Operator #3:
                             0.00     0.00     0.00
                             0.00    -3.00     0.00
                             0.00     3.00     0.00
        Operator #4:
                             0.00     0.00     0.00
                             8.00   -16.00     8.00
                             0.00     0.00     0.00
        Operator #5:
                             0.00     8.00     0.00
                             0.00   -16.00     0.00
                             0.00     8.00     0.00

      Reference slowness model identical to initial slowness model.

      Begin tomographic inversion procedure.
      Constraint equations loaded: Number of Jacobean matrix elements =   20768
      Iteration number =   1
      Begin forward computations:
        Source number    1: Traveltimes done.
                            Raypaths done.
                            Number of Jacobian matrix elements =     20853
        Source number    2: Traveltimes done.
                            Raypaths done.
                            Number of Jacobian matrix elements =     20962
        Source number    3: Traveltimes done.
                            Raypaths done.
                            Number of Jacobian matrix elements =     21071
        Source number    4: Traveltimes done.
                            Raypaths done.
                            Number of Jacobian matrix elements =     21246
        Source number    5: Traveltimes done.
                            Raypaths done.
                            Number of Jacobian matrix elements =     21435
        Source number    6: Traveltimes done.
                            Raypaths done.
                            Number of Jacobian matrix elements =     21590
        Source number    7: Traveltimes done.
                            Raypaths done.
                            Number of Jacobian matrix elements =     21708
        Source number    8: Traveltimes done.
                            Raypaths done.
                            Number of Jacobian matrix elements =     21760
        Source number    9: Traveltimes done.
                            Raypaths done.
                            Number of Jacobian matrix elements =     21863
        Source number   10: Traveltimes done.
                            Raypaths done.
                            Number of Jacobian matrix elements =     22033
        Source number   11: Traveltimes done.
                            Raypaths done.
                            Number of Jacobian matrix elements =     22157
        Source number   12: Traveltimes done.
                            Raypaths done.
                            Number of Jacobian matrix elements =     22266
        Source number   13: Traveltimes done.
                            Raypaths done.
                            Number of Jacobian matrix elements =     22287
        Source number   14: Traveltimes done.
                            Raypaths done.
                            Number of Jacobian matrix elements =     22313
        Source number   15: Traveltimes done.
                            Raypaths done.
                            Number of Jacobian matrix elements =     22413
        Source number   16: Traveltimes done.
                            Raypaths done.
                            Number of Jacobian matrix elements =     22440
        Source number   17: Traveltimes done.
                            Raypaths done.
                            Number of Jacobian matrix elements =     22476
      Total number of raypaths=     57
      Total number of traveltimes used in inversion =    57
      Rms traveltime error = 4191.746 ms
      Slowness model scaled;   scalar =  0.89361
          Improved rms traveltime error = 3576.945 ms
      Begin inverse computations:
        LSQR iteration =   1   relative error =  0.957551
        LSQR iteration =   2   relative error =  0.914917
        LSQR iteration =   3   relative error =  0.885777
        LSQR iteration =   4   relative error =  0.865861
        LSQR iteration =   5   relative error =  0.848690
        LSQR iteration =   6   relative error =  0.834269
        LSQR iteration =   7   relative error =  0.823280
        LSQR iteration =   8   relative error =  0.815557
        LSQR iteration =   9   relative error =  0.809751
        LSQR iteration =  10   relative error =  0.805312
        LSQR iteration =  11   relative error =  0.801576
        LSQR iteration =  12   relative error =  0.798181
        LSQR iteration =  13   relative error =  0.794811
        LSQR iteration =  14   relative error =  0.791541
        LSQR iteration =  15   relative error =  0.788532
        LSQR iteration =  16   relative error =  0.785860
        LSQR iteration =  17   relative error =  0.783495
        LSQR iteration =  18   relative error =  0.781431
        LSQR iteration =  19   relative error =  0.779584
        LSQR iteration =  20   relative error =  0.777904
        LSQR iteration =  21   relative error =  0.776378
        LSQR iteration =  22   relative error =  0.775039
        LSQR iteration =  23   relative error =  0.773823
        LSQR iteration =  24   relative error =  0.772715
        LSQR iteration =  25   relative error =  0.771802
        LSQR iteration =  26   relative error =  0.771033
        LSQR iteration =  27   relative error =  0.770377
        LSQR iteration =  28   relative error =  0.769844
        LSQR iteration =  29   relative error =  0.769386
        LSQR iteration =  30   relative error =  0.768972
        LSQR iteration =  31   relative error =  0.768630
        LSQR iteration =  32   relative error =  0.768355
        LSQR iteration =  33   relative error =  0.768122
        LSQR iteration =  34   relative error =  0.767921
        LSQR iteration =  35   relative error =  0.767752
        LSQR iteration =  36   relative error =  0.767607
        LSQR iteration =  37   relative error =  0.767491
        LSQR iteration =  38   relative error =  0.767397
        LSQR iteration =  39   relative error =  0.767311
        LSQR iteration =  40   relative error =  0.767253
        LSQR iteration =  41   relative error =  0.767196
        LSQR iteration =  42   relative error =  0.767153
        LSQR iteration =  43   relative error =  0.767122
        LSQR iteration =  44   relative error =  0.767097
        LSQR iteration =  45   relative error =  0.767074
        LSQR iteration =  46   relative error =  0.767055
        LSQR iteration =  47   relative error =  0.767040
        LSQR iteration =  48   relative error =  0.767028
        LSQR iteration =  49   relative error =  0.767016
        LSQR iteration =  50   relative error =  0.767006
        LSQR iteration =  51   relative error =  0.766998
      Slowness model updated.
      Iteration number =   2
      Begin forward computations:
        Source number    1: Traveltimes done.
                            Raypaths done.
                            Number of Jacobian matrix elements =     20854
        Source number    2: Traveltimes done.
                            Raypaths done.
                            Number of Jacobian matrix elements =     20963
        Source number    3: Traveltimes done.
                            Raypaths done.
                            Number of Jacobian matrix elements =     21072
        Source number    4: Traveltimes done.
                            Raypaths done.
                            Number of Jacobian matrix elements =     21248
        Source number    5: Traveltimes done.
                            Raypaths done.
                            Number of Jacobian matrix elements =     21439
        Source number    6: Traveltimes done.
                            Raypaths done.
                            Number of Jacobian matrix elements =     21595
        Source number    7: Traveltimes done.
                            Raypaths done.
                            Number of Jacobian matrix elements =     21716
        Source number    8: Traveltimes done.
                            Raypaths done.
                            Number of Jacobian matrix elements =     21768
        Source number    9: Traveltimes done.
                            Raypaths done.
                            Number of Jacobian matrix elements =     21873
        Source number   10: Traveltimes done.
                            Raypaths done.
                            Number of Jacobian matrix elements =     22045
        Source number   11: Traveltimes done.
                            Raypaths done.
                            Number of Jacobian matrix elements =     22170
        Source number   12: Traveltimes done.
                            Raypaths done.
                            Number of Jacobian matrix elements =     22279
        Source number   13: Traveltimes done.
                            Raypaths done.
                            Number of Jacobian matrix elements =     22301
        Source number   14: Traveltimes done.
                            Raypaths done.
                            Number of Jacobian matrix elements =     22327
        Source number   15: Traveltimes done.
                            Raypaths done.
                            Number of Jacobian matrix elements =     22427
        Source number   16: Traveltimes done.
                            Raypaths done.
                            Number of Jacobian matrix elements =     22454
        Source number   17: Traveltimes done.
                            Raypaths done.
                            Number of Jacobian matrix elements =     22490
      Total number of raypaths=     57
      Total number of traveltimes used in inversion =    57
      Rms traveltime error = 2852.791 ms
      Slowness model scaled;   scalar =  1.01622
          Improved rms traveltime error = 2837.491 ms

      Velocity model output:
        Min/max horizontal coordinates =     -52.00       56.00
        Min/max vertical coordinates   =     -43.00       47.00
        Min/max velocities             =       1.98        3.52

      Ray density map output:
        Min/max horizontal coordinates =     -50.88       54.88
        Min/max vertical coordinates   =     -41.88       45.88
        Min/max ray densities          =       0.00       23.21

      Predicted traveltimes output.
