
  Begin Program PRONTO

      Run parameters loaded.

      Begin loading observed data:
      Source number =    1
        x =        8.19    z =      -21.49    Number of traveltimes =    18
      Source number =    2
        x =      -10.08    z =       -5.96    Number of traveltimes =    12
      Source number =    3
        x =      -10.08    z =       -5.96    Number of traveltimes =     8
      Source number =    4
        x =        6.05    z =       36.09    Number of traveltimes =    14
      Source number =    5
        x =       32.89    z =       18.85    Number of traveltimes =     5
      Source number =    6
        x =        3.72    z =       17.85    Number of traveltimes =    12
      Source number =    7
        x =        2.83    z =       -3.05    Number of traveltimes =     8
      Source number =    8
        x =        2.83    z =       -3.05    Number of traveltimes =     5
      Source number =    9
        x =       23.72    z =       19.27    Number of traveltimes =     4
      Source number =   10
        x =       18.12    z =        6.59    Number of traveltimes =    10
      Source number =   11
        x =       -5.38    z =       -5.50    Number of traveltimes =     5
      Source number =   12
        x =       -4.31    z =       -9.02    Number of traveltimes =     4
      Source number =   13
        x =      -36.85    z =       12.85    Number of traveltimes =    11
      Source number =   14
        x =      -27.07    z =      -30.07    Number of traveltimes =     5
      Source number =   15
        x =      -10.83    z =        6.36    Number of traveltimes =     8
      Source number =   16
        x =       -2.99    z =      -21.14    Number of traveltimes =     7
      Source number =   17
        x =      -22.45    z =      -13.97    Number of traveltimes =     4
      Source number =   18
        x =      -11.21    z =      -30.24    Number of traveltimes =     3
      Source number =   19
        x =      -45.20    z =       -6.67    Number of traveltimes =     4

      Total number of sources     =     19
      Total number of traveltimes =    147

      Min/max horizontal source/receiver coordinates =     -45.20      44.54
      Min/max vertical source/receiver coordinates   =     -30.24      36.09

      Slowness grid defined:
        Number of horizontal grid points    =     49
        Number of vertical grid points      =     41
        Number of slowness cells            =   1920
        Grid interval                       =       2.25
        Min/max horizontal grid coordinates =     -52.00       56.00
        Min/max vertical grid coordinates   =     -43.00       47.00

      Initial slowness model obtained from linear velocity formula.

      5 constraint operators defined:
        Operator #1:
                             0.00     0.00     0.00
                             0.00     2.00     0.00
                             0.00     0.00     0.00
        Operator #2:
                             0.00     0.00     0.00
                             0.00    -3.00     3.00
                             0.00     0.00     0.00
        Operator #3:
                             0.00     0.00     0.00
                             0.00    -3.00     0.00
                             0.00     3.00     0.00
        Operator #4:
                             0.00     0.00     0.00
                             8.00   -16.00     8.00
                             0.00     0.00     0.00
        Operator #5:
                             0.00     8.00     0.00
                             0.00   -16.00     0.00
                             0.00     8.00     0.00

      Reference slowness model identical to initial slowness model.

      Begin tomographic inversion procedure.
      Constraint equations loaded: Number of Jacobean matrix elements =   20768
      Iteration number =   1
      Begin forward computations:
        Source number    1: Traveltimes done.
                            Raypaths done.
                            Number of Jacobian matrix elements =     21176
        Source number    2: Traveltimes done.
                            Raypaths done.
                            Number of Jacobian matrix elements =     21381
        Source number    3: Traveltimes done.
                            Raypaths done.
                            Number of Jacobian matrix elements =     21487
        Source number    4: Traveltimes done.
                            Raypaths done.
                            Number of Jacobian matrix elements =     21826
        Source number    5: Traveltimes done.
                            Raypaths done.
                            Number of Jacobian matrix elements =     21938
        Source number    6: Traveltimes done.
                            Raypaths done.
                            Number of Jacobian matrix elements =     22178
        Source number    7: Traveltimes done.
                            Raypaths done.
                            Number of Jacobian matrix elements =     22319
        Source number    8: Traveltimes done.
                            Raypaths done.
                            Number of Jacobian matrix elements =     22409
        Source number    9: Traveltimes done.
                            Raypaths done.
                            Number of Jacobian matrix elements =     22535
        Source number   10: Traveltimes done.
                            Raypaths done.
                            Number of Jacobian matrix elements =     22749
        Source number   11: Traveltimes done.
                            Raypaths done.
                            Number of Jacobian matrix elements =     22811
        Source number   12: Traveltimes done.
                            Raypaths done.
                            Number of Jacobian matrix elements =     22870
        Source number   13: Traveltimes done.
                            Raypaths done.
                            Number of Jacobian matrix elements =     23158
        Source number   14: Traveltimes done.
                            Raypaths done.
                            Number of Jacobian matrix elements =     23254
        Source number   15: Traveltimes done.
                            Raypaths done.
                            Number of Jacobian matrix elements =     23398
        Source number   16: Traveltimes done.
                            Raypaths done.
                            Number of Jacobian matrix elements =     23486
        Source number   17: Traveltimes done.
                            Raypaths done.
                            Number of Jacobian matrix elements =     23548
        Source number   18: Traveltimes done.
                            Raypaths done.
                            Number of Jacobian matrix elements =     23679
        Source number   19: Traveltimes done.
                            Raypaths done.
                            Number of Jacobian matrix elements =     23763
      Total number of raypaths=    147
      Total number of traveltimes used in inversion =   147
      Rms traveltime error = 2448.056 ms
      Slowness model scaled;   scalar =  1.08317
          Improved rms traveltime error = 2094.191 ms
      Begin inverse computations:
        LSQR iteration =   1   relative error =  0.977784
        LSQR iteration =   2   relative error =  0.952540
        LSQR iteration =   3   relative error =  0.929491
        LSQR iteration =   4   relative error =  0.912794
        LSQR iteration =   5   relative error =  0.901781
        LSQR iteration =   6   relative error =  0.894505
        LSQR iteration =   7   relative error =  0.889352
        LSQR iteration =   8   relative error =  0.885275
        LSQR iteration =   9   relative error =  0.881710
        LSQR iteration =  10   relative error =  0.878618
        LSQR iteration =  11   relative error =  0.876058
        LSQR iteration =  12   relative error =  0.874040
        LSQR iteration =  13   relative error =  0.872328
        LSQR iteration =  14   relative error =  0.870905
        LSQR iteration =  15   relative error =  0.869592
        LSQR iteration =  16   relative error =  0.868476
        LSQR iteration =  17   relative error =  0.867440
        LSQR iteration =  18   relative error =  0.866475
        LSQR iteration =  19   relative error =  0.865570
        LSQR iteration =  20   relative error =  0.864741
        LSQR iteration =  21   relative error =  0.864013
        LSQR iteration =  22   relative error =  0.863386
        LSQR iteration =  23   relative error =  0.862813
        LSQR iteration =  24   relative error =  0.862299
        LSQR iteration =  25   relative error =  0.861852
        LSQR iteration =  26   relative error =  0.861472
        LSQR iteration =  27   relative error =  0.861130
        LSQR iteration =  28   relative error =  0.860810
        LSQR iteration =  29   relative error =  0.860550
        LSQR iteration =  30   relative error =  0.860331
        LSQR iteration =  31   relative error =  0.860142
        LSQR iteration =  32   relative error =  0.859993
        LSQR iteration =  33   relative error =  0.859875
        LSQR iteration =  34   relative error =  0.859775
        LSQR iteration =  35   relative error =  0.859696
        LSQR iteration =  36   relative error =  0.859625
        LSQR iteration =  37   relative error =  0.859569
        LSQR iteration =  38   relative error =  0.859522
        LSQR iteration =  39   relative error =  0.859481
        LSQR iteration =  40   relative error =  0.859449
        LSQR iteration =  41   relative error =  0.859424
        LSQR iteration =  42   relative error =  0.859403
        LSQR iteration =  43   relative error =  0.859387
        LSQR iteration =  44   relative error =  0.859373
        LSQR iteration =  45   relative error =  0.859361
        LSQR iteration =  46   relative error =  0.859352
        LSQR iteration =  47   relative error =  0.859344
        LSQR iteration =  48   relative error =  0.859338
        LSQR iteration =  49   relative error =  0.859333
        LSQR iteration =  50   relative error =  0.859329
        LSQR iteration =  51   relative error =  0.859326
      Slowness model updated.
      Iteration number =   2
      Begin forward computations:
        Source number    1: Traveltimes done.
                            Raypaths done.
                            Number of Jacobian matrix elements =     21178
        Source number    2: Traveltimes done.
                            Raypaths done.
                            Number of Jacobian matrix elements =     21382
        Source number    3: Traveltimes done.
                            Raypaths done.
                            Number of Jacobian matrix elements =     21487
        Source number    4: Traveltimes done.
                            Raypaths done.
                            Number of Jacobian matrix elements =     21827
        Source number    5: Traveltimes done.
                            Raypaths done.
                            Number of Jacobian matrix elements =     21940
        Source number    6: Traveltimes done.
                            Raypaths done.
                            Number of Jacobian matrix elements =     22180
        Source number    7: Traveltimes done.
                            Raypaths done.
                            Number of Jacobian matrix elements =     22322
        Source number    8: Traveltimes done.
                            Raypaths done.
                            Number of Jacobian matrix elements =     22413
        Source number    9: Traveltimes done.
                            Raypaths done.
                            Number of Jacobian matrix elements =     22540
        Source number   10: Traveltimes done.
                            Raypaths done.
                            Number of Jacobian matrix elements =     22756
        Source number   11: Traveltimes done.
                            Raypaths done.
                            Number of Jacobian matrix elements =     22818
        Source number   12: Traveltimes done.
                            Raypaths done.
                            Number of Jacobian matrix elements =     22877
        Source number   13: Traveltimes done.
                            Raypaths done.
                            Number of Jacobian matrix elements =     23166
        Source number   14: Traveltimes done.
                            Raypaths done.
                            Number of Jacobian matrix elements =     23262
        Source number   15: Traveltimes done.
                            Raypaths done.
                            Number of Jacobian matrix elements =     23407
        Source number   16: Traveltimes done.
                            Raypaths done.
                            Number of Jacobian matrix elements =     23495
        Source number   17: Traveltimes done.
                            Raypaths done.
                            Number of Jacobian matrix elements =     23557
        Source number   18: Traveltimes done.
                            Raypaths done.
                            Number of Jacobian matrix elements =     23688
        Source number   19: Traveltimes done.
                            Raypaths done.
                            Number of Jacobian matrix elements =     23770
      Total number of raypaths=    147
      Total number of traveltimes used in inversion =   147
      Rms traveltime error = 1799.756 ms
      Slowness model scaled;   scalar =  1.01442
          Improved rms traveltime error = 1784.313 ms

      Velocity model output:
        Min/max horizontal coordinates =     -52.00       56.00
        Min/max vertical coordinates   =     -43.00       47.00
        Min/max velocities             =       1.78        2.69

      Ray density map output:
        Min/max horizontal coordinates =     -50.88       54.88
        Min/max vertical coordinates   =     -41.88       45.88
        Min/max ray densities          =       0.00       16.65

      Predicted traveltimes output.
