
  Begin Program PRONTO

      Run parameters loaded.

      Begin loading observed data:
      Source number =    1
        x =        8.19    z =      -21.49    Number of traveltimes =    18
      Source number =    2
        x =      -10.08    z =       -5.96    Number of traveltimes =    10
      Source number =    3
        x =      -10.08    z =       -5.96    Number of traveltimes =    10
      Source number =    4
        x =        6.05    z =       36.09    Number of traveltimes =    14
      Source number =    5
        x =       32.89    z =       18.85    Number of traveltimes =     4
      Source number =    6
        x =        3.72    z =       17.85    Number of traveltimes =     9
      Source number =    7
        x =        2.83    z =       -3.05    Number of traveltimes =     6
      Source number =    8
        x =        2.83    z =       -3.05    Number of traveltimes =     5
      Source number =    9
        x =       23.72    z =       19.27    Number of traveltimes =     4
      Source number =   10
        x =       18.12    z =        6.59    Number of traveltimes =     9
      Source number =   11
        x =       -5.38    z =       -5.50    Number of traveltimes =     3
      Source number =   12
        x =       -4.31    z =       -9.02    Number of traveltimes =     3
      Source number =   13
        x =      -36.85    z =       12.85    Number of traveltimes =    11
      Source number =   14
        x =      -27.07    z =      -30.07    Number of traveltimes =     6
      Source number =   15
        x =      -10.83    z =        6.36    Number of traveltimes =     8
      Source number =   16
        x =       -2.99    z =      -21.14    Number of traveltimes =     7
      Source number =   17
        x =      -22.45    z =      -13.97    Number of traveltimes =     4
      Source number =   18
        x =      -11.21    z =      -30.24    Number of traveltimes =     3
      Source number =   19
        x =      -45.20    z =       -6.67    Number of traveltimes =     4

      Total number of sources     =     19
      Total number of traveltimes =    138

      Min/max horizontal source/receiver coordinates =     -45.20      44.54
      Min/max vertical source/receiver coordinates   =     -30.24      36.09

      Slowness grid defined:
        Number of horizontal grid points    =     49
        Number of vertical grid points      =     41
        Number of slowness cells            =   1920
        Grid interval                       =       2.25
        Min/max horizontal grid coordinates =     -52.00       56.00
        Min/max vertical grid coordinates   =     -43.00       47.00

      Initial slowness model obtained from linear velocity formula.

      5 constraint operators defined:
        Operator #1:
                             0.00     0.00     0.00
                             0.00     2.00     0.00
                             0.00     0.00     0.00
        Operator #2:
                             0.00     0.00     0.00
                             0.00    -3.00     3.00
                             0.00     0.00     0.00
        Operator #3:
                             0.00     0.00     0.00
                             0.00    -3.00     0.00
                             0.00     3.00     0.00
        Operator #4:
                             0.00     0.00     0.00
                             8.00   -16.00     8.00
                             0.00     0.00     0.00
        Operator #5:
                             0.00     8.00     0.00
                             0.00   -16.00     0.00
                             0.00     8.00     0.00

      Reference slowness model identical to initial slowness model.

      Begin tomographic inversion procedure.
      Constraint equations loaded: Number of Jacobean matrix elements =   20768
      Iteration number =   1
      Begin forward computations:
        Source number    1: Traveltimes done.
                            Raypaths done.
                            Number of Jacobian matrix elements =     21178
        Source number    2: Traveltimes done.
                            Raypaths done.
                            Number of Jacobian matrix elements =     21337
        Source number    3: Traveltimes done.
                            Raypaths done.
                            Number of Jacobian matrix elements =     21463
        Source number    4: Traveltimes done.
                            Raypaths done.
                            Number of Jacobian matrix elements =     21802
        Source number    5: Traveltimes done.
                            Raypaths done.
                            Number of Jacobian matrix elements =     21879
        Source number    6: Traveltimes done.
                            Raypaths done.
                            Number of Jacobian matrix elements =     22048
        Source number    7: Traveltimes done.
                            Raypaths done.
                            Number of Jacobian matrix elements =     22165
        Source number    8: Traveltimes done.
                            Raypaths done.
                            Number of Jacobian matrix elements =     22250
        Source number    9: Traveltimes done.
                            Raypaths done.
                            Number of Jacobian matrix elements =     22356
        Source number   10: Traveltimes done.
                            Raypaths done.
                            Number of Jacobian matrix elements =     22541
        Source number   11: Traveltimes done.
                            Raypaths done.
                            Number of Jacobian matrix elements =     22581
        Source number   12: Traveltimes done.
                            Raypaths done.
                            Number of Jacobian matrix elements =     22628
        Source number   13: Traveltimes done.
                            Raypaths done.
                            Number of Jacobian matrix elements =     22916
        Source number   14: Traveltimes done.
                            Raypaths done.
                            Number of Jacobian matrix elements =     23023
        Source number   15: Traveltimes done.
                            Raypaths done.
                            Number of Jacobian matrix elements =     23167
        Source number   16: Traveltimes done.
                            Raypaths done.
                            Number of Jacobian matrix elements =     23255
        Source number   17: Traveltimes done.
                            Raypaths done.
                            Number of Jacobian matrix elements =     23317
        Source number   18: Traveltimes done.
                            Raypaths done.
                            Number of Jacobian matrix elements =     23448
        Source number   19: Traveltimes done.
                            Raypaths done.
                            Number of Jacobian matrix elements =     23532
      Total number of raypaths=    138
      Total number of traveltimes used in inversion =   138
      Rms traveltime error = 2275.369 ms
      Slowness model scaled;   scalar =  1.07938
          Improved rms traveltime error = 1935.970 ms
      Begin inverse computations:
        LSQR iteration =   1   relative error =  0.973139
        LSQR iteration =   2   relative error =  0.942613
        LSQR iteration =   3   relative error =  0.911271
        LSQR iteration =   4   relative error =  0.887935
        LSQR iteration =   5   relative error =  0.871438
        LSQR iteration =   6   relative error =  0.860596
        LSQR iteration =   7   relative error =  0.852965
        LSQR iteration =   8   relative error =  0.846916
        LSQR iteration =   9   relative error =  0.841855
        LSQR iteration =  10   relative error =  0.837459
        LSQR iteration =  11   relative error =  0.833839
        LSQR iteration =  12   relative error =  0.830931
        LSQR iteration =  13   relative error =  0.828535
        LSQR iteration =  14   relative error =  0.826517
        LSQR iteration =  15   relative error =  0.824777
        LSQR iteration =  16   relative error =  0.823327
        LSQR iteration =  17   relative error =  0.822059
        LSQR iteration =  18   relative error =  0.820893
        LSQR iteration =  19   relative error =  0.819841
        LSQR iteration =  20   relative error =  0.818862
        LSQR iteration =  21   relative error =  0.818012
        LSQR iteration =  22   relative error =  0.817270
        LSQR iteration =  23   relative error =  0.816606
        LSQR iteration =  24   relative error =  0.816011
        LSQR iteration =  25   relative error =  0.815475
        LSQR iteration =  26   relative error =  0.815006
        LSQR iteration =  27   relative error =  0.814608
        LSQR iteration =  28   relative error =  0.814228
        LSQR iteration =  29   relative error =  0.813893
        LSQR iteration =  30   relative error =  0.813600
        LSQR iteration =  31   relative error =  0.813357
        LSQR iteration =  32   relative error =  0.813147
        LSQR iteration =  33   relative error =  0.812972
        LSQR iteration =  34   relative error =  0.812845
        LSQR iteration =  35   relative error =  0.812741
        LSQR iteration =  36   relative error =  0.812638
        LSQR iteration =  37   relative error =  0.812555
        LSQR iteration =  38   relative error =  0.812483
        LSQR iteration =  39   relative error =  0.812424
        LSQR iteration =  40   relative error =  0.812378
        LSQR iteration =  41   relative error =  0.812342
        LSQR iteration =  42   relative error =  0.812312
        LSQR iteration =  43   relative error =  0.812289
        LSQR iteration =  44   relative error =  0.812268
        LSQR iteration =  45   relative error =  0.812252
        LSQR iteration =  46   relative error =  0.812239
        LSQR iteration =  47   relative error =  0.812228
        LSQR iteration =  48   relative error =  0.812219
        LSQR iteration =  49   relative error =  0.812212
        LSQR iteration =  50   relative error =  0.812206
        LSQR iteration =  51   relative error =  0.812201
      Slowness model updated.
      Iteration number =   2
      Begin forward computations:
        Source number    1: Traveltimes done.
                            Raypaths done.
                            Number of Jacobian matrix elements =     21180
        Source number    2: Traveltimes done.
                            Raypaths done.
                            Number of Jacobian matrix elements =     21339
        Source number    3: Traveltimes done.
                            Raypaths done.
                            Number of Jacobian matrix elements =     21466
        Source number    4: Traveltimes done.
                            Raypaths done.
                            Number of Jacobian matrix elements =     21806
        Source number    5: Traveltimes done.
                            Raypaths done.
                            Number of Jacobian matrix elements =     21883
        Source number    6: Traveltimes done.
                            Raypaths done.
                            Number of Jacobian matrix elements =     22055
        Source number    7: Traveltimes done.
                            Raypaths done.
                            Number of Jacobian matrix elements =     22172
        Source number    8: Traveltimes done.
                            Raypaths done.
                            Number of Jacobian matrix elements =     22257
        Source number    9: Traveltimes done.
                            Raypaths done.
                            Number of Jacobian matrix elements =     22363
        Source number   10: Traveltimes done.
                            Raypaths done.
                            Number of Jacobian matrix elements =     22550
        Source number   11: Traveltimes done.
                            Raypaths done.
                            Number of Jacobian matrix elements =     22590
        Source number   12: Traveltimes done.
                            Raypaths done.
                            Number of Jacobian matrix elements =     22637
        Source number   13: Traveltimes done.
                            Raypaths done.
                            Number of Jacobian matrix elements =     22928
        Source number   14: Traveltimes done.
                            Raypaths done.
                            Number of Jacobian matrix elements =     23035
        Source number   15: Traveltimes done.
                            Raypaths done.
                            Number of Jacobian matrix elements =     23181
        Source number   16: Traveltimes done.
                            Raypaths done.
                            Number of Jacobian matrix elements =     23269
        Source number   17: Traveltimes done.
                            Raypaths done.
                            Number of Jacobian matrix elements =     23331
        Source number   18: Traveltimes done.
                            Raypaths done.
                            Number of Jacobian matrix elements =     23462
        Source number   19: Traveltimes done.
                            Raypaths done.
                            Number of Jacobian matrix elements =     23544
      Total number of raypaths=    138
      Total number of traveltimes used in inversion =   138
      Rms traveltime error = 1551.893 ms
      Slowness model scaled;   scalar =  1.01658
          Improved rms traveltime error = 1528.952 ms

      Velocity model output:
        Min/max horizontal coordinates =     -52.00       56.00
        Min/max vertical coordinates   =     -43.00       47.00
        Min/max velocities             =       1.79        2.85

      Ray density map output:
        Min/max horizontal coordinates =     -50.88       54.88
        Min/max vertical coordinates   =     -41.88       45.88
        Min/max ray densities          =       0.00       19.08

      Predicted traveltimes output.
