
  Begin Program PRONTO

      Run parameters loaded.

      Begin loading observed data:
      Source number =    1
        x =        8.19    z =      -21.49    Number of traveltimes =     8
      Source number =    2
        x =      -10.08    z =       -5.96    Number of traveltimes =     4
      Source number =    3
        x =      -10.08    z =       -5.96    Number of traveltimes =     6
      Source number =    4
        x =        6.05    z =       36.09    Number of traveltimes =    14
      Source number =    5
        x =       32.89    z =       18.85    Number of traveltimes =     8
      Source number =    6
        x =        3.72    z =       17.85    Number of traveltimes =     8
      Source number =    7
        x =        2.83    z =       -3.05    Number of traveltimes =     6
      Source number =    8
        x =        2.83    z =       -3.05    Number of traveltimes =     6
      Source number =    9
        x =       23.72    z =       19.27    Number of traveltimes =     8
      Source number =   10
        x =       18.12    z =        6.59    Number of traveltimes =     7
      Source number =   11
        x =       -5.38    z =       -5.50    Number of traveltimes =     5
      Source number =   12
        x =       -4.31    z =       -9.02    Number of traveltimes =     3
      Source number =   13
        x =      -36.85    z =       12.85    Number of traveltimes =     5
      Source number =   14
        x =      -27.07    z =      -30.07    Number of traveltimes =     3
      Source number =   15
        x =      -10.83    z =        6.36    Number of traveltimes =     3
      Source number =   16
        x =       -2.99    z =      -21.14    Number of traveltimes =     1
      Source number =   17
        x =      -22.45    z =      -13.97    Number of traveltimes =     4
      Source number =   18
        x =      -11.21    z =      -30.24    Number of traveltimes =     1
      Source number =   19
        x =      -45.20    z =       -6.67    Number of traveltimes =     2
      Source number =   20
        x =      -12.64    z =      -12.65    Number of traveltimes =     2
      Source number =   21
        x =      -12.64    z =      -12.65    Number of traveltimes =     2

      Total number of sources     =     21
      Total number of traveltimes =    106

      Min/max horizontal source/receiver coordinates =     -45.20      44.54
      Min/max vertical source/receiver coordinates   =     -30.24      36.09

      Slowness grid defined:
        Number of horizontal grid points    =     49
        Number of vertical grid points      =     41
        Number of slowness cells            =   1920
        Grid interval                       =       2.25
        Min/max horizontal grid coordinates =     -52.00       56.00
        Min/max vertical grid coordinates   =     -43.00       47.00

      Initial slowness model obtained from linear velocity formula.

      5 constraint operators defined:
        Operator #1:
                             0.00     0.00     0.00
                             0.00     2.00     0.00
                             0.00     0.00     0.00
        Operator #2:
                             0.00     0.00     0.00
                             0.00    -3.00     3.00
                             0.00     0.00     0.00
        Operator #3:
                             0.00     0.00     0.00
                             0.00    -3.00     0.00
                             0.00     3.00     0.00
        Operator #4:
                             0.00     0.00     0.00
                             8.00   -16.00     8.00
                             0.00     0.00     0.00
        Operator #5:
                             0.00     8.00     0.00
                             0.00   -16.00     0.00
                             0.00     8.00     0.00

      Reference slowness model identical to initial slowness model.

      Begin tomographic inversion procedure.
      Constraint equations loaded: Number of Jacobean matrix elements =   20768
      Iteration number =   1
      Begin forward computations:
        Source number    1: Traveltimes done.
                            Raypaths done.
                            Number of Jacobian matrix elements =     20992
        Source number    2: Traveltimes done.
                            Raypaths done.
                            Number of Jacobian matrix elements =     21089
        Source number    3: Traveltimes done.
                            Raypaths done.
                            Number of Jacobian matrix elements =     21256
        Source number    4: Traveltimes done.
                            Raypaths done.
                            Number of Jacobian matrix elements =     21640
        Source number    5: Traveltimes done.
                            Raypaths done.
                            Number of Jacobian matrix elements =     21898
        Source number    6: Traveltimes done.
                            Raypaths done.
                            Number of Jacobian matrix elements =     22090
        Source number    7: Traveltimes done.
                            Raypaths done.
                            Number of Jacobian matrix elements =     22245
        Source number    8: Traveltimes done.
                            Raypaths done.
                            Number of Jacobian matrix elements =     22400
        Source number    9: Traveltimes done.
                            Raypaths done.
                            Number of Jacobian matrix elements =     22665
        Source number   10: Traveltimes done.
                            Raypaths done.
                            Number of Jacobian matrix elements =     22841
        Source number   11: Traveltimes done.
                            Raypaths done.
                            Number of Jacobian matrix elements =     22982
        Source number   12: Traveltimes done.
                            Raypaths done.
                            Number of Jacobian matrix elements =     23085
        Source number   13: Traveltimes done.
                            Raypaths done.
                            Number of Jacobian matrix elements =     23206
        Source number   14: Traveltimes done.
                            Raypaths done.
                            Number of Jacobian matrix elements =     23265
        Source number   15: Traveltimes done.
                            Raypaths done.
                            Number of Jacobian matrix elements =     23358
        Source number   16: Traveltimes done.
                            Raypaths done.
                            Number of Jacobian matrix elements =     23384
        Source number   17: Traveltimes done.
                            Raypaths done.
                            Number of Jacobian matrix elements =     23518
        Source number   18: Traveltimes done.
                            Raypaths done.
                            Number of Jacobian matrix elements =     23545
        Source number   19: Traveltimes done.
                            Raypaths done.
                            Number of Jacobian matrix elements =     23593
        Source number   20: Traveltimes done.
                            Raypaths done.
                            Number of Jacobian matrix elements =     23683
        Source number   21: Traveltimes done.
                            Raypaths done.
                            Number of Jacobian matrix elements =     23773
      Total number of raypaths=    106
      Total number of traveltimes used in inversion =   106
      Rms traveltime error = 2992.453 ms
      Slowness model scaled;   scalar =  0.94685
          Improved rms traveltime error = 2805.616 ms
      Begin inverse computations:
        LSQR iteration =   1   relative error =  0.946513
        LSQR iteration =   2   relative error =  0.905580
        LSQR iteration =   3   relative error =  0.875716
        LSQR iteration =   4   relative error =  0.851242
        LSQR iteration =   5   relative error =  0.833358
        LSQR iteration =   6   relative error =  0.822615
        LSQR iteration =   7   relative error =  0.815584
        LSQR iteration =   8   relative error =  0.809985
        LSQR iteration =   9   relative error =  0.805114
        LSQR iteration =  10   relative error =  0.800906
        LSQR iteration =  11   relative error =  0.797255
        LSQR iteration =  12   relative error =  0.794190
        LSQR iteration =  13   relative error =  0.791692
        LSQR iteration =  14   relative error =  0.789730
        LSQR iteration =  15   relative error =  0.788137
        LSQR iteration =  16   relative error =  0.786822
        LSQR iteration =  17   relative error =  0.785724
        LSQR iteration =  18   relative error =  0.784800
        LSQR iteration =  19   relative error =  0.784002
        LSQR iteration =  20   relative error =  0.783322
        LSQR iteration =  21   relative error =  0.782759
        LSQR iteration =  22   relative error =  0.782286
        LSQR iteration =  23   relative error =  0.781879
        LSQR iteration =  24   relative error =  0.781519
        LSQR iteration =  25   relative error =  0.781205
        LSQR iteration =  26   relative error =  0.780923
        LSQR iteration =  27   relative error =  0.780678
        LSQR iteration =  28   relative error =  0.780461
        LSQR iteration =  29   relative error =  0.780268
        LSQR iteration =  30   relative error =  0.780110
        LSQR iteration =  31   relative error =  0.779969
        LSQR iteration =  32   relative error =  0.779846
        LSQR iteration =  33   relative error =  0.779742
        LSQR iteration =  34   relative error =  0.779641
        LSQR iteration =  35   relative error =  0.779561
        LSQR iteration =  36   relative error =  0.779482
        LSQR iteration =  37   relative error =  0.779421
        LSQR iteration =  38   relative error =  0.779371
        LSQR iteration =  39   relative error =  0.779323
        LSQR iteration =  40   relative error =  0.779286
        LSQR iteration =  41   relative error =  0.779260
        LSQR iteration =  42   relative error =  0.779238
        LSQR iteration =  43   relative error =  0.779216
        LSQR iteration =  44   relative error =  0.779200
        LSQR iteration =  45   relative error =  0.779187
        LSQR iteration =  46   relative error =  0.779177
        LSQR iteration =  47   relative error =  0.779167
        LSQR iteration =  48   relative error =  0.779158
        LSQR iteration =  49   relative error =  0.779151
        LSQR iteration =  50   relative error =  0.779146
        LSQR iteration =  51   relative error =  0.779142
      Slowness model updated.
      Iteration number =   2
      Begin forward computations:
        Source number    1: Traveltimes done.
                            Raypaths done.
                            Number of Jacobian matrix elements =     20992
        Source number    2: Traveltimes done.
                            Raypaths done.
                            Number of Jacobian matrix elements =     21089
        Source number    3: Traveltimes done.
                            Raypaths done.
                            Number of Jacobian matrix elements =     21257
        Source number    4: Traveltimes done.
                            Raypaths done.
                            Number of Jacobian matrix elements =     21643
        Source number    5: Traveltimes done.
                            Raypaths done.
                            Number of Jacobian matrix elements =     21903
        Source number    6: Traveltimes done.
                            Raypaths done.
                            Number of Jacobian matrix elements =     22101
        Source number    7: Traveltimes done.
                            Raypaths done.
                            Number of Jacobian matrix elements =     22258
        Source number    8: Traveltimes done.
                            Raypaths done.
                            Number of Jacobian matrix elements =     22415
        Source number    9: Traveltimes done.
                            Raypaths done.
                            Number of Jacobian matrix elements =     22683
        Source number   10: Traveltimes done.
                            Raypaths done.
                            Number of Jacobian matrix elements =     22861
        Source number   11: Traveltimes done.
                            Raypaths done.
                            Number of Jacobian matrix elements =     23003
        Source number   12: Traveltimes done.
                            Raypaths done.
                            Number of Jacobian matrix elements =     23106
        Source number   13: Traveltimes done.
                            Raypaths done.
                            Number of Jacobian matrix elements =     23227
        Source number   14: Traveltimes done.
                            Raypaths done.
                            Number of Jacobian matrix elements =     23286
        Source number   15: Traveltimes done.
                            Raypaths done.
                            Number of Jacobian matrix elements =     23380
        Source number   16: Traveltimes done.
                            Raypaths done.
                            Number of Jacobian matrix elements =     23406
        Source number   17: Traveltimes done.
                            Raypaths done.
                            Number of Jacobian matrix elements =     23540
        Source number   18: Traveltimes done.
                            Raypaths done.
                            Number of Jacobian matrix elements =     23567
        Source number   19: Traveltimes done.
                            Raypaths done.
                            Number of Jacobian matrix elements =     23617
        Source number   20: Traveltimes done.
                            Raypaths done.
                            Number of Jacobian matrix elements =     23707
        Source number   21: Traveltimes done.
                            Raypaths done.
                            Number of Jacobian matrix elements =     23797
      Total number of raypaths=    106
      Total number of traveltimes used in inversion =   106
      Rms traveltime error = 2227.409 ms
      Slowness model scaled;   scalar =  1.01794
          Improved rms traveltime error = 2203.106 ms

      Velocity model output:
        Min/max horizontal coordinates =     -52.00       56.00
        Min/max vertical coordinates   =     -43.00       47.00
        Min/max velocities             =       1.97        3.42

      Ray density map output:
        Min/max horizontal coordinates =     -50.88       54.88
        Min/max vertical coordinates   =     -41.88       45.88
        Min/max ray densities          =       0.00       38.61

      Predicted traveltimes output.
