
  Begin Program PRONTO

      Run parameters loaded.

      Begin loading observed data:
      Source number =    1
        x =        8.19    z =      -21.49    Number of traveltimes =    19
      Source number =    2
        x =      -10.08    z =       -5.96    Number of traveltimes =     5
      Source number =    3
        x =      -10.08    z =       -5.96    Number of traveltimes =     7
      Source number =    4
        x =        6.05    z =       36.09    Number of traveltimes =    14
      Source number =    5
        x =       32.89    z =       18.85    Number of traveltimes =     2
      Source number =    6
        x =        3.72    z =       17.85    Number of traveltimes =     8
      Source number =    7
        x =        2.83    z =       -3.05    Number of traveltimes =     6
      Source number =    8
        x =        2.83    z =       -3.05    Number of traveltimes =     4
      Source number =    9
        x =       23.72    z =       19.27    Number of traveltimes =     4
      Source number =   10
        x =       18.12    z =        6.59    Number of traveltimes =     5
      Source number =   11
        x =       -5.38    z =       -5.50    Number of traveltimes =     2
      Source number =   12
        x =       -4.31    z =       -9.02    Number of traveltimes =     5
      Source number =   13
        x =      -36.85    z =       12.85    Number of traveltimes =    10
      Source number =   14
        x =      -27.07    z =      -30.07    Number of traveltimes =     4
      Source number =   15
        x =      -10.83    z =        6.36    Number of traveltimes =     6
      Source number =   16
        x =       -2.99    z =      -21.14    Number of traveltimes =     5
      Source number =   17
        x =      -22.45    z =      -13.97    Number of traveltimes =     4
      Source number =   18
        x =      -11.21    z =      -30.24    Number of traveltimes =     3
      Source number =   19
        x =      -45.20    z =       -6.67    Number of traveltimes =     4
      Source number =   20
        x =      -12.64    z =      -12.65    Number of traveltimes =     2
      Source number =   21
        x =      -12.64    z =      -12.65    Number of traveltimes =     2

      Total number of sources     =     21
      Total number of traveltimes =    121

      Min/max horizontal source/receiver coordinates =     -45.20      44.54
      Min/max vertical source/receiver coordinates   =     -30.24      36.09

      Slowness grid defined:
        Number of horizontal grid points    =     49
        Number of vertical grid points      =     41
        Number of slowness cells            =   1920
        Grid interval                       =       2.25
        Min/max horizontal grid coordinates =     -52.00       56.00
        Min/max vertical grid coordinates   =     -43.00       47.00

      Initial slowness model obtained from linear velocity formula.

      5 constraint operators defined:
        Operator #1:
                             0.00     0.00     0.00
                             0.00     2.00     0.00
                             0.00     0.00     0.00
        Operator #2:
                             0.00     0.00     0.00
                             0.00    -3.00     3.00
                             0.00     0.00     0.00
        Operator #3:
                             0.00     0.00     0.00
                             0.00    -3.00     0.00
                             0.00     3.00     0.00
        Operator #4:
                             0.00     0.00     0.00
                             8.00   -16.00     8.00
                             0.00     0.00     0.00
        Operator #5:
                             0.00     8.00     0.00
                             0.00   -16.00     0.00
                             0.00     8.00     0.00

      Reference slowness model identical to initial slowness model.

      Begin tomographic inversion procedure.
      Constraint equations loaded: Number of Jacobean matrix elements =   20768
      Iteration number =   1
      Begin forward computations:
        Source number    1: Traveltimes done.
                            Raypaths done.
                            Number of Jacobian matrix elements =     21183
        Source number    2: Traveltimes done.
                            Raypaths done.
                            Number of Jacobian matrix elements =     21257
        Source number    3: Traveltimes done.
                            Raypaths done.
                            Number of Jacobian matrix elements =     21349
        Source number    4: Traveltimes done.
                            Raypaths done.
                            Number of Jacobian matrix elements =     21688
        Source number    5: Traveltimes done.
                            Raypaths done.
                            Number of Jacobian matrix elements =     21717
        Source number    6: Traveltimes done.
                            Raypaths done.
                            Number of Jacobian matrix elements =     21873
        Source number    7: Traveltimes done.
                            Raypaths done.
                            Number of Jacobian matrix elements =     22030
        Source number    8: Traveltimes done.
                            Raypaths done.
                            Number of Jacobian matrix elements =     22104
        Source number    9: Traveltimes done.
                            Raypaths done.
                            Number of Jacobian matrix elements =     22210
        Source number   10: Traveltimes done.
                            Raypaths done.
                            Number of Jacobian matrix elements =     22316
        Source number   11: Traveltimes done.
                            Raypaths done.
                            Number of Jacobian matrix elements =     22337
        Source number   12: Traveltimes done.
                            Raypaths done.
                            Number of Jacobian matrix elements =     22398
        Source number   13: Traveltimes done.
                            Raypaths done.
                            Number of Jacobian matrix elements =     22661
        Source number   14: Traveltimes done.
                            Raypaths done.
                            Number of Jacobian matrix elements =     22716
        Source number   15: Traveltimes done.
                            Raypaths done.
                            Number of Jacobian matrix elements =     22788
        Source number   16: Traveltimes done.
                            Raypaths done.
                            Number of Jacobian matrix elements =     22852
        Source number   17: Traveltimes done.
                            Raypaths done.
                            Number of Jacobian matrix elements =     22914
        Source number   18: Traveltimes done.
                            Raypaths done.
                            Number of Jacobian matrix elements =     23045
        Source number   19: Traveltimes done.
                            Raypaths done.
                            Number of Jacobian matrix elements =     23129
        Source number   20: Traveltimes done.
                            Raypaths done.
                            Number of Jacobian matrix elements =     23153
        Source number   21: Traveltimes done.
                            Raypaths done.
                            Number of Jacobian matrix elements =     23177
      Total number of raypaths=    121
      Total number of traveltimes used in inversion =   121
      Rms traveltime error = 3257.612 ms
      Slowness model scaled;   scalar =  1.04821
          Improved rms traveltime error = 3176.444 ms
      Begin inverse computations:
        LSQR iteration =   1   relative error =  0.974407
        LSQR iteration =   2   relative error =  0.944195
        LSQR iteration =   3   relative error =  0.916589
        LSQR iteration =   4   relative error =  0.897676
        LSQR iteration =   5   relative error =  0.884503
        LSQR iteration =   6   relative error =  0.875550
        LSQR iteration =   7   relative error =  0.868755
        LSQR iteration =   8   relative error =  0.863627
        LSQR iteration =   9   relative error =  0.859531
        LSQR iteration =  10   relative error =  0.856353
        LSQR iteration =  11   relative error =  0.853844
        LSQR iteration =  12   relative error =  0.851907
        LSQR iteration =  13   relative error =  0.850309
        LSQR iteration =  14   relative error =  0.849007
        LSQR iteration =  15   relative error =  0.847919
        LSQR iteration =  16   relative error =  0.847030
        LSQR iteration =  17   relative error =  0.846311
        LSQR iteration =  18   relative error =  0.845735
        LSQR iteration =  19   relative error =  0.845270
        LSQR iteration =  20   relative error =  0.844892
        LSQR iteration =  21   relative error =  0.844582
        LSQR iteration =  22   relative error =  0.844327
        LSQR iteration =  23   relative error =  0.844113
        LSQR iteration =  24   relative error =  0.843930
        LSQR iteration =  25   relative error =  0.843775
        LSQR iteration =  26   relative error =  0.843638
        LSQR iteration =  27   relative error =  0.843518
        LSQR iteration =  28   relative error =  0.843421
        LSQR iteration =  29   relative error =  0.843323
        LSQR iteration =  30   relative error =  0.843243
        LSQR iteration =  31   relative error =  0.843166
        LSQR iteration =  32   relative error =  0.843109
        LSQR iteration =  33   relative error =  0.843053
        LSQR iteration =  34   relative error =  0.843003
        LSQR iteration =  35   relative error =  0.842967
        LSQR iteration =  36   relative error =  0.842933
        LSQR iteration =  37   relative error =  0.842900
        LSQR iteration =  38   relative error =  0.842876
        LSQR iteration =  39   relative error =  0.842858
        LSQR iteration =  40   relative error =  0.842842
        LSQR iteration =  41   relative error =  0.842828
        LSQR iteration =  42   relative error =  0.842812
        LSQR iteration =  43   relative error =  0.842802
        LSQR iteration =  44   relative error =  0.842791
        LSQR iteration =  45   relative error =  0.842784
        LSQR iteration =  46   relative error =  0.842779
        LSQR iteration =  47   relative error =  0.842773
        LSQR iteration =  48   relative error =  0.842769
        LSQR iteration =  49   relative error =  0.842765
        LSQR iteration =  50   relative error =  0.842761
        LSQR iteration =  51   relative error =  0.842758
      Slowness model updated.
      Iteration number =   2
      Begin forward computations:
        Source number    1: Traveltimes done.
                            Raypaths done.
                            Number of Jacobian matrix elements =     21188
        Source number    2: Traveltimes done.
                            Raypaths done.
                            Number of Jacobian matrix elements =     21262
        Source number    3: Traveltimes done.
                            Raypaths done.
                            Number of Jacobian matrix elements =     21353
        Source number    4: Traveltimes done.
                            Raypaths done.
                            Number of Jacobian matrix elements =     21694
        Source number    5: Traveltimes done.
                            Raypaths done.
                            Number of Jacobian matrix elements =     21723
        Source number    6: Traveltimes done.
                            Raypaths done.
                            Number of Jacobian matrix elements =     21881
        Source number    7: Traveltimes done.
                            Raypaths done.
                            Number of Jacobian matrix elements =     22040
        Source number    8: Traveltimes done.
                            Raypaths done.
                            Number of Jacobian matrix elements =     22114
        Source number    9: Traveltimes done.
                            Raypaths done.
                            Number of Jacobian matrix elements =     22220
        Source number   10: Traveltimes done.
                            Raypaths done.
                            Number of Jacobian matrix elements =     22326
        Source number   11: Traveltimes done.
                            Raypaths done.
                            Number of Jacobian matrix elements =     22347
        Source number   12: Traveltimes done.
                            Raypaths done.
                            Number of Jacobian matrix elements =     22408
        Source number   13: Traveltimes done.
                            Raypaths done.
                            Number of Jacobian matrix elements =     22671
        Source number   14: Traveltimes done.
                            Raypaths done.
                            Number of Jacobian matrix elements =     22726
        Source number   15: Traveltimes done.
                            Raypaths done.
                            Number of Jacobian matrix elements =     22800
        Source number   16: Traveltimes done.
                            Raypaths done.
                            Number of Jacobian matrix elements =     22864
        Source number   17: Traveltimes done.
                            Raypaths done.
                            Number of Jacobian matrix elements =     22926
        Source number   18: Traveltimes done.
                            Raypaths done.
                            Number of Jacobian matrix elements =     23057
        Source number   19: Traveltimes done.
                            Raypaths done.
                            Number of Jacobian matrix elements =     23139
        Source number   20: Traveltimes done.
                            Raypaths done.
                            Number of Jacobian matrix elements =     23163
        Source number   21: Traveltimes done.
                            Raypaths done.
                            Number of Jacobian matrix elements =     23187
      Total number of raypaths=    121
      Total number of traveltimes used in inversion =   121
      Rms traveltime error = 2832.829 ms
      Slowness model scaled;   scalar =  1.03227
          Improved rms traveltime error = 2789.499 ms

      Velocity model output:
        Min/max horizontal coordinates =     -52.00       56.00
        Min/max vertical coordinates   =     -43.00       47.00
        Min/max velocities             =       1.73        3.82

      Ray density map output:
        Min/max horizontal coordinates =     -50.88       54.88
        Min/max vertical coordinates   =     -41.88       45.88
        Min/max ray densities          =       0.00       14.75

      Predicted traveltimes output.
