
  Begin Program PRONTO

      Run parameters loaded.

      Begin loading observed data:
      Source number =    1
        x =        8.19    z =      -21.49    Number of traveltimes =    15
      Source number =    2
        x =      -10.08    z =       -5.96    Number of traveltimes =     4
      Source number =    3
        x =      -10.08    z =       -5.96    Number of traveltimes =     3
      Source number =    4
        x =        6.05    z =       36.09    Number of traveltimes =    16
      Source number =    5
        x =       32.89    z =       18.85    Number of traveltimes =    10
      Source number =    6
        x =        3.72    z =       17.85    Number of traveltimes =    12
      Source number =    7
        x =        2.83    z =       -3.05    Number of traveltimes =     5
      Source number =    8
        x =        2.83    z =       -3.05    Number of traveltimes =     2
      Source number =    9
        x =       23.72    z =       19.27    Number of traveltimes =     7
      Source number =   10
        x =       18.12    z =        6.59    Number of traveltimes =     6
      Source number =   11
        x =       -5.38    z =       -5.50    Number of traveltimes =     3
      Source number =   12
        x =       -4.31    z =       -9.02    Number of traveltimes =     4
      Source number =   13
        x =      -36.85    z =       12.85    Number of traveltimes =     9
      Source number =   14
        x =      -27.07    z =      -30.07    Number of traveltimes =     5
      Source number =   15
        x =      -10.83    z =        6.36    Number of traveltimes =     3
      Source number =   16
        x =       -2.99    z =      -21.14    Number of traveltimes =     6
      Source number =   17
        x =      -22.45    z =      -13.97    Number of traveltimes =     6
      Source number =   18
        x =      -11.21    z =      -30.24    Number of traveltimes =     3
      Source number =   19
        x =      -45.20    z =       -6.67    Number of traveltimes =     2

      Total number of sources     =     19
      Total number of traveltimes =    121

      Min/max horizontal source/receiver coordinates =     -45.20      44.54
      Min/max vertical source/receiver coordinates   =     -30.24      36.09

      Slowness grid defined:
        Number of horizontal grid points    =     49
        Number of vertical grid points      =     41
        Number of slowness cells            =   1920
        Grid interval                       =       2.25
        Min/max horizontal grid coordinates =     -52.00       56.00
        Min/max vertical grid coordinates   =     -43.00       47.00

      Initial slowness model obtained from linear velocity formula.

      5 constraint operators defined:
        Operator #1:
                             0.00     0.00     0.00
                             0.00     2.00     0.00
                             0.00     0.00     0.00
        Operator #2:
                             0.00     0.00     0.00
                             0.00    -3.00     3.00
                             0.00     0.00     0.00
        Operator #3:
                             0.00     0.00     0.00
                             0.00    -3.00     0.00
                             0.00     3.00     0.00
        Operator #4:
                             0.00     0.00     0.00
                             8.00   -16.00     8.00
                             0.00     0.00     0.00
        Operator #5:
                             0.00     8.00     0.00
                             0.00   -16.00     0.00
                             0.00     8.00     0.00

      Reference slowness model identical to initial slowness model.

      Begin tomographic inversion procedure.
      Constraint equations loaded: Number of Jacobean matrix elements =   20768
      Iteration number =   1
      Begin forward computations:
        Source number    1: Traveltimes done.
                            Raypaths done.
                            Number of Jacobian matrix elements =     21086
        Source number    2: Traveltimes done.
                            Raypaths done.
                            Number of Jacobian matrix elements =     21165
        Source number    3: Traveltimes done.
                            Raypaths done.
                            Number of Jacobian matrix elements =     21230
        Source number    4: Traveltimes done.
                            Raypaths done.
                            Number of Jacobian matrix elements =     21656
        Source number    5: Traveltimes done.
                            Raypaths done.
                            Number of Jacobian matrix elements =     21974
        Source number    6: Traveltimes done.
                            Raypaths done.
                            Number of Jacobian matrix elements =     22200
        Source number    7: Traveltimes done.
                            Raypaths done.
                            Number of Jacobian matrix elements =     22337
        Source number    8: Traveltimes done.
                            Raypaths done.
                            Number of Jacobian matrix elements =     22387
        Source number    9: Traveltimes done.
                            Raypaths done.
                            Number of Jacobian matrix elements =     22608
        Source number   10: Traveltimes done.
                            Raypaths done.
                            Number of Jacobian matrix elements =     22755
        Source number   11: Traveltimes done.
                            Raypaths done.
                            Number of Jacobian matrix elements =     22852
        Source number   12: Traveltimes done.
                            Raypaths done.
                            Number of Jacobian matrix elements =     22976
        Source number   13: Traveltimes done.
                            Raypaths done.
                            Number of Jacobian matrix elements =     23230
        Source number   14: Traveltimes done.
                            Raypaths done.
                            Number of Jacobian matrix elements =     23319
        Source number   15: Traveltimes done.
                            Raypaths done.
                            Number of Jacobian matrix elements =     23374
        Source number   16: Traveltimes done.
                            Raypaths done.
                            Number of Jacobian matrix elements =     23526
        Source number   17: Traveltimes done.
                            Raypaths done.
                            Number of Jacobian matrix elements =     23688
        Source number   18: Traveltimes done.
                            Raypaths done.
                            Number of Jacobian matrix elements =     23819
        Source number   19: Traveltimes done.
                            Raypaths done.
                            Number of Jacobian matrix elements =     23867
      Total number of raypaths=    121
      Total number of traveltimes used in inversion =   121
      Rms traveltime error = 2575.007 ms
      Slowness model scaled;   scalar =  0.98883
          Improved rms traveltime error = 2566.745 ms
      Begin inverse computations:
        LSQR iteration =   1   relative error =  0.960404
        LSQR iteration =   2   relative error =  0.919267
        LSQR iteration =   3   relative error =  0.889309
        LSQR iteration =   4   relative error =  0.871637
        LSQR iteration =   5   relative error =  0.858361
        LSQR iteration =   6   relative error =  0.848645
        LSQR iteration =   7   relative error =  0.841267
        LSQR iteration =   8   relative error =  0.835612
        LSQR iteration =   9   relative error =  0.831143
        LSQR iteration =  10   relative error =  0.827691
        LSQR iteration =  11   relative error =  0.824757
        LSQR iteration =  12   relative error =  0.822277
        LSQR iteration =  13   relative error =  0.820264
        LSQR iteration =  14   relative error =  0.818730
        LSQR iteration =  15   relative error =  0.817592
        LSQR iteration =  16   relative error =  0.816716
        LSQR iteration =  17   relative error =  0.815989
        LSQR iteration =  18   relative error =  0.815385
        LSQR iteration =  19   relative error =  0.814907
        LSQR iteration =  20   relative error =  0.814528
        LSQR iteration =  21   relative error =  0.814220
        LSQR iteration =  22   relative error =  0.813968
        LSQR iteration =  23   relative error =  0.813769
        LSQR iteration =  24   relative error =  0.813609
        LSQR iteration =  25   relative error =  0.813475
        LSQR iteration =  26   relative error =  0.813363
        LSQR iteration =  27   relative error =  0.813266
        LSQR iteration =  28   relative error =  0.813182
        LSQR iteration =  29   relative error =  0.813113
        LSQR iteration =  30   relative error =  0.813055
        LSQR iteration =  31   relative error =  0.813007
        LSQR iteration =  32   relative error =  0.812966
        LSQR iteration =  33   relative error =  0.812932
        LSQR iteration =  34   relative error =  0.812900
        LSQR iteration =  35   relative error =  0.812874
        LSQR iteration =  36   relative error =  0.812851
        LSQR iteration =  37   relative error =  0.812832
        LSQR iteration =  38   relative error =  0.812818
        LSQR iteration =  39   relative error =  0.812804
        LSQR iteration =  40   relative error =  0.812795
        LSQR iteration =  41   relative error =  0.812787
        LSQR iteration =  42   relative error =  0.812780
        LSQR iteration =  43   relative error =  0.812773
        LSQR iteration =  44   relative error =  0.812768
        LSQR iteration =  45   relative error =  0.812764
        LSQR iteration =  46   relative error =  0.812760
        LSQR iteration =  47   relative error =  0.812757
        LSQR iteration =  48   relative error =  0.812753
        LSQR iteration =  49   relative error =  0.812751
        LSQR iteration =  50   relative error =  0.812748
        LSQR iteration =  51   relative error =  0.812747
      Slowness model updated.
      Iteration number =   2
      Begin forward computations:
        Source number    1: Traveltimes done.
                            Raypaths done.
                            Number of Jacobian matrix elements =     21086
        Source number    2: Traveltimes done.
                            Raypaths done.
                            Number of Jacobian matrix elements =     21166
        Source number    3: Traveltimes done.
                            Raypaths done.
                            Number of Jacobian matrix elements =     21231
        Source number    4: Traveltimes done.
                            Raypaths done.
                            Number of Jacobian matrix elements =     21663
        Source number    5: Traveltimes done.
                            Raypaths done.
                            Number of Jacobian matrix elements =     21980
        Source number    6: Traveltimes done.
                            Raypaths done.
                            Number of Jacobian matrix elements =     22214
        Source number    7: Traveltimes done.
                            Raypaths done.
                            Number of Jacobian matrix elements =     22351
        Source number    8: Traveltimes done.
                            Raypaths done.
                            Number of Jacobian matrix elements =     22401
        Source number    9: Traveltimes done.
                            Raypaths done.
                            Number of Jacobian matrix elements =     22622
        Source number   10: Traveltimes done.
                            Raypaths done.
                            Number of Jacobian matrix elements =     22769
        Source number   11: Traveltimes done.
                            Raypaths done.
                            Number of Jacobian matrix elements =     22866
        Source number   12: Traveltimes done.
                            Raypaths done.
                            Number of Jacobian matrix elements =     22990
        Source number   13: Traveltimes done.
                            Raypaths done.
                            Number of Jacobian matrix elements =     23248
        Source number   14: Traveltimes done.
                            Raypaths done.
                            Number of Jacobian matrix elements =     23337
        Source number   15: Traveltimes done.
                            Raypaths done.
                            Number of Jacobian matrix elements =     23393
        Source number   16: Traveltimes done.
                            Raypaths done.
                            Number of Jacobian matrix elements =     23545
        Source number   17: Traveltimes done.
                            Raypaths done.
                            Number of Jacobian matrix elements =     23707
        Source number   18: Traveltimes done.
                            Raypaths done.
                            Number of Jacobian matrix elements =     23838
        Source number   19: Traveltimes done.
                            Raypaths done.
                            Number of Jacobian matrix elements =     23886
      Total number of raypaths=    121
      Total number of traveltimes used in inversion =   121
      Rms traveltime error = 2126.975 ms
      Slowness model scaled;   scalar =  1.02626
          Improved rms traveltime error = 2074.743 ms

      Velocity model output:
        Min/max horizontal coordinates =     -52.00       56.00
        Min/max vertical coordinates   =     -43.00       47.00
        Min/max velocities             =       1.99        3.23

      Ray density map output:
        Min/max horizontal coordinates =     -50.88       54.88
        Min/max vertical coordinates   =     -41.88       45.88
        Min/max ray densities          =       0.00       25.09

      Predicted traveltimes output.
