
  Begin Program PRONTO

      Run parameters loaded.

      Begin loading observed data:
      Source number =    1
        x =        8.19    z =      -21.49    Number of traveltimes =    13
      Source number =    2
        x =      -10.08    z =       -5.96    Number of traveltimes =     5
      Source number =    3
        x =      -10.08    z =       -5.96    Number of traveltimes =     5
      Source number =    4
        x =        6.05    z =       36.09    Number of traveltimes =    12
      Source number =    5
        x =       32.89    z =       18.85    Number of traveltimes =     3
      Source number =    6
        x =        3.72    z =       17.85    Number of traveltimes =     5
      Source number =    7
        x =        2.83    z =       -3.05    Number of traveltimes =     2
      Source number =    8
        x =        2.83    z =       -3.05    Number of traveltimes =     4
      Source number =    9
        x =       23.72    z =       19.27    Number of traveltimes =     1
      Source number =   10
        x =       18.12    z =        6.59    Number of traveltimes =     4
      Source number =   11
        x =       -5.38    z =       -5.50    Number of traveltimes =     1
      Source number =   12
        x =       -4.31    z =       -9.02    Number of traveltimes =     3
      Source number =   13
        x =      -36.85    z =       12.85    Number of traveltimes =    10
      Source number =   14
        x =      -27.07    z =      -30.07    Number of traveltimes =     2
      Source number =   15
        x =      -10.83    z =        6.36    Number of traveltimes =     6
      Source number =   16
        x =       -2.99    z =      -21.14    Number of traveltimes =     6
      Source number =   17
        x =      -22.45    z =      -13.97    Number of traveltimes =     1
      Source number =   18
        x =      -11.21    z =      -30.24    Number of traveltimes =     5
      Source number =   19
        x =      -45.20    z =       -6.67    Number of traveltimes =     4
      Source number =   20
        x =       -0.11    z =       -1.87    Number of traveltimes =     2
      Source number =   21
        x =       -0.11    z =       -1.87    Number of traveltimes =     2

      Total number of sources     =     21
      Total number of traveltimes =     96

      Min/max horizontal source/receiver coordinates =     -45.20      44.54
      Min/max vertical source/receiver coordinates   =     -30.24      36.09

      Slowness grid defined:
        Number of horizontal grid points    =     49
        Number of vertical grid points      =     41
        Number of slowness cells            =   1920
        Grid interval                       =       2.25
        Min/max horizontal grid coordinates =     -52.00       56.00
        Min/max vertical grid coordinates   =     -43.00       47.00

      Initial slowness model obtained from linear velocity formula.

      5 constraint operators defined:
        Operator #1:
                             0.00     0.00     0.00
                             0.00     2.00     0.00
                             0.00     0.00     0.00
        Operator #2:
                             0.00     0.00     0.00
                             0.00    -3.00     3.00
                             0.00     0.00     0.00
        Operator #3:
                             0.00     0.00     0.00
                             0.00    -3.00     0.00
                             0.00     3.00     0.00
        Operator #4:
                             0.00     0.00     0.00
                             8.00   -16.00     8.00
                             0.00     0.00     0.00
        Operator #5:
                             0.00     8.00     0.00
                             0.00   -16.00     0.00
                             0.00     8.00     0.00

      Reference slowness model identical to initial slowness model.

      Begin tomographic inversion procedure.
      Constraint equations loaded: Number of Jacobean matrix elements =   20768
      Iteration number =   1
      Begin forward computations:
        Source number    1: Traveltimes done.
                            Raypaths done.
                            Number of Jacobian matrix elements =     21060
        Source number    2: Traveltimes done.
                            Raypaths done.
                            Number of Jacobian matrix elements =     21119
        Source number    3: Traveltimes done.
                            Raypaths done.
                            Number of Jacobian matrix elements =     21185
        Source number    4: Traveltimes done.
                            Raypaths done.
                            Number of Jacobian matrix elements =     21493
        Source number    5: Traveltimes done.
                            Raypaths done.
                            Number of Jacobian matrix elements =     21551
        Source number    6: Traveltimes done.
                            Raypaths done.
                            Number of Jacobian matrix elements =     21649
        Source number    7: Traveltimes done.
                            Raypaths done.
                            Number of Jacobian matrix elements =     21699
        Source number    8: Traveltimes done.
                            Raypaths done.
                            Number of Jacobian matrix elements =     21761
        Source number    9: Traveltimes done.
                            Raypaths done.
                            Number of Jacobian matrix elements =     21769
        Source number   10: Traveltimes done.
                            Raypaths done.
                            Number of Jacobian matrix elements =     21860
        Source number   11: Traveltimes done.
                            Raypaths done.
                            Number of Jacobian matrix elements =     21869
        Source number   12: Traveltimes done.
                            Raypaths done.
                            Number of Jacobian matrix elements =     21891
        Source number   13: Traveltimes done.
                            Raypaths done.
                            Number of Jacobian matrix elements =     22154
        Source number   14: Traveltimes done.
                            Raypaths done.
                            Number of Jacobian matrix elements =     22183
        Source number   15: Traveltimes done.
                            Raypaths done.
                            Number of Jacobian matrix elements =     22255
        Source number   16: Traveltimes done.
                            Raypaths done.
                            Number of Jacobian matrix elements =     22397
        Source number   17: Traveltimes done.
                            Raypaths done.
                            Number of Jacobian matrix elements =     22410
        Source number   18: Traveltimes done.
                            Raypaths done.
                            Number of Jacobian matrix elements =     22579
        Source number   19: Traveltimes done.
                            Raypaths done.
                            Number of Jacobian matrix elements =     22663
        Source number   20: Traveltimes done.
                            Raypaths done.
                            Number of Jacobian matrix elements =     22731
        Source number   21: Traveltimes done.
                            Raypaths done.
                            Number of Jacobian matrix elements =     22799
      Total number of raypaths=     96
      Total number of traveltimes used in inversion =    96
      Rms traveltime error = 4192.855 ms
      Slowness model scaled;   scalar =  1.04827
          Improved rms traveltime error = 4120.780 ms
      Begin inverse computations:
        LSQR iteration =   1   relative error =  0.964639
        LSQR iteration =   2   relative error =  0.924009
        LSQR iteration =   3   relative error =  0.891804
        LSQR iteration =   4   relative error =  0.868970
        LSQR iteration =   5   relative error =  0.852113
        LSQR iteration =   6   relative error =  0.839752
        LSQR iteration =   7   relative error =  0.830396
        LSQR iteration =   8   relative error =  0.823451
        LSQR iteration =   9   relative error =  0.818191
        LSQR iteration =  10   relative error =  0.814214
        LSQR iteration =  11   relative error =  0.811191
        LSQR iteration =  12   relative error =  0.808908
        LSQR iteration =  13   relative error =  0.807121
        LSQR iteration =  14   relative error =  0.805709
        LSQR iteration =  15   relative error =  0.804544
        LSQR iteration =  16   relative error =  0.803587
        LSQR iteration =  17   relative error =  0.802785
        LSQR iteration =  18   relative error =  0.802120
        LSQR iteration =  19   relative error =  0.801565
        LSQR iteration =  20   relative error =  0.801104
        LSQR iteration =  21   relative error =  0.800721
        LSQR iteration =  22   relative error =  0.800408
        LSQR iteration =  23   relative error =  0.800151
        LSQR iteration =  24   relative error =  0.799936
        LSQR iteration =  25   relative error =  0.799761
        LSQR iteration =  26   relative error =  0.799616
        LSQR iteration =  27   relative error =  0.799494
        LSQR iteration =  28   relative error =  0.799399
        LSQR iteration =  29   relative error =  0.799306
        LSQR iteration =  30   relative error =  0.799236
        LSQR iteration =  31   relative error =  0.799170
        LSQR iteration =  32   relative error =  0.799122
        LSQR iteration =  33   relative error =  0.799071
        LSQR iteration =  34   relative error =  0.799025
        LSQR iteration =  35   relative error =  0.798991
        LSQR iteration =  36   relative error =  0.798957
        LSQR iteration =  37   relative error =  0.798924
        LSQR iteration =  38   relative error =  0.798899
        LSQR iteration =  39   relative error =  0.798881
        LSQR iteration =  40   relative error =  0.798863
        LSQR iteration =  41   relative error =  0.798846
        LSQR iteration =  42   relative error =  0.798830
        LSQR iteration =  43   relative error =  0.798817
        LSQR iteration =  44   relative error =  0.798806
        LSQR iteration =  45   relative error =  0.798798
        LSQR iteration =  46   relative error =  0.798791
        LSQR iteration =  47   relative error =  0.798784
        LSQR iteration =  48   relative error =  0.798779
        LSQR iteration =  49   relative error =  0.798775
        LSQR iteration =  50   relative error =  0.798771
        LSQR iteration =  51   relative error =  0.798768
      Slowness model updated.
      Iteration number =   2
      Begin forward computations:
        Source number    1: Traveltimes done.
                            Raypaths done.
                            Number of Jacobian matrix elements =     21067
        Source number    2: Traveltimes done.
                            Raypaths done.
                            Number of Jacobian matrix elements =     21128
        Source number    3: Traveltimes done.
                            Raypaths done.
                            Number of Jacobian matrix elements =     21196
        Source number    4: Traveltimes done.
                            Raypaths done.
                            Number of Jacobian matrix elements =     21508
        Source number    5: Traveltimes done.
                            Raypaths done.
                            Number of Jacobian matrix elements =     21566
        Source number    6: Traveltimes done.
                            Raypaths done.
                            Number of Jacobian matrix elements =     21664
        Source number    7: Traveltimes done.
                            Raypaths done.
                            Number of Jacobian matrix elements =     21715
        Source number    8: Traveltimes done.
                            Raypaths done.
                            Number of Jacobian matrix elements =     21778
        Source number    9: Traveltimes done.
                            Raypaths done.
                            Number of Jacobian matrix elements =     21786
        Source number   10: Traveltimes done.
                            Raypaths done.
                            Number of Jacobian matrix elements =     21878
        Source number   11: Traveltimes done.
                            Raypaths done.
                            Number of Jacobian matrix elements =     21888
        Source number   12: Traveltimes done.
                            Raypaths done.
                            Number of Jacobian matrix elements =     21910
        Source number   13: Traveltimes done.
                            Raypaths done.
                            Number of Jacobian matrix elements =     22175
        Source number   14: Traveltimes done.
                            Raypaths done.
                            Number of Jacobian matrix elements =     22204
        Source number   15: Traveltimes done.
                            Raypaths done.
                            Number of Jacobian matrix elements =     22281
        Source number   16: Traveltimes done.
                            Raypaths done.
                            Number of Jacobian matrix elements =     22423
        Source number   17: Traveltimes done.
                            Raypaths done.
                            Number of Jacobian matrix elements =     22436
        Source number   18: Traveltimes done.
                            Raypaths done.
                            Number of Jacobian matrix elements =     22605
        Source number   19: Traveltimes done.
                            Raypaths done.
                            Number of Jacobian matrix elements =     22689
        Source number   20: Traveltimes done.
                            Raypaths done.
                            Number of Jacobian matrix elements =     22761
        Source number   21: Traveltimes done.
                            Raypaths done.
                            Number of Jacobian matrix elements =     22833
      Total number of raypaths=     96
      Total number of traveltimes used in inversion =    96
      Rms traveltime error = 3469.525 ms
      Slowness model scaled;   scalar =  1.04875
          Improved rms traveltime error = 3378.613 ms

      Velocity model output:
        Min/max horizontal coordinates =     -52.00       56.00
        Min/max vertical coordinates   =     -43.00       47.00
        Min/max velocities             =       1.41        3.70

      Ray density map output:
        Min/max horizontal coordinates =     -50.88       54.88
        Min/max vertical coordinates   =     -41.88       45.88
        Min/max ray densities          =       0.00       19.42

      Predicted traveltimes output.
