
  Begin Program PRONTO

      Run parameters loaded.

      Begin loading observed data:
      Source number =    1
        x =        8.19    z =      -21.49    Number of traveltimes =    13
      Source number =    2
        x =      -10.08    z =       -5.96    Number of traveltimes =     5
      Source number =    3
        x =      -10.08    z =       -5.96    Number of traveltimes =     7
      Source number =    4
        x =        6.05    z =       36.09    Number of traveltimes =    12
      Source number =    5
        x =       32.89    z =       18.85    Number of traveltimes =     3
      Source number =    6
        x =        3.72    z =       17.85    Number of traveltimes =     5
      Source number =    7
        x =        2.83    z =       -3.05    Number of traveltimes =     3
      Source number =    8
        x =        2.83    z =       -3.05    Number of traveltimes =     4
      Source number =    9
        x =       18.12    z =        6.59    Number of traveltimes =     4
      Source number =   10
        x =       -5.38    z =       -5.50    Number of traveltimes =     1
      Source number =   11
        x =       -4.31    z =       -9.02    Number of traveltimes =     3
      Source number =   12
        x =      -36.85    z =       12.85    Number of traveltimes =     8
      Source number =   13
        x =      -27.07    z =      -30.07    Number of traveltimes =     2
      Source number =   14
        x =      -10.83    z =        6.36    Number of traveltimes =     6
      Source number =   15
        x =       -2.99    z =      -21.14    Number of traveltimes =     6
      Source number =   16
        x =      -22.45    z =      -13.97    Number of traveltimes =     1
      Source number =   17
        x =      -11.21    z =      -30.24    Number of traveltimes =     5
      Source number =   18
        x =      -45.20    z =       -6.67    Number of traveltimes =     4
      Source number =   19
        x =       -0.11    z =       -1.87    Number of traveltimes =     2
      Source number =   20
        x =       -0.11    z =       -1.87    Number of traveltimes =     2

      Total number of sources     =     20
      Total number of traveltimes =     96

      Min/max horizontal source/receiver coordinates =     -45.20      44.54
      Min/max vertical source/receiver coordinates   =     -30.24      36.09

      Slowness grid defined:
        Number of horizontal grid points    =     49
        Number of vertical grid points      =     41
        Number of slowness cells            =   1920
        Grid interval                       =       2.25
        Min/max horizontal grid coordinates =     -52.00       56.00
        Min/max vertical grid coordinates   =     -43.00       47.00

      Initial slowness model obtained from linear velocity formula.

      5 constraint operators defined:
        Operator #1:
                             0.00     0.00     0.00
                             0.00     2.00     0.00
                             0.00     0.00     0.00
        Operator #2:
                             0.00     0.00     0.00
                             0.00    -3.00     3.00
                             0.00     0.00     0.00
        Operator #3:
                             0.00     0.00     0.00
                             0.00    -3.00     0.00
                             0.00     3.00     0.00
        Operator #4:
                             0.00     0.00     0.00
                             8.00   -16.00     8.00
                             0.00     0.00     0.00
        Operator #5:
                             0.00     8.00     0.00
                             0.00   -16.00     0.00
                             0.00     8.00     0.00

      Reference slowness model identical to initial slowness model.

      Begin tomographic inversion procedure.
      Constraint equations loaded: Number of Jacobean matrix elements =   20768
      Iteration number =   1
      Begin forward computations:
        Source number    1: Traveltimes done.
                            Raypaths done.
                            Number of Jacobian matrix elements =     21060
        Source number    2: Traveltimes done.
                            Raypaths done.
                            Number of Jacobian matrix elements =     21119
        Source number    3: Traveltimes done.
                            Raypaths done.
                            Number of Jacobian matrix elements =     21203
        Source number    4: Traveltimes done.
                            Raypaths done.
                            Number of Jacobian matrix elements =     21511
        Source number    5: Traveltimes done.
                            Raypaths done.
                            Number of Jacobian matrix elements =     21569
        Source number    6: Traveltimes done.
                            Raypaths done.
                            Number of Jacobian matrix elements =     21676
        Source number    7: Traveltimes done.
                            Raypaths done.
                            Number of Jacobian matrix elements =     21746
        Source number    8: Traveltimes done.
                            Raypaths done.
                            Number of Jacobian matrix elements =     21808
        Source number    9: Traveltimes done.
                            Raypaths done.
                            Number of Jacobian matrix elements =     21899
        Source number   10: Traveltimes done.
                            Raypaths done.
                            Number of Jacobian matrix elements =     21908
        Source number   11: Traveltimes done.
                            Raypaths done.
                            Number of Jacobian matrix elements =     21930
        Source number   12: Traveltimes done.
                            Raypaths done.
                            Number of Jacobian matrix elements =     22147
        Source number   13: Traveltimes done.
                            Raypaths done.
                            Number of Jacobian matrix elements =     22176
        Source number   14: Traveltimes done.
                            Raypaths done.
                            Number of Jacobian matrix elements =     22248
        Source number   15: Traveltimes done.
                            Raypaths done.
                            Number of Jacobian matrix elements =     22390
        Source number   16: Traveltimes done.
                            Raypaths done.
                            Number of Jacobian matrix elements =     22403
        Source number   17: Traveltimes done.
                            Raypaths done.
                            Number of Jacobian matrix elements =     22572
        Source number   18: Traveltimes done.
                            Raypaths done.
                            Number of Jacobian matrix elements =     22656
        Source number   19: Traveltimes done.
                            Raypaths done.
                            Number of Jacobian matrix elements =     22724
        Source number   20: Traveltimes done.
                            Raypaths done.
                            Number of Jacobian matrix elements =     22792
      Total number of raypaths=     96
      Total number of traveltimes used in inversion =    96
      Rms traveltime error = 4428.021 ms
      Slowness model scaled;   scalar =  1.04885
          Improved rms traveltime error = 4358.623 ms
      Begin inverse computations:
        LSQR iteration =   1   relative error =  0.966352
        LSQR iteration =   2   relative error =  0.928248
        LSQR iteration =   3   relative error =  0.898617
        LSQR iteration =   4   relative error =  0.877769
        LSQR iteration =   5   relative error =  0.862171
        LSQR iteration =   6   relative error =  0.850585
        LSQR iteration =   7   relative error =  0.841726
        LSQR iteration =   8   relative error =  0.835177
        LSQR iteration =   9   relative error =  0.830266
        LSQR iteration =  10   relative error =  0.826563
        LSQR iteration =  11   relative error =  0.823721
        LSQR iteration =  12   relative error =  0.821567
        LSQR iteration =  13   relative error =  0.819867
        LSQR iteration =  14   relative error =  0.818522
        LSQR iteration =  15   relative error =  0.817404
        LSQR iteration =  16   relative error =  0.816487
        LSQR iteration =  17   relative error =  0.815718
        LSQR iteration =  18   relative error =  0.815086
        LSQR iteration =  19   relative error =  0.814561
        LSQR iteration =  20   relative error =  0.814123
        LSQR iteration =  21   relative error =  0.813758
        LSQR iteration =  22   relative error =  0.813456
        LSQR iteration =  23   relative error =  0.813205
        LSQR iteration =  24   relative error =  0.812994
        LSQR iteration =  25   relative error =  0.812817
        LSQR iteration =  26   relative error =  0.812671
        LSQR iteration =  27   relative error =  0.812547
        LSQR iteration =  28   relative error =  0.812451
        LSQR iteration =  29   relative error =  0.812357
        LSQR iteration =  30   relative error =  0.812285
        LSQR iteration =  31   relative error =  0.812220
        LSQR iteration =  32   relative error =  0.812169
        LSQR iteration =  33   relative error =  0.812119
        LSQR iteration =  34   relative error =  0.812075
        LSQR iteration =  35   relative error =  0.812041
        LSQR iteration =  36   relative error =  0.812008
        LSQR iteration =  37   relative error =  0.811976
        LSQR iteration =  38   relative error =  0.811952
        LSQR iteration =  39   relative error =  0.811934
        LSQR iteration =  40   relative error =  0.811917
        LSQR iteration =  41   relative error =  0.811901
        LSQR iteration =  42   relative error =  0.811885
        LSQR iteration =  43   relative error =  0.811874
        LSQR iteration =  44   relative error =  0.811863
        LSQR iteration =  45   relative error =  0.811856
        LSQR iteration =  46   relative error =  0.811850
        LSQR iteration =  47   relative error =  0.811844
        LSQR iteration =  48   relative error =  0.811839
        LSQR iteration =  49   relative error =  0.811835
        LSQR iteration =  50   relative error =  0.811832
        LSQR iteration =  51   relative error =  0.811829
      Slowness model updated.
      Iteration number =   2
      Begin forward computations:
        Source number    1: Traveltimes done.
                            Raypaths done.
                            Number of Jacobian matrix elements =     21063
        Source number    2: Traveltimes done.
                            Raypaths done.
                            Number of Jacobian matrix elements =     21126
        Source number    3: Traveltimes done.
                            Raypaths done.
                            Number of Jacobian matrix elements =     21214
        Source number    4: Traveltimes done.
                            Raypaths done.
                            Number of Jacobian matrix elements =     21527
        Source number    5: Traveltimes done.
                            Raypaths done.
                            Number of Jacobian matrix elements =     21585
        Source number    6: Traveltimes done.
                            Raypaths done.
                            Number of Jacobian matrix elements =     21692
        Source number    7: Traveltimes done.
                            Raypaths done.
                            Number of Jacobian matrix elements =     21764
        Source number    8: Traveltimes done.
                            Raypaths done.
                            Number of Jacobian matrix elements =     21827
        Source number    9: Traveltimes done.
                            Raypaths done.
                            Number of Jacobian matrix elements =     21918
        Source number   10: Traveltimes done.
                            Raypaths done.
                            Number of Jacobian matrix elements =     21928
        Source number   11: Traveltimes done.
                            Raypaths done.
                            Number of Jacobian matrix elements =     21950
        Source number   12: Traveltimes done.
                            Raypaths done.
                            Number of Jacobian matrix elements =     22171
        Source number   13: Traveltimes done.
                            Raypaths done.
                            Number of Jacobian matrix elements =     22200
        Source number   14: Traveltimes done.
                            Raypaths done.
                            Number of Jacobian matrix elements =     22275
        Source number   15: Traveltimes done.
                            Raypaths done.
                            Number of Jacobian matrix elements =     22417
        Source number   16: Traveltimes done.
                            Raypaths done.
                            Number of Jacobian matrix elements =     22430
        Source number   17: Traveltimes done.
                            Raypaths done.
                            Number of Jacobian matrix elements =     22599
        Source number   18: Traveltimes done.
                            Raypaths done.
                            Number of Jacobian matrix elements =     22683
        Source number   19: Traveltimes done.
                            Raypaths done.
                            Number of Jacobian matrix elements =     22753
        Source number   20: Traveltimes done.
                            Raypaths done.
                            Number of Jacobian matrix elements =     22823
      Total number of raypaths=     96
      Total number of traveltimes used in inversion =    96
      Rms traveltime error = 3724.106 ms
      Slowness model scaled;   scalar =  1.05330
          Improved rms traveltime error = 3624.098 ms

      Velocity model output:
        Min/max horizontal coordinates =     -52.00       56.00
        Min/max vertical coordinates   =     -43.00       47.00
        Min/max velocities             =       1.37        3.82

      Ray density map output:
        Min/max horizontal coordinates =     -50.88       54.88
        Min/max vertical coordinates   =     -41.88       45.88
        Min/max ray densities          =       0.00       18.49

      Predicted traveltimes output.
