
  Begin Program PRONTO

      Run parameters loaded.

      Begin loading observed data:
      Source number =    1
        x =        8.19    z =      -21.49    Number of traveltimes =    18
      Source number =    2
        x =      -10.08    z =       -5.96    Number of traveltimes =     8
      Source number =    3
        x =      -10.08    z =       -5.96    Number of traveltimes =     7
      Source number =    4
        x =        6.05    z =       36.09    Number of traveltimes =    14
      Source number =    5
        x =       32.89    z =       18.85    Number of traveltimes =     3
      Source number =    6
        x =        3.72    z =       17.85    Number of traveltimes =     6
      Source number =    7
        x =        2.83    z =       -3.05    Number of traveltimes =     6
      Source number =    8
        x =        2.83    z =       -3.05    Number of traveltimes =     5
      Source number =    9
        x =       23.72    z =       19.27    Number of traveltimes =     4
      Source number =   10
        x =       18.12    z =        6.59    Number of traveltimes =     6
      Source number =   11
        x =       -5.38    z =       -5.50    Number of traveltimes =     4
      Source number =   12
        x =       -4.31    z =       -9.02    Number of traveltimes =     3
      Source number =   13
        x =      -36.85    z =       12.85    Number of traveltimes =    10
      Source number =   14
        x =      -27.07    z =      -30.07    Number of traveltimes =     6
      Source number =   15
        x =      -10.83    z =        6.36    Number of traveltimes =     6
      Source number =   16
        x =       -2.99    z =      -21.14    Number of traveltimes =     5
      Source number =   17
        x =      -22.45    z =      -13.97    Number of traveltimes =     6
      Source number =   18
        x =      -11.21    z =      -30.24    Number of traveltimes =     3
      Source number =   19
        x =      -45.20    z =       -6.67    Number of traveltimes =     4
      Source number =   20
        x =      -12.64    z =      -12.65    Number of traveltimes =     2
      Source number =   21
        x =      -12.64    z =      -12.65    Number of traveltimes =     2

      Total number of sources     =     21
      Total number of traveltimes =    128

      Min/max horizontal source/receiver coordinates =     -45.20      44.54
      Min/max vertical source/receiver coordinates   =     -30.24      36.09

      Slowness grid defined:
        Number of horizontal grid points    =     49
        Number of vertical grid points      =     41
        Number of slowness cells            =   1920
        Grid interval                       =       2.25
        Min/max horizontal grid coordinates =     -52.00       56.00
        Min/max vertical grid coordinates   =     -43.00       47.00

      Initial slowness model obtained from linear velocity formula.

      5 constraint operators defined:
        Operator #1:
                             0.00     0.00     0.00
                             0.00     2.00     0.00
                             0.00     0.00     0.00
        Operator #2:
                             0.00     0.00     0.00
                             0.00    -3.00     3.00
                             0.00     0.00     0.00
        Operator #3:
                             0.00     0.00     0.00
                             0.00    -3.00     0.00
                             0.00     3.00     0.00
        Operator #4:
                             0.00     0.00     0.00
                             8.00   -16.00     8.00
                             0.00     0.00     0.00
        Operator #5:
                             0.00     8.00     0.00
                             0.00   -16.00     0.00
                             0.00     8.00     0.00

      Reference slowness model identical to initial slowness model.

      Begin tomographic inversion procedure.
      Constraint equations loaded: Number of Jacobean matrix elements =   20768
      Iteration number =   1
      Begin forward computations:
        Source number    1: Traveltimes done.
                            Raypaths done.
                            Number of Jacobian matrix elements =     21178
        Source number    2: Traveltimes done.
                            Raypaths done.
                            Number of Jacobian matrix elements =     21312
        Source number    3: Traveltimes done.
                            Raypaths done.
                            Number of Jacobian matrix elements =     21404
        Source number    4: Traveltimes done.
                            Raypaths done.
                            Number of Jacobian matrix elements =     21743
        Source number    5: Traveltimes done.
                            Raypaths done.
                            Number of Jacobian matrix elements =     21791
        Source number    6: Traveltimes done.
                            Raypaths done.
                            Number of Jacobian matrix elements =     21897
        Source number    7: Traveltimes done.
                            Raypaths done.
                            Number of Jacobian matrix elements =     22045
        Source number    8: Traveltimes done.
                            Raypaths done.
                            Number of Jacobian matrix elements =     22130
        Source number    9: Traveltimes done.
                            Raypaths done.
                            Number of Jacobian matrix elements =     22236
        Source number   10: Traveltimes done.
                            Raypaths done.
                            Number of Jacobian matrix elements =     22377
        Source number   11: Traveltimes done.
                            Raypaths done.
                            Number of Jacobian matrix elements =     22412
        Source number   12: Traveltimes done.
                            Raypaths done.
                            Number of Jacobian matrix elements =     22459
        Source number   13: Traveltimes done.
                            Raypaths done.
                            Number of Jacobian matrix elements =     22722
        Source number   14: Traveltimes done.
                            Raypaths done.
                            Number of Jacobian matrix elements =     22829
        Source number   15: Traveltimes done.
                            Raypaths done.
                            Number of Jacobian matrix elements =     22901
        Source number   16: Traveltimes done.
                            Raypaths done.
                            Number of Jacobian matrix elements =     22965
        Source number   17: Traveltimes done.
                            Raypaths done.
                            Number of Jacobian matrix elements =     23039
        Source number   18: Traveltimes done.
                            Raypaths done.
                            Number of Jacobian matrix elements =     23170
        Source number   19: Traveltimes done.
                            Raypaths done.
                            Number of Jacobian matrix elements =     23254
        Source number   20: Traveltimes done.
                            Raypaths done.
                            Number of Jacobian matrix elements =     23278
        Source number   21: Traveltimes done.
                            Raypaths done.
                            Number of Jacobian matrix elements =     23302
      Total number of raypaths=    128
      Total number of traveltimes used in inversion =   128
      Rms traveltime error = 2997.677 ms
      Slowness model scaled;   scalar =  1.04582
          Improved rms traveltime error = 2918.424 ms
      Begin inverse computations:
        LSQR iteration =   1   relative error =  0.974271
        LSQR iteration =   2   relative error =  0.946124
        LSQR iteration =   3   relative error =  0.920588
        LSQR iteration =   4   relative error =  0.903640
        LSQR iteration =   5   relative error =  0.891717
        LSQR iteration =   6   relative error =  0.883202
        LSQR iteration =   7   relative error =  0.876379
        LSQR iteration =   8   relative error =  0.871144
        LSQR iteration =   9   relative error =  0.866931
        LSQR iteration =  10   relative error =  0.863649
        LSQR iteration =  11   relative error =  0.861022
        LSQR iteration =  12   relative error =  0.858989
        LSQR iteration =  13   relative error =  0.857323
        LSQR iteration =  14   relative error =  0.855991
        LSQR iteration =  15   relative error =  0.854905
        LSQR iteration =  16   relative error =  0.854039
        LSQR iteration =  17   relative error =  0.853354
        LSQR iteration =  18   relative error =  0.852818
        LSQR iteration =  19   relative error =  0.852394
        LSQR iteration =  20   relative error =  0.852060
        LSQR iteration =  21   relative error =  0.851791
        LSQR iteration =  22   relative error =  0.851576
        LSQR iteration =  23   relative error =  0.851398
        LSQR iteration =  24   relative error =  0.851246
        LSQR iteration =  25   relative error =  0.851119
        LSQR iteration =  26   relative error =  0.851006
        LSQR iteration =  27   relative error =  0.850904
        LSQR iteration =  28   relative error =  0.850823
        LSQR iteration =  29   relative error =  0.850741
        LSQR iteration =  30   relative error =  0.850671
        LSQR iteration =  31   relative error =  0.850603
        LSQR iteration =  32   relative error =  0.850553
        LSQR iteration =  33   relative error =  0.850502
        LSQR iteration =  34   relative error =  0.850457
        LSQR iteration =  35   relative error =  0.850425
        LSQR iteration =  36   relative error =  0.850392
        LSQR iteration =  37   relative error =  0.850362
        LSQR iteration =  38   relative error =  0.850339
        LSQR iteration =  39   relative error =  0.850320
        LSQR iteration =  40   relative error =  0.850303
        LSQR iteration =  41   relative error =  0.850290
        LSQR iteration =  42   relative error =  0.850275
        LSQR iteration =  43   relative error =  0.850264
        LSQR iteration =  44   relative error =  0.850253
        LSQR iteration =  45   relative error =  0.850246
        LSQR iteration =  46   relative error =  0.850241
        LSQR iteration =  47   relative error =  0.850235
        LSQR iteration =  48   relative error =  0.850231
        LSQR iteration =  49   relative error =  0.850227
        LSQR iteration =  50   relative error =  0.850223
        LSQR iteration =  51   relative error =  0.850220
      Slowness model updated.
      Iteration number =   2
      Begin forward computations:
        Source number    1: Traveltimes done.
                            Raypaths done.
                            Number of Jacobian matrix elements =     21189
        Source number    2: Traveltimes done.
                            Raypaths done.
                            Number of Jacobian matrix elements =     21326
        Source number    3: Traveltimes done.
                            Raypaths done.
                            Number of Jacobian matrix elements =     21419
        Source number    4: Traveltimes done.
                            Raypaths done.
                            Number of Jacobian matrix elements =     21760
        Source number    5: Traveltimes done.
                            Raypaths done.
                            Number of Jacobian matrix elements =     21812
        Source number    6: Traveltimes done.
                            Raypaths done.
                            Number of Jacobian matrix elements =     21921
        Source number    7: Traveltimes done.
                            Raypaths done.
                            Number of Jacobian matrix elements =     22071
        Source number    8: Traveltimes done.
                            Raypaths done.
                            Number of Jacobian matrix elements =     22155
        Source number    9: Traveltimes done.
                            Raypaths done.
                            Number of Jacobian matrix elements =     22261
        Source number   10: Traveltimes done.
                            Raypaths done.
                            Number of Jacobian matrix elements =     22403
        Source number   11: Traveltimes done.
                            Raypaths done.
                            Number of Jacobian matrix elements =     22438
        Source number   12: Traveltimes done.
                            Raypaths done.
                            Number of Jacobian matrix elements =     22484
        Source number   13: Traveltimes done.
                            Raypaths done.
                            Number of Jacobian matrix elements =     22747
        Source number   14: Traveltimes done.
                            Raypaths done.
                            Number of Jacobian matrix elements =     22854
        Source number   15: Traveltimes done.
                            Raypaths done.
                            Number of Jacobian matrix elements =     22927
        Source number   16: Traveltimes done.
                            Raypaths done.
                            Number of Jacobian matrix elements =     22991
        Source number   17: Traveltimes done.
                            Raypaths done.
                            Number of Jacobian matrix elements =     23065
        Source number   18: Traveltimes done.
                            Raypaths done.
                            Number of Jacobian matrix elements =     23196
        Source number   19: Traveltimes done.
                            Raypaths done.
                            Number of Jacobian matrix elements =     23278
        Source number   20: Traveltimes done.
                            Raypaths done.
                            Number of Jacobian matrix elements =     23302
        Source number   21: Traveltimes done.
                            Raypaths done.
                            Number of Jacobian matrix elements =     23326
      Total number of raypaths=    128
      Total number of traveltimes used in inversion =   128
      Rms traveltime error = 2672.812 ms
      Slowness model scaled;   scalar =  1.03212
          Improved rms traveltime error = 2627.889 ms

      Velocity model output:
        Min/max horizontal coordinates =     -52.00       56.00
        Min/max vertical coordinates   =     -43.00       47.00
        Min/max velocities             =       1.91        4.51

      Ray density map output:
        Min/max horizontal coordinates =     -50.88       54.88
        Min/max vertical coordinates   =     -41.88       45.88
        Min/max ray densities          =       0.00       19.00

      Predicted traveltimes output.
