
  Begin Program PRONTO

      Run parameters loaded.

      Begin loading observed data:
      Source number =    1
        x =        8.19    z =      -21.49    Number of traveltimes =    18
      Source number =    2
        x =      -10.08    z =       -5.96    Number of traveltimes =    10
      Source number =    3
        x =      -10.08    z =       -5.96    Number of traveltimes =     8
      Source number =    4
        x =        6.05    z =       36.09    Number of traveltimes =    14
      Source number =    5
        x =       32.89    z =       18.85    Number of traveltimes =     4
      Source number =    6
        x =        3.72    z =       17.85    Number of traveltimes =     7
      Source number =    7
        x =        2.83    z =       -3.05    Number of traveltimes =     7
      Source number =    8
        x =        2.83    z =       -3.05    Number of traveltimes =     5
      Source number =    9
        x =       23.72    z =       19.27    Number of traveltimes =     4
      Source number =   10
        x =       18.12    z =        6.59    Number of traveltimes =     9
      Source number =   11
        x =       -5.38    z =       -5.50    Number of traveltimes =     2
      Source number =   12
        x =       -4.31    z =       -9.02    Number of traveltimes =     3
      Source number =   13
        x =      -36.85    z =       12.85    Number of traveltimes =    11
      Source number =   14
        x =      -27.07    z =      -30.07    Number of traveltimes =     6
      Source number =   15
        x =      -10.83    z =        6.36    Number of traveltimes =     8
      Source number =   16
        x =       -2.99    z =      -21.14    Number of traveltimes =     7
      Source number =   17
        x =      -22.45    z =      -13.97    Number of traveltimes =     4
      Source number =   18
        x =      -11.21    z =      -30.24    Number of traveltimes =     3
      Source number =   19
        x =      -45.20    z =       -6.67    Number of traveltimes =     4
      Source number =   20
        x =      -12.64    z =      -12.65    Number of traveltimes =     2
      Source number =   21
        x =      -12.64    z =      -12.65    Number of traveltimes =     2

      Total number of sources     =     21
      Total number of traveltimes =    138

      Min/max horizontal source/receiver coordinates =     -45.20      44.54
      Min/max vertical source/receiver coordinates   =     -30.24      36.09

      Slowness grid defined:
        Number of horizontal grid points    =     49
        Number of vertical grid points      =     41
        Number of slowness cells            =   1920
        Grid interval                       =       2.25
        Min/max horizontal grid coordinates =     -52.00       56.00
        Min/max vertical grid coordinates   =     -43.00       47.00

      Initial slowness model obtained from linear velocity formula.

      5 constraint operators defined:
        Operator #1:
                             0.00     0.00     0.00
                             0.00     2.00     0.00
                             0.00     0.00     0.00
        Operator #2:
                             0.00     0.00     0.00
                             0.00    -3.00     3.00
                             0.00     0.00     0.00
        Operator #3:
                             0.00     0.00     0.00
                             0.00    -3.00     0.00
                             0.00     3.00     0.00
        Operator #4:
                             0.00     0.00     0.00
                             8.00   -16.00     8.00
                             0.00     0.00     0.00
        Operator #5:
                             0.00     8.00     0.00
                             0.00   -16.00     0.00
                             0.00     8.00     0.00

      Reference slowness model identical to initial slowness model.

      Begin tomographic inversion procedure.
      Constraint equations loaded: Number of Jacobean matrix elements =   20768
      Iteration number =   1
      Begin forward computations:
        Source number    1: Traveltimes done.
                            Raypaths done.
                            Number of Jacobian matrix elements =     21178
        Source number    2: Traveltimes done.
                            Raypaths done.
                            Number of Jacobian matrix elements =     21337
        Source number    3: Traveltimes done.
                            Raypaths done.
                            Number of Jacobian matrix elements =     21447
        Source number    4: Traveltimes done.
                            Raypaths done.
                            Number of Jacobian matrix elements =     21786
        Source number    5: Traveltimes done.
                            Raypaths done.
                            Number of Jacobian matrix elements =     21863
        Source number    6: Traveltimes done.
                            Raypaths done.
                            Number of Jacobian matrix elements =     21982
        Source number    7: Traveltimes done.
                            Raypaths done.
                            Number of Jacobian matrix elements =     22141
        Source number    8: Traveltimes done.
                            Raypaths done.
                            Number of Jacobian matrix elements =     22226
        Source number    9: Traveltimes done.
                            Raypaths done.
                            Number of Jacobian matrix elements =     22332
        Source number   10: Traveltimes done.
                            Raypaths done.
                            Number of Jacobian matrix elements =     22517
        Source number   11: Traveltimes done.
                            Raypaths done.
                            Number of Jacobian matrix elements =     22538
        Source number   12: Traveltimes done.
                            Raypaths done.
                            Number of Jacobian matrix elements =     22585
        Source number   13: Traveltimes done.
                            Raypaths done.
                            Number of Jacobian matrix elements =     22873
        Source number   14: Traveltimes done.
                            Raypaths done.
                            Number of Jacobian matrix elements =     22980
        Source number   15: Traveltimes done.
                            Raypaths done.
                            Number of Jacobian matrix elements =     23124
        Source number   16: Traveltimes done.
                            Raypaths done.
                            Number of Jacobian matrix elements =     23212
        Source number   17: Traveltimes done.
                            Raypaths done.
                            Number of Jacobian matrix elements =     23274
        Source number   18: Traveltimes done.
                            Raypaths done.
                            Number of Jacobian matrix elements =     23405
        Source number   19: Traveltimes done.
                            Raypaths done.
                            Number of Jacobian matrix elements =     23489
        Source number   20: Traveltimes done.
                            Raypaths done.
                            Number of Jacobian matrix elements =     23513
        Source number   21: Traveltimes done.
                            Raypaths done.
                            Number of Jacobian matrix elements =     23537
      Total number of raypaths=    138
      Total number of traveltimes used in inversion =   138
      Rms traveltime error = 2423.912 ms
      Slowness model scaled;   scalar =  1.08495
          Improved rms traveltime error = 2059.334 ms
      Begin inverse computations:
        LSQR iteration =   1   relative error =  0.969354
        LSQR iteration =   2   relative error =  0.936795
        LSQR iteration =   3   relative error =  0.905020
        LSQR iteration =   4   relative error =  0.882478
        LSQR iteration =   5   relative error =  0.866793
        LSQR iteration =   6   relative error =  0.855914
        LSQR iteration =   7   relative error =  0.847463
        LSQR iteration =   8   relative error =  0.840807
        LSQR iteration =   9   relative error =  0.835048
        LSQR iteration =  10   relative error =  0.830220
        LSQR iteration =  11   relative error =  0.826076
        LSQR iteration =  12   relative error =  0.822626
        LSQR iteration =  13   relative error =  0.819726
        LSQR iteration =  14   relative error =  0.817326
        LSQR iteration =  15   relative error =  0.815262
        LSQR iteration =  16   relative error =  0.813553
        LSQR iteration =  17   relative error =  0.812090
        LSQR iteration =  18   relative error =  0.810839
        LSQR iteration =  19   relative error =  0.809712
        LSQR iteration =  20   relative error =  0.808685
        LSQR iteration =  21   relative error =  0.807797
        LSQR iteration =  22   relative error =  0.807015
        LSQR iteration =  23   relative error =  0.806305
        LSQR iteration =  24   relative error =  0.805671
        LSQR iteration =  25   relative error =  0.805117
        LSQR iteration =  26   relative error =  0.804630
        LSQR iteration =  27   relative error =  0.804196
        LSQR iteration =  28   relative error =  0.803803
        LSQR iteration =  29   relative error =  0.803460
        LSQR iteration =  30   relative error =  0.803148
        LSQR iteration =  31   relative error =  0.802879
        LSQR iteration =  32   relative error =  0.802649
        LSQR iteration =  33   relative error =  0.802455
        LSQR iteration =  34   relative error =  0.802304
        LSQR iteration =  35   relative error =  0.802182
        LSQR iteration =  36   relative error =  0.802062
        LSQR iteration =  37   relative error =  0.801969
        LSQR iteration =  38   relative error =  0.801893
        LSQR iteration =  39   relative error =  0.801829
        LSQR iteration =  40   relative error =  0.801779
        LSQR iteration =  41   relative error =  0.801740
        LSQR iteration =  42   relative error =  0.801705
        LSQR iteration =  43   relative error =  0.801674
        LSQR iteration =  44   relative error =  0.801650
        LSQR iteration =  45   relative error =  0.801631
        LSQR iteration =  46   relative error =  0.801615
        LSQR iteration =  47   relative error =  0.801603
        LSQR iteration =  48   relative error =  0.801592
        LSQR iteration =  49   relative error =  0.801584
        LSQR iteration =  50   relative error =  0.801577
        LSQR iteration =  51   relative error =  0.801572
      Slowness model updated.
      Iteration number =   2
      Begin forward computations:
        Source number    1: Traveltimes done.
                            Raypaths done.
                            Number of Jacobian matrix elements =     21180
        Source number    2: Traveltimes done.
                            Raypaths done.
                            Number of Jacobian matrix elements =     21339
        Source number    3: Traveltimes done.
                            Raypaths done.
                            Number of Jacobian matrix elements =     21451
        Source number    4: Traveltimes done.
                            Raypaths done.
                            Number of Jacobian matrix elements =     21791
        Source number    5: Traveltimes done.
                            Raypaths done.
                            Number of Jacobian matrix elements =     21868
        Source number    6: Traveltimes done.
                            Raypaths done.
                            Number of Jacobian matrix elements =     21990
        Source number    7: Traveltimes done.
                            Raypaths done.
                            Number of Jacobian matrix elements =     22148
        Source number    8: Traveltimes done.
                            Raypaths done.
                            Number of Jacobian matrix elements =     22232
        Source number    9: Traveltimes done.
                            Raypaths done.
                            Number of Jacobian matrix elements =     22338
        Source number   10: Traveltimes done.
                            Raypaths done.
                            Number of Jacobian matrix elements =     22523
        Source number   11: Traveltimes done.
                            Raypaths done.
                            Number of Jacobian matrix elements =     22544
        Source number   12: Traveltimes done.
                            Raypaths done.
                            Number of Jacobian matrix elements =     22591
        Source number   13: Traveltimes done.
                            Raypaths done.
                            Number of Jacobian matrix elements =     22882
        Source number   14: Traveltimes done.
                            Raypaths done.
                            Number of Jacobian matrix elements =     22989
        Source number   15: Traveltimes done.
                            Raypaths done.
                            Number of Jacobian matrix elements =     23134
        Source number   16: Traveltimes done.
                            Raypaths done.
                            Number of Jacobian matrix elements =     23222
        Source number   17: Traveltimes done.
                            Raypaths done.
                            Number of Jacobian matrix elements =     23284
        Source number   18: Traveltimes done.
                            Raypaths done.
                            Number of Jacobian matrix elements =     23415
        Source number   19: Traveltimes done.
                            Raypaths done.
                            Number of Jacobian matrix elements =     23497
        Source number   20: Traveltimes done.
                            Raypaths done.
                            Number of Jacobian matrix elements =     23521
        Source number   21: Traveltimes done.
                            Raypaths done.
                            Number of Jacobian matrix elements =     23545
      Total number of raypaths=    138
      Total number of traveltimes used in inversion =   138
      Rms traveltime error = 1646.004 ms
      Slowness model scaled;   scalar =  1.01915
          Improved rms traveltime error = 1616.969 ms

      Velocity model output:
        Min/max horizontal coordinates =     -52.00       56.00
        Min/max vertical coordinates   =     -43.00       47.00
        Min/max velocities             =       1.80        2.88

      Ray density map output:
        Min/max horizontal coordinates =     -50.88       54.88
        Min/max vertical coordinates   =     -41.88       45.88
        Min/max ray densities          =       0.00       16.81

      Predicted traveltimes output.
