
  Begin Program PRONTO

      Run parameters loaded.

      Begin loading observed data:
      Source number =    1
        x =        8.19    z =      -21.49    Number of traveltimes =    18
      Source number =    2
        x =      -10.08    z =       -5.96    Number of traveltimes =     8
      Source number =    3
        x =      -10.08    z =       -5.96    Number of traveltimes =     6
      Source number =    4
        x =        6.05    z =       36.09    Number of traveltimes =    18
      Source number =    5
        x =       32.89    z =       18.85    Number of traveltimes =     9
      Source number =    6
        x =        3.72    z =       17.85    Number of traveltimes =    15
      Source number =    7
        x =        2.83    z =       -3.05    Number of traveltimes =     6
      Source number =    8
        x =        2.83    z =       -3.05    Number of traveltimes =     7
      Source number =    9
        x =       23.72    z =       19.27    Number of traveltimes =     4
      Source number =   10
        x =       18.12    z =        6.59    Number of traveltimes =     7
      Source number =   11
        x =       -5.38    z =       -5.50    Number of traveltimes =     4
      Source number =   12
        x =       -4.31    z =       -9.02    Number of traveltimes =     4
      Source number =   13
        x =      -36.85    z =       12.85    Number of traveltimes =     9
      Source number =   14
        x =      -27.07    z =      -30.07    Number of traveltimes =     4
      Source number =   15
        x =      -10.83    z =        6.36    Number of traveltimes =     6
      Source number =   16
        x =       -2.99    z =      -21.14    Number of traveltimes =     4
      Source number =   17
        x =      -22.45    z =      -13.97    Number of traveltimes =     6
      Source number =   18
        x =      -11.21    z =      -30.24    Number of traveltimes =     5
      Source number =   19
        x =      -45.20    z =       -6.67    Number of traveltimes =     4
      Source number =   20
        x =       -0.11    z =       -1.87    Number of traveltimes =     2
      Source number =   21
        x =       -0.11    z =       -1.87    Number of traveltimes =     2

      Total number of sources     =     21
      Total number of traveltimes =    148

      Min/max horizontal source/receiver coordinates =     -45.20      44.54
      Min/max vertical source/receiver coordinates   =     -30.24      36.09

      Slowness grid defined:
        Number of horizontal grid points    =     49
        Number of vertical grid points      =     41
        Number of slowness cells            =   1920
        Grid interval                       =       2.25
        Min/max horizontal grid coordinates =     -52.00       56.00
        Min/max vertical grid coordinates   =     -43.00       47.00

      Initial slowness model obtained from linear velocity formula.

      5 constraint operators defined:
        Operator #1:
                             0.00     0.00     0.00
                             0.00     2.00     0.00
                             0.00     0.00     0.00
        Operator #2:
                             0.00     0.00     0.00
                             0.00    -3.00     3.00
                             0.00     0.00     0.00
        Operator #3:
                             0.00     0.00     0.00
                             0.00    -3.00     0.00
                             0.00     3.00     0.00
        Operator #4:
                             0.00     0.00     0.00
                             8.00   -16.00     8.00
                             0.00     0.00     0.00
        Operator #5:
                             0.00     8.00     0.00
                             0.00   -16.00     0.00
                             0.00     8.00     0.00

      Reference slowness model identical to initial slowness model.

      Begin tomographic inversion procedure.
      Constraint equations loaded: Number of Jacobean matrix elements =   20768
      Iteration number =   1
      Begin forward computations:
        Source number    1: Traveltimes done.
                            Raypaths done.
                            Number of Jacobian matrix elements =     21158
        Source number    2: Traveltimes done.
                            Raypaths done.
                            Number of Jacobian matrix elements =     21357
        Source number    3: Traveltimes done.
                            Raypaths done.
                            Number of Jacobian matrix elements =     21479
        Source number    4: Traveltimes done.
                            Raypaths done.
                            Number of Jacobian matrix elements =     21954
        Source number    5: Traveltimes done.
                            Raypaths done.
                            Number of Jacobian matrix elements =     22179
        Source number    6: Traveltimes done.
                            Raypaths done.
                            Number of Jacobian matrix elements =     22443
        Source number    7: Traveltimes done.
                            Raypaths done.
                            Number of Jacobian matrix elements =     22591
        Source number    8: Traveltimes done.
                            Raypaths done.
                            Number of Jacobian matrix elements =     22713
        Source number    9: Traveltimes done.
                            Raypaths done.
                            Number of Jacobian matrix elements =     22851
        Source number   10: Traveltimes done.
                            Raypaths done.
                            Number of Jacobian matrix elements =     23021
        Source number   11: Traveltimes done.
                            Raypaths done.
                            Number of Jacobian matrix elements =     23130
        Source number   12: Traveltimes done.
                            Raypaths done.
                            Number of Jacobian matrix elements =     23202
        Source number   13: Traveltimes done.
                            Raypaths done.
                            Number of Jacobian matrix elements =     23444
        Source number   14: Traveltimes done.
                            Raypaths done.
                            Number of Jacobian matrix elements =     23514
        Source number   15: Traveltimes done.
                            Raypaths done.
                            Number of Jacobian matrix elements =     23604
        Source number   16: Traveltimes done.
                            Raypaths done.
                            Number of Jacobian matrix elements =     23666
        Source number   17: Traveltimes done.
                            Raypaths done.
                            Number of Jacobian matrix elements =     23828
        Source number   18: Traveltimes done.
                            Raypaths done.
                            Number of Jacobian matrix elements =     23913
        Source number   19: Traveltimes done.
                            Raypaths done.
                            Number of Jacobian matrix elements =     23997
        Source number   20: Traveltimes done.
                            Raypaths done.
                            Number of Jacobian matrix elements =     24065
        Source number   21: Traveltimes done.
                            Raypaths done.
                            Number of Jacobian matrix elements =     24133
      Total number of raypaths=    148
      Total number of traveltimes used in inversion =   148
      Rms traveltime error = 1951.478 ms
      Slowness model scaled;   scalar =  1.04969
          Improved rms traveltime error = 1766.971 ms
      Begin inverse computations:
        LSQR iteration =   1   relative error =  0.972834
        LSQR iteration =   2   relative error =  0.941344
        LSQR iteration =   3   relative error =  0.919176
        LSQR iteration =   4   relative error =  0.904576
        LSQR iteration =   5   relative error =  0.892098
        LSQR iteration =   6   relative error =  0.882562
        LSQR iteration =   7   relative error =  0.875705
        LSQR iteration =   8   relative error =  0.870193
        LSQR iteration =   9   relative error =  0.865909
        LSQR iteration =  10   relative error =  0.862627
        LSQR iteration =  11   relative error =  0.859905
        LSQR iteration =  12   relative error =  0.857776
        LSQR iteration =  13   relative error =  0.856040
        LSQR iteration =  14   relative error =  0.854629
        LSQR iteration =  15   relative error =  0.853445
        LSQR iteration =  16   relative error =  0.852464
        LSQR iteration =  17   relative error =  0.851648
        LSQR iteration =  18   relative error =  0.850998
        LSQR iteration =  19   relative error =  0.850462
        LSQR iteration =  20   relative error =  0.849977
        LSQR iteration =  21   relative error =  0.849541
        LSQR iteration =  22   relative error =  0.849160
        LSQR iteration =  23   relative error =  0.848819
        LSQR iteration =  24   relative error =  0.848505
        LSQR iteration =  25   relative error =  0.848224
        LSQR iteration =  26   relative error =  0.847978
        LSQR iteration =  27   relative error =  0.847754
        LSQR iteration =  28   relative error =  0.847556
        LSQR iteration =  29   relative error =  0.847387
        LSQR iteration =  30   relative error =  0.847242
        LSQR iteration =  31   relative error =  0.847113
        LSQR iteration =  32   relative error =  0.847000
        LSQR iteration =  33   relative error =  0.846904
        LSQR iteration =  34   relative error =  0.846824
        LSQR iteration =  35   relative error =  0.846757
        LSQR iteration =  36   relative error =  0.846697
        LSQR iteration =  37   relative error =  0.846648
        LSQR iteration =  38   relative error =  0.846602
        LSQR iteration =  39   relative error =  0.846562
        LSQR iteration =  40   relative error =  0.846528
        LSQR iteration =  41   relative error =  0.846500
        LSQR iteration =  42   relative error =  0.846479
        LSQR iteration =  43   relative error =  0.846461
        LSQR iteration =  44   relative error =  0.846448
        LSQR iteration =  45   relative error =  0.846437
        LSQR iteration =  46   relative error =  0.846428
        LSQR iteration =  47   relative error =  0.846421
        LSQR iteration =  48   relative error =  0.846414
        LSQR iteration =  49   relative error =  0.846408
        LSQR iteration =  50   relative error =  0.846404
        LSQR iteration =  51   relative error =  0.846401
      Slowness model updated.
      Iteration number =   2
      Begin forward computations:
        Source number    1: Traveltimes done.
                            Raypaths done.
                            Number of Jacobian matrix elements =     21158
        Source number    2: Traveltimes done.
                            Raypaths done.
                            Number of Jacobian matrix elements =     21357
        Source number    3: Traveltimes done.
                            Raypaths done.
                            Number of Jacobian matrix elements =     21479
        Source number    4: Traveltimes done.
                            Raypaths done.
                            Number of Jacobian matrix elements =     21960
        Source number    5: Traveltimes done.
                            Raypaths done.
                            Number of Jacobian matrix elements =     22187
        Source number    6: Traveltimes done.
                            Raypaths done.
                            Number of Jacobian matrix elements =     22454
        Source number    7: Traveltimes done.
                            Raypaths done.
                            Number of Jacobian matrix elements =     22602
        Source number    8: Traveltimes done.
                            Raypaths done.
                            Number of Jacobian matrix elements =     22724
        Source number    9: Traveltimes done.
                            Raypaths done.
                            Number of Jacobian matrix elements =     22862
        Source number   10: Traveltimes done.
                            Raypaths done.
                            Number of Jacobian matrix elements =     23032
        Source number   11: Traveltimes done.
                            Raypaths done.
                            Number of Jacobian matrix elements =     23141
        Source number   12: Traveltimes done.
                            Raypaths done.
                            Number of Jacobian matrix elements =     23213
        Source number   13: Traveltimes done.
                            Raypaths done.
                            Number of Jacobian matrix elements =     23455
        Source number   14: Traveltimes done.
                            Raypaths done.
                            Number of Jacobian matrix elements =     23525
        Source number   15: Traveltimes done.
                            Raypaths done.
                            Number of Jacobian matrix elements =     23616
        Source number   16: Traveltimes done.
                            Raypaths done.
                            Number of Jacobian matrix elements =     23678
        Source number   17: Traveltimes done.
                            Raypaths done.
                            Number of Jacobian matrix elements =     23840
        Source number   18: Traveltimes done.
                            Raypaths done.
                            Number of Jacobian matrix elements =     23925
        Source number   19: Traveltimes done.
                            Raypaths done.
                            Number of Jacobian matrix elements =     24009
        Source number   20: Traveltimes done.
                            Raypaths done.
                            Number of Jacobian matrix elements =     24077
        Source number   21: Traveltimes done.
                            Raypaths done.
                            Number of Jacobian matrix elements =     24145
      Total number of raypaths=    148
      Total number of traveltimes used in inversion =   148
      Rms traveltime error = 1472.487 ms
      Slowness model scaled;   scalar =  1.01236
          Improved rms traveltime error = 1456.859 ms

      Velocity model output:
        Min/max horizontal coordinates =     -52.00       56.00
        Min/max vertical coordinates   =     -43.00       47.00
        Min/max velocities             =       1.89        2.83

      Ray density map output:
        Min/max horizontal coordinates =     -50.88       54.88
        Min/max vertical coordinates   =     -41.88       45.88
        Min/max ray densities          =       0.00       21.94

      Predicted traveltimes output.
