
  Begin Program PRONTO

      Run parameters loaded.

      Begin loading observed data:
      Source number =    1
        x =        8.19    z =      -21.49    Number of traveltimes =    18
      Source number =    2
        x =      -10.08    z =       -5.96    Number of traveltimes =    10
      Source number =    3
        x =      -10.08    z =       -5.96    Number of traveltimes =     9
      Source number =    4
        x =        6.05    z =       36.09    Number of traveltimes =    14
      Source number =    5
        x =       32.89    z =       18.85    Number of traveltimes =     4
      Source number =    6
        x =        3.72    z =       17.85    Number of traveltimes =     7
      Source number =    7
        x =        2.83    z =       -3.05    Number of traveltimes =     7
      Source number =    8
        x =        2.83    z =       -3.05    Number of traveltimes =     5
      Source number =    9
        x =       23.72    z =       19.27    Number of traveltimes =     4
      Source number =   10
        x =       18.12    z =        6.59    Number of traveltimes =     8
      Source number =   11
        x =       -5.38    z =       -5.50    Number of traveltimes =     4
      Source number =   12
        x =       -4.31    z =       -9.02    Number of traveltimes =     3
      Source number =   13
        x =      -36.85    z =       12.85    Number of traveltimes =    10
      Source number =   14
        x =      -27.07    z =      -30.07    Number of traveltimes =     6
      Source number =   15
        x =      -10.83    z =        6.36    Number of traveltimes =     8
      Source number =   16
        x =       -2.99    z =      -21.14    Number of traveltimes =     5
      Source number =   17
        x =      -22.45    z =      -13.97    Number of traveltimes =     4
      Source number =   18
        x =      -11.21    z =      -30.24    Number of traveltimes =     3
      Source number =   19
        x =      -45.20    z =       -6.67    Number of traveltimes =     4
      Source number =   20
        x =      -12.64    z =      -12.65    Number of traveltimes =     2
      Source number =   21
        x =      -12.64    z =      -12.65    Number of traveltimes =     2

      Total number of sources     =     21
      Total number of traveltimes =    137

      Min/max horizontal source/receiver coordinates =     -45.20      44.54
      Min/max vertical source/receiver coordinates   =     -30.24      36.09

      Slowness grid defined:
        Number of horizontal grid points    =     49
        Number of vertical grid points      =     41
        Number of slowness cells            =   1920
        Grid interval                       =       2.25
        Min/max horizontal grid coordinates =     -52.00       56.00
        Min/max vertical grid coordinates   =     -43.00       47.00

      Initial slowness model obtained from linear velocity formula.

      5 constraint operators defined:
        Operator #1:
                             0.00     0.00     0.00
                             0.00     2.00     0.00
                             0.00     0.00     0.00
        Operator #2:
                             0.00     0.00     0.00
                             0.00    -3.00     3.00
                             0.00     0.00     0.00
        Operator #3:
                             0.00     0.00     0.00
                             0.00    -3.00     0.00
                             0.00     3.00     0.00
        Operator #4:
                             0.00     0.00     0.00
                             8.00   -16.00     8.00
                             0.00     0.00     0.00
        Operator #5:
                             0.00     8.00     0.00
                             0.00   -16.00     0.00
                             0.00     8.00     0.00

      Reference slowness model identical to initial slowness model.

      Begin tomographic inversion procedure.
      Constraint equations loaded: Number of Jacobean matrix elements =   20768
      Iteration number =   1
      Begin forward computations:
        Source number    1: Traveltimes done.
                            Raypaths done.
                            Number of Jacobian matrix elements =     21178
        Source number    2: Traveltimes done.
                            Raypaths done.
                            Number of Jacobian matrix elements =     21337
        Source number    3: Traveltimes done.
                            Raypaths done.
                            Number of Jacobian matrix elements =     21467
        Source number    4: Traveltimes done.
                            Raypaths done.
                            Number of Jacobian matrix elements =     21806
        Source number    5: Traveltimes done.
                            Raypaths done.
                            Number of Jacobian matrix elements =     21883
        Source number    6: Traveltimes done.
                            Raypaths done.
                            Number of Jacobian matrix elements =     22002
        Source number    7: Traveltimes done.
                            Raypaths done.
                            Number of Jacobian matrix elements =     22161
        Source number    8: Traveltimes done.
                            Raypaths done.
                            Number of Jacobian matrix elements =     22246
        Source number    9: Traveltimes done.
                            Raypaths done.
                            Number of Jacobian matrix elements =     22352
        Source number   10: Traveltimes done.
                            Raypaths done.
                            Number of Jacobian matrix elements =     22519
        Source number   11: Traveltimes done.
                            Raypaths done.
                            Number of Jacobian matrix elements =     22554
        Source number   12: Traveltimes done.
                            Raypaths done.
                            Number of Jacobian matrix elements =     22601
        Source number   13: Traveltimes done.
                            Raypaths done.
                            Number of Jacobian matrix elements =     22864
        Source number   14: Traveltimes done.
                            Raypaths done.
                            Number of Jacobian matrix elements =     22971
        Source number   15: Traveltimes done.
                            Raypaths done.
                            Number of Jacobian matrix elements =     23115
        Source number   16: Traveltimes done.
                            Raypaths done.
                            Number of Jacobian matrix elements =     23179
        Source number   17: Traveltimes done.
                            Raypaths done.
                            Number of Jacobian matrix elements =     23241
        Source number   18: Traveltimes done.
                            Raypaths done.
                            Number of Jacobian matrix elements =     23372
        Source number   19: Traveltimes done.
                            Raypaths done.
                            Number of Jacobian matrix elements =     23456
        Source number   20: Traveltimes done.
                            Raypaths done.
                            Number of Jacobian matrix elements =     23480
        Source number   21: Traveltimes done.
                            Raypaths done.
                            Number of Jacobian matrix elements =     23504
      Total number of raypaths=    137
      Total number of traveltimes used in inversion =   137
      Rms traveltime error = 2377.389 ms
      Slowness model scaled;   scalar =  1.08853
          Improved rms traveltime error = 1971.004 ms
      Begin inverse computations:
        LSQR iteration =   1   relative error =  0.972160
        LSQR iteration =   2   relative error =  0.941568
        LSQR iteration =   3   relative error =  0.911959
        LSQR iteration =   4   relative error =  0.890590
        LSQR iteration =   5   relative error =  0.875497
        LSQR iteration =   6   relative error =  0.865099
        LSQR iteration =   7   relative error =  0.857119
        LSQR iteration =   8   relative error =  0.850634
        LSQR iteration =   9   relative error =  0.844965
        LSQR iteration =  10   relative error =  0.840274
        LSQR iteration =  11   relative error =  0.836231
        LSQR iteration =  12   relative error =  0.832905
        LSQR iteration =  13   relative error =  0.830114
        LSQR iteration =  14   relative error =  0.827803
        LSQR iteration =  15   relative error =  0.825772
        LSQR iteration =  16   relative error =  0.824034
        LSQR iteration =  17   relative error =  0.822504
        LSQR iteration =  18   relative error =  0.821156
        LSQR iteration =  19   relative error =  0.819920
        LSQR iteration =  20   relative error =  0.818802
        LSQR iteration =  21   relative error =  0.817814
        LSQR iteration =  22   relative error =  0.816952
        LSQR iteration =  23   relative error =  0.816172
        LSQR iteration =  24   relative error =  0.815474
        LSQR iteration =  25   relative error =  0.814867
        LSQR iteration =  26   relative error =  0.814328
        LSQR iteration =  27   relative error =  0.813853
        LSQR iteration =  28   relative error =  0.813435
        LSQR iteration =  29   relative error =  0.813083
        LSQR iteration =  30   relative error =  0.812762
        LSQR iteration =  31   relative error =  0.812482
        LSQR iteration =  32   relative error =  0.812237
        LSQR iteration =  33   relative error =  0.812032
        LSQR iteration =  34   relative error =  0.811876
        LSQR iteration =  35   relative error =  0.811747
        LSQR iteration =  36   relative error =  0.811624
        LSQR iteration =  37   relative error =  0.811529
        LSQR iteration =  38   relative error =  0.811451
        LSQR iteration =  39   relative error =  0.811385
        LSQR iteration =  40   relative error =  0.811334
        LSQR iteration =  41   relative error =  0.811294
        LSQR iteration =  42   relative error =  0.811260
        LSQR iteration =  43   relative error =  0.811230
        LSQR iteration =  44   relative error =  0.811207
        LSQR iteration =  45   relative error =  0.811188
        LSQR iteration =  46   relative error =  0.811174
        LSQR iteration =  47   relative error =  0.811162
        LSQR iteration =  48   relative error =  0.811152
        LSQR iteration =  49   relative error =  0.811144
        LSQR iteration =  50   relative error =  0.811138
        LSQR iteration =  51   relative error =  0.811133
      Slowness model updated.
      Iteration number =   2
      Begin forward computations:
        Source number    1: Traveltimes done.
                            Raypaths done.
                            Number of Jacobian matrix elements =     21179
        Source number    2: Traveltimes done.
                            Raypaths done.
                            Number of Jacobian matrix elements =     21338
        Source number    3: Traveltimes done.
                            Raypaths done.
                            Number of Jacobian matrix elements =     21470
        Source number    4: Traveltimes done.
                            Raypaths done.
                            Number of Jacobian matrix elements =     21809
        Source number    5: Traveltimes done.
                            Raypaths done.
                            Number of Jacobian matrix elements =     21887
        Source number    6: Traveltimes done.
                            Raypaths done.
                            Number of Jacobian matrix elements =     22009
        Source number    7: Traveltimes done.
                            Raypaths done.
                            Number of Jacobian matrix elements =     22168
        Source number    8: Traveltimes done.
                            Raypaths done.
                            Number of Jacobian matrix elements =     22253
        Source number    9: Traveltimes done.
                            Raypaths done.
                            Number of Jacobian matrix elements =     22359
        Source number   10: Traveltimes done.
                            Raypaths done.
                            Number of Jacobian matrix elements =     22528
        Source number   11: Traveltimes done.
                            Raypaths done.
                            Number of Jacobian matrix elements =     22563
        Source number   12: Traveltimes done.
                            Raypaths done.
                            Number of Jacobian matrix elements =     22610
        Source number   13: Traveltimes done.
                            Raypaths done.
                            Number of Jacobian matrix elements =     22874
        Source number   14: Traveltimes done.
                            Raypaths done.
                            Number of Jacobian matrix elements =     22981
        Source number   15: Traveltimes done.
                            Raypaths done.
                            Number of Jacobian matrix elements =     23127
        Source number   16: Traveltimes done.
                            Raypaths done.
                            Number of Jacobian matrix elements =     23191
        Source number   17: Traveltimes done.
                            Raypaths done.
                            Number of Jacobian matrix elements =     23253
        Source number   18: Traveltimes done.
                            Raypaths done.
                            Number of Jacobian matrix elements =     23384
        Source number   19: Traveltimes done.
                            Raypaths done.
                            Number of Jacobian matrix elements =     23466
        Source number   20: Traveltimes done.
                            Raypaths done.
                            Number of Jacobian matrix elements =     23490
        Source number   21: Traveltimes done.
                            Raypaths done.
                            Number of Jacobian matrix elements =     23514
      Total number of raypaths=    137
      Total number of traveltimes used in inversion =   137
      Rms traveltime error = 1626.823 ms
      Slowness model scaled;   scalar =  1.01838
          Improved rms traveltime error = 1599.717 ms

      Velocity model output:
        Min/max horizontal coordinates =     -52.00       56.00
        Min/max vertical coordinates   =     -43.00       47.00
        Min/max velocities             =       1.79        2.89

      Ray density map output:
        Min/max horizontal coordinates =     -50.88       54.88
        Min/max vertical coordinates   =     -41.88       45.88
        Min/max ray densities          =       0.00       18.61

      Predicted traveltimes output.
