
  Begin Program PRONTO

      Run parameters loaded.

      Begin loading observed data:
      Source number =    1
        x =        8.19    z =      -21.49    Number of traveltimes =     2
      Source number =    2
        x =      -10.08    z =       -5.96    Number of traveltimes =     3
      Source number =    3
        x =      -10.08    z =       -5.96    Number of traveltimes =     1
      Source number =    4
        x =        6.05    z =       36.09    Number of traveltimes =     5
      Source number =    5
        x =       32.89    z =       18.85    Number of traveltimes =     4
      Source number =    6
        x =        3.72    z =       17.85    Number of traveltimes =     4
      Source number =    7
        x =        2.83    z =       -3.05    Number of traveltimes =     2
      Source number =    8
        x =       23.72    z =       19.27    Number of traveltimes =     3
      Source number =    9
        x =       18.12    z =        6.59    Number of traveltimes =     1
      Source number =   10
        x =       -4.31    z =       -9.02    Number of traveltimes =     4
      Source number =   11
        x =      -27.07    z =      -30.07    Number of traveltimes =     1
      Source number =   12
        x =       -2.99    z =      -21.14    Number of traveltimes =     2
      Source number =   13
        x =      -11.21    z =      -30.24    Number of traveltimes =     3

      Total number of sources     =     13
      Total number of traveltimes =     35

      Min/max horizontal source/receiver coordinates =     -45.20      44.54
      Min/max vertical source/receiver coordinates   =     -30.24      36.09

      Slowness grid defined:
        Number of horizontal grid points    =     49
        Number of vertical grid points      =     41
        Number of slowness cells            =   1920
        Grid interval                       =       2.25
        Min/max horizontal grid coordinates =     -52.00       56.00
        Min/max vertical grid coordinates   =     -43.00       47.00

      Initial slowness model obtained from linear velocity formula.

      5 constraint operators defined:
        Operator #1:
                             0.00     0.00     0.00
                             0.00     2.00     0.00
                             0.00     0.00     0.00
        Operator #2:
                             0.00     0.00     0.00
                             0.00    -3.00     3.00
                             0.00     0.00     0.00
        Operator #3:
                             0.00     0.00     0.00
                             0.00    -3.00     0.00
                             0.00     3.00     0.00
        Operator #4:
                             0.00     0.00     0.00
                             8.00   -16.00     8.00
                             0.00     0.00     0.00
        Operator #5:
                             0.00     8.00     0.00
                             0.00   -16.00     0.00
                             0.00     8.00     0.00

      Reference slowness model identical to initial slowness model.

      Begin tomographic inversion procedure.
      Constraint equations loaded: Number of Jacobean matrix elements =   20768
      Iteration number =   1
      Begin forward computations:
        Source number    1: Traveltimes done.
                            Raypaths done.
                            Number of Jacobian matrix elements =     20833
        Source number    2: Traveltimes done.
                            Raypaths done.
                            Number of Jacobian matrix elements =     20942
        Source number    3: Traveltimes done.
                            Raypaths done.
                            Number of Jacobian matrix elements =     20969
        Source number    4: Traveltimes done.
                            Raypaths done.
                            Number of Jacobian matrix elements =     21137
        Source number    5: Traveltimes done.
                            Raypaths done.
                            Number of Jacobian matrix elements =     21281
        Source number    6: Traveltimes done.
                            Raypaths done.
                            Number of Jacobian matrix elements =     21393
        Source number    7: Traveltimes done.
                            Raypaths done.
                            Number of Jacobian matrix elements =     21443
        Source number    8: Traveltimes done.
                            Raypaths done.
                            Number of Jacobian matrix elements =     21559
        Source number    9: Traveltimes done.
                            Raypaths done.
                            Number of Jacobian matrix elements =     21588
        Source number   10: Traveltimes done.
                            Raypaths done.
                            Number of Jacobian matrix elements =     21712
        Source number   11: Traveltimes done.
                            Raypaths done.
                            Number of Jacobian matrix elements =     21736
        Source number   12: Traveltimes done.
                            Raypaths done.
                            Number of Jacobian matrix elements =     21826
        Source number   13: Traveltimes done.
                            Raypaths done.
                            Number of Jacobian matrix elements =     21957
      Total number of raypaths=     35
      Total number of traveltimes used in inversion =    35
      Rms traveltime error = 6448.259 ms
      Slowness model scaled;   scalar =  0.98101
          Improved rms traveltime error = 6433.618 ms
      Begin inverse computations:
        LSQR iteration =   1   relative error =  0.975402
        LSQR iteration =   2   relative error =  0.948347
        LSQR iteration =   3   relative error =  0.921860
        LSQR iteration =   4   relative error =  0.904230
        LSQR iteration =   5   relative error =  0.889963
        LSQR iteration =   6   relative error =  0.878944
        LSQR iteration =   7   relative error =  0.869848
        LSQR iteration =   8   relative error =  0.862621
        LSQR iteration =   9   relative error =  0.856547
        LSQR iteration =  10   relative error =  0.851603
        LSQR iteration =  11   relative error =  0.847690
        LSQR iteration =  12   relative error =  0.844598
        LSQR iteration =  13   relative error =  0.842173
        LSQR iteration =  14   relative error =  0.840279
        LSQR iteration =  15   relative error =  0.838763
        LSQR iteration =  16   relative error =  0.837526
        LSQR iteration =  17   relative error =  0.836524
        LSQR iteration =  18   relative error =  0.835691
        LSQR iteration =  19   relative error =  0.835006
        LSQR iteration =  20   relative error =  0.834457
        LSQR iteration =  21   relative error =  0.834003
        LSQR iteration =  22   relative error =  0.833620
        LSQR iteration =  23   relative error =  0.833316
        LSQR iteration =  24   relative error =  0.833075
        LSQR iteration =  25   relative error =  0.832877
        LSQR iteration =  26   relative error =  0.832700
        LSQR iteration =  27   relative error =  0.832551
        LSQR iteration =  28   relative error =  0.832430
        LSQR iteration =  29   relative error =  0.832324
        LSQR iteration =  30   relative error =  0.832237
        LSQR iteration =  31   relative error =  0.832164
        LSQR iteration =  32   relative error =  0.832110
        LSQR iteration =  33   relative error =  0.832067
        LSQR iteration =  34   relative error =  0.832028
        LSQR iteration =  35   relative error =  0.831997
        LSQR iteration =  36   relative error =  0.831970
        LSQR iteration =  37   relative error =  0.831948
        LSQR iteration =  38   relative error =  0.831931
        LSQR iteration =  39   relative error =  0.831915
        LSQR iteration =  40   relative error =  0.831903
        LSQR iteration =  41   relative error =  0.831891
        LSQR iteration =  42   relative error =  0.831879
        LSQR iteration =  43   relative error =  0.831870
        LSQR iteration =  44   relative error =  0.831860
        LSQR iteration =  45   relative error =  0.831853
        LSQR iteration =  46   relative error =  0.831846
        LSQR iteration =  47   relative error =  0.831840
        LSQR iteration =  48   relative error =  0.831836
        LSQR iteration =  49   relative error =  0.831832
        LSQR iteration =  50   relative error =  0.831829
        LSQR iteration =  51   relative error =  0.831827
      Slowness model updated.
      Iteration number =   2
      Begin forward computations:
        Source number    1: Traveltimes done.
                            Raypaths done.
                            Number of Jacobian matrix elements =     20835
        Source number    2: Traveltimes done.
                            Raypaths done.
                            Number of Jacobian matrix elements =     20944
        Source number    3: Traveltimes done.
                            Raypaths done.
                            Number of Jacobian matrix elements =     20971
        Source number    4: Traveltimes done.
                            Raypaths done.
                            Number of Jacobian matrix elements =     21146
        Source number    5: Traveltimes done.
                            Raypaths done.
                            Number of Jacobian matrix elements =     21290
        Source number    6: Traveltimes done.
                            Raypaths done.
                            Number of Jacobian matrix elements =     21409
        Source number    7: Traveltimes done.
                            Raypaths done.
                            Number of Jacobian matrix elements =     21466
        Source number    8: Traveltimes done.
                            Raypaths done.
                            Number of Jacobian matrix elements =     21582
        Source number    9: Traveltimes done.
                            Raypaths done.
                            Number of Jacobian matrix elements =     21611
        Source number   10: Traveltimes done.
                            Raypaths done.
                            Number of Jacobian matrix elements =     21742
        Source number   11: Traveltimes done.
                            Raypaths done.
                            Number of Jacobian matrix elements =     21766
        Source number   12: Traveltimes done.
                            Raypaths done.
                            Number of Jacobian matrix elements =     21856
        Source number   13: Traveltimes done.
  Error! - No exit option selected in RAYCROSS.
            Receiver no. =    2
            Raypath entering cell: i=       37 j=       27  Raypath abandoned!
  Error! - No exit option selected in RAYCROSS.
            Receiver no. =    3
            Raypath entering cell: i=       37 j=       27  Raypath abandoned!
                            Raypaths done.
                            Number of Jacobian matrix elements =     21909
      Total number of raypaths=     33
      Total number of traveltimes used in inversion =    33
      Rms traveltime error = 6087.365 ms
      Slowness model scaled;   scalar =  1.09319
          Improved rms traveltime error = 5785.741 ms

      Velocity model output:
        Min/max horizontal coordinates =     -52.00       56.00
        Min/max vertical coordinates   =     -43.00       47.00
        Min/max velocities             =       1.49        3.90

      Ray density map output:
        Min/max horizontal coordinates =     -50.88       54.88
        Min/max vertical coordinates   =     -41.88       45.88
        Min/max ray densities          =       0.00       16.17

      Predicted traveltimes output.
