
  Begin Program PRONTO

      Run parameters loaded.

      Begin loading observed data:
      Source number =    1
        x =        8.19    z =      -21.49    Number of traveltimes =    17
      Source number =    2
        x =      -10.08    z =       -5.96    Number of traveltimes =     5
      Source number =    3
        x =      -10.08    z =       -5.96    Number of traveltimes =     7
      Source number =    4
        x =        6.05    z =       36.09    Number of traveltimes =    11
      Source number =    5
        x =       32.89    z =       18.85    Number of traveltimes =     3
      Source number =    6
        x =        3.72    z =       17.85    Number of traveltimes =     8
      Source number =    7
        x =        2.83    z =       -3.05    Number of traveltimes =     4
      Source number =    8
        x =        2.83    z =       -3.05    Number of traveltimes =     3
      Source number =    9
        x =       23.72    z =       19.27    Number of traveltimes =     2
      Source number =   10
        x =       18.12    z =        6.59    Number of traveltimes =     5
      Source number =   11
        x =       -5.38    z =       -5.50    Number of traveltimes =     2
      Source number =   12
        x =       -4.31    z =       -9.02    Number of traveltimes =     4
      Source number =   13
        x =      -36.85    z =       12.85    Number of traveltimes =    10
      Source number =   14
        x =      -27.07    z =      -30.07    Number of traveltimes =     4
      Source number =   15
        x =      -10.83    z =        6.36    Number of traveltimes =     6
      Source number =   16
        x =       -2.99    z =      -21.14    Number of traveltimes =     5
      Source number =   17
        x =      -22.45    z =      -13.97    Number of traveltimes =     4
      Source number =   18
        x =      -11.21    z =      -30.24    Number of traveltimes =     3
      Source number =   19
        x =      -45.20    z =       -6.67    Number of traveltimes =     4
      Source number =   20
        x =       -0.11    z =       -1.87    Number of traveltimes =     2
      Source number =   21
        x =       -0.11    z =       -1.87    Number of traveltimes =     2

      Total number of sources     =     21
      Total number of traveltimes =    111

      Min/max horizontal source/receiver coordinates =     -45.20      44.54
      Min/max vertical source/receiver coordinates   =     -30.24      36.09

      Slowness grid defined:
        Number of horizontal grid points    =     49
        Number of vertical grid points      =     41
        Number of slowness cells            =   1920
        Grid interval                       =       2.25
        Min/max horizontal grid coordinates =     -52.00       56.00
        Min/max vertical grid coordinates   =     -43.00       47.00

      Initial slowness model obtained from linear velocity formula.

      5 constraint operators defined:
        Operator #1:
                             0.00     0.00     0.00
                             0.00     2.00     0.00
                             0.00     0.00     0.00
        Operator #2:
                             0.00     0.00     0.00
                             0.00    -3.00     3.00
                             0.00     0.00     0.00
        Operator #3:
                             0.00     0.00     0.00
                             0.00    -3.00     0.00
                             0.00     3.00     0.00
        Operator #4:
                             0.00     0.00     0.00
                             8.00   -16.00     8.00
                             0.00     0.00     0.00
        Operator #5:
                             0.00     8.00     0.00
                             0.00   -16.00     0.00
                             0.00     8.00     0.00

      Reference slowness model identical to initial slowness model.

      Begin tomographic inversion procedure.
      Constraint equations loaded: Number of Jacobean matrix elements =   20768
      Iteration number =   1
      Begin forward computations:
        Source number    1: Traveltimes done.
                            Raypaths done.
                            Number of Jacobian matrix elements =     21133
        Source number    2: Traveltimes done.
                            Raypaths done.
                            Number of Jacobian matrix elements =     21207
        Source number    3: Traveltimes done.
                            Raypaths done.
                            Number of Jacobian matrix elements =     21299
        Source number    4: Traveltimes done.
                            Raypaths done.
                            Number of Jacobian matrix elements =     21575
        Source number    5: Traveltimes done.
                            Raypaths done.
                            Number of Jacobian matrix elements =     21633
        Source number    6: Traveltimes done.
                            Raypaths done.
                            Number of Jacobian matrix elements =     21789
        Source number    7: Traveltimes done.
                            Raypaths done.
                            Number of Jacobian matrix elements =     21878
        Source number    8: Traveltimes done.
                            Raypaths done.
                            Number of Jacobian matrix elements =     21934
        Source number    9: Traveltimes done.
                            Raypaths done.
                            Number of Jacobian matrix elements =     21984
        Source number   10: Traveltimes done.
                            Raypaths done.
                            Number of Jacobian matrix elements =     22090
        Source number   11: Traveltimes done.
                            Raypaths done.
                            Number of Jacobian matrix elements =     22111
        Source number   12: Traveltimes done.
                            Raypaths done.
                            Number of Jacobian matrix elements =     22158
        Source number   13: Traveltimes done.
                            Raypaths done.
                            Number of Jacobian matrix elements =     22421
        Source number   14: Traveltimes done.
                            Raypaths done.
                            Number of Jacobian matrix elements =     22476
        Source number   15: Traveltimes done.
                            Raypaths done.
                            Number of Jacobian matrix elements =     22548
        Source number   16: Traveltimes done.
                            Raypaths done.
                            Number of Jacobian matrix elements =     22612
        Source number   17: Traveltimes done.
                            Raypaths done.
                            Number of Jacobian matrix elements =     22674
        Source number   18: Traveltimes done.
                            Raypaths done.
                            Number of Jacobian matrix elements =     22805
        Source number   19: Traveltimes done.
                            Raypaths done.
                            Number of Jacobian matrix elements =     22889
        Source number   20: Traveltimes done.
                            Raypaths done.
                            Number of Jacobian matrix elements =     22957
        Source number   21: Traveltimes done.
                            Raypaths done.
                            Number of Jacobian matrix elements =     23025
      Total number of raypaths=    111
      Total number of traveltimes used in inversion =   111
      Rms traveltime error = 3700.070 ms
      Slowness model scaled;   scalar =  1.06208
          Improved rms traveltime error = 3575.850 ms
      Begin inverse computations:
        LSQR iteration =   1   relative error =  0.975257
        LSQR iteration =   2   relative error =  0.945249
        LSQR iteration =   3   relative error =  0.918046
        LSQR iteration =   4   relative error =  0.897201
        LSQR iteration =   5   relative error =  0.882064
        LSQR iteration =   6   relative error =  0.871888
        LSQR iteration =   7   relative error =  0.864498
        LSQR iteration =   8   relative error =  0.859182
        LSQR iteration =   9   relative error =  0.855093
        LSQR iteration =  10   relative error =  0.851997
        LSQR iteration =  11   relative error =  0.849661
        LSQR iteration =  12   relative error =  0.847894
        LSQR iteration =  13   relative error =  0.846501
        LSQR iteration =  14   relative error =  0.845396
        LSQR iteration =  15   relative error =  0.844480
        LSQR iteration =  16   relative error =  0.843717
        LSQR iteration =  17   relative error =  0.843074
        LSQR iteration =  18   relative error =  0.842534
        LSQR iteration =  19   relative error =  0.842082
        LSQR iteration =  20   relative error =  0.841702
        LSQR iteration =  21   relative error =  0.841377
        LSQR iteration =  22   relative error =  0.841102
        LSQR iteration =  23   relative error =  0.840865
        LSQR iteration =  24   relative error =  0.840660
        LSQR iteration =  25   relative error =  0.840485
        LSQR iteration =  26   relative error =  0.840331
        LSQR iteration =  27   relative error =  0.840195
        LSQR iteration =  28   relative error =  0.840083
        LSQR iteration =  29   relative error =  0.839968
        LSQR iteration =  30   relative error =  0.839872
        LSQR iteration =  31   relative error =  0.839779
        LSQR iteration =  32   relative error =  0.839708
        LSQR iteration =  33   relative error =  0.839637
        LSQR iteration =  34   relative error =  0.839572
        LSQR iteration =  35   relative error =  0.839523
        LSQR iteration =  36   relative error =  0.839479
        LSQR iteration =  37   relative error =  0.839436
        LSQR iteration =  38   relative error =  0.839405
        LSQR iteration =  39   relative error =  0.839381
        LSQR iteration =  40   relative error =  0.839362
        LSQR iteration =  41   relative error =  0.839343
        LSQR iteration =  42   relative error =  0.839325
        LSQR iteration =  43   relative error =  0.839312
        LSQR iteration =  44   relative error =  0.839300
        LSQR iteration =  45   relative error =  0.839292
        LSQR iteration =  46   relative error =  0.839286
        LSQR iteration =  47   relative error =  0.839279
        LSQR iteration =  48   relative error =  0.839274
        LSQR iteration =  49   relative error =  0.839270
        LSQR iteration =  50   relative error =  0.839267
        LSQR iteration =  51   relative error =  0.839263
      Slowness model updated.
      Iteration number =   2
      Begin forward computations:
        Source number    1: Traveltimes done.
                            Raypaths done.
                            Number of Jacobian matrix elements =     21139
        Source number    2: Traveltimes done.
                            Raypaths done.
                            Number of Jacobian matrix elements =     21214
        Source number    3: Traveltimes done.
                            Raypaths done.
                            Number of Jacobian matrix elements =     21306
        Source number    4: Traveltimes done.
                            Raypaths done.
                            Number of Jacobian matrix elements =     21583
        Source number    5: Traveltimes done.
                            Raypaths done.
                            Number of Jacobian matrix elements =     21641
        Source number    6: Traveltimes done.
                            Raypaths done.
                            Number of Jacobian matrix elements =     21800
        Source number    7: Traveltimes done.
                            Raypaths done.
                            Number of Jacobian matrix elements =     21890
        Source number    8: Traveltimes done.
                            Raypaths done.
                            Number of Jacobian matrix elements =     21947
        Source number    9: Traveltimes done.
                            Raypaths done.
                            Number of Jacobian matrix elements =     21997
        Source number   10: Traveltimes done.
                            Raypaths done.
                            Number of Jacobian matrix elements =     22104
        Source number   11: Traveltimes done.
                            Raypaths done.
                            Number of Jacobian matrix elements =     22125
        Source number   12: Traveltimes done.
                            Raypaths done.
                            Number of Jacobian matrix elements =     22172
        Source number   13: Traveltimes done.
                            Raypaths done.
                            Number of Jacobian matrix elements =     22435
        Source number   14: Traveltimes done.
                            Raypaths done.
                            Number of Jacobian matrix elements =     22490
        Source number   15: Traveltimes done.
                            Raypaths done.
                            Number of Jacobian matrix elements =     22566
        Source number   16: Traveltimes done.
                            Raypaths done.
                            Number of Jacobian matrix elements =     22630
        Source number   17: Traveltimes done.
                            Raypaths done.
                            Number of Jacobian matrix elements =     22692
        Source number   18: Traveltimes done.
                            Raypaths done.
                            Number of Jacobian matrix elements =     22823
        Source number   19: Traveltimes done.
                            Raypaths done.
                            Number of Jacobian matrix elements =     22907
        Source number   20: Traveltimes done.
                            Raypaths done.
                            Number of Jacobian matrix elements =     22975
        Source number   21: Traveltimes done.
                            Raypaths done.
                            Number of Jacobian matrix elements =     23043
      Total number of raypaths=    111
      Total number of traveltimes used in inversion =   111
      Rms traveltime error = 3191.004 ms
      Slowness model scaled;   scalar =  1.04123
          Improved rms traveltime error = 3124.555 ms

      Velocity model output:
        Min/max horizontal coordinates =     -52.00       56.00
        Min/max vertical coordinates   =     -43.00       47.00
        Min/max velocities             =       1.51        4.15

      Ray density map output:
        Min/max horizontal coordinates =     -50.88       54.88
        Min/max vertical coordinates   =     -41.88       45.88
        Min/max ray densities          =       0.00       15.77

      Predicted traveltimes output.
