
  Begin Program PRONTO

      Run parameters loaded.

      Begin loading observed data:
      Source number =    1
        x =        8.19    z =      -21.49    Number of traveltimes =    18
      Source number =    2
        x =      -10.08    z =       -5.96    Number of traveltimes =     9
      Source number =    3
        x =      -10.08    z =       -5.96    Number of traveltimes =     7
      Source number =    4
        x =        6.05    z =       36.09    Number of traveltimes =    15
      Source number =    5
        x =       32.89    z =       18.85    Number of traveltimes =     8
      Source number =    6
        x =        3.72    z =       17.85    Number of traveltimes =    14
      Source number =    7
        x =        2.83    z =       -3.05    Number of traveltimes =     7
      Source number =    8
        x =        2.83    z =       -3.05    Number of traveltimes =     6
      Source number =    9
        x =       23.72    z =       19.27    Number of traveltimes =     5
      Source number =   10
        x =       18.12    z =        6.59    Number of traveltimes =     5
      Source number =   11
        x =       -5.38    z =       -5.50    Number of traveltimes =     7
      Source number =   12
        x =       -4.31    z =       -9.02    Number of traveltimes =     3
      Source number =   13
        x =      -36.85    z =       12.85    Number of traveltimes =     8
      Source number =   14
        x =      -27.07    z =      -30.07    Number of traveltimes =     5
      Source number =   15
        x =      -10.83    z =        6.36    Number of traveltimes =     8
      Source number =   16
        x =       -2.99    z =      -21.14    Number of traveltimes =     4
      Source number =   17
        x =      -22.45    z =      -13.97    Number of traveltimes =     4
      Source number =   18
        x =      -11.21    z =      -30.24    Number of traveltimes =     3
      Source number =   19
        x =      -45.20    z =       -6.67    Number of traveltimes =     4

      Total number of sources     =     19
      Total number of traveltimes =    140

      Min/max horizontal source/receiver coordinates =     -45.20      44.54
      Min/max vertical source/receiver coordinates   =     -30.24      36.09

      Slowness grid defined:
        Number of horizontal grid points    =     49
        Number of vertical grid points      =     41
        Number of slowness cells            =   1920
        Grid interval                       =       2.25
        Min/max horizontal grid coordinates =     -52.00       56.00
        Min/max vertical grid coordinates   =     -43.00       47.00

      Initial slowness model obtained from linear velocity formula.

      5 constraint operators defined:
        Operator #1:
                             0.00     0.00     0.00
                             0.00     2.00     0.00
                             0.00     0.00     0.00
        Operator #2:
                             0.00     0.00     0.00
                             0.00    -3.00     3.00
                             0.00     0.00     0.00
        Operator #3:
                             0.00     0.00     0.00
                             0.00    -3.00     0.00
                             0.00     3.00     0.00
        Operator #4:
                             0.00     0.00     0.00
                             8.00   -16.00     8.00
                             0.00     0.00     0.00
        Operator #5:
                             0.00     8.00     0.00
                             0.00   -16.00     0.00
                             0.00     8.00     0.00

      Reference slowness model identical to initial slowness model.

      Begin tomographic inversion procedure.
      Constraint equations loaded: Number of Jacobean matrix elements =   20768
      Iteration number =   1
      Begin forward computations:
        Source number    1: Traveltimes done.
                            Raypaths done.
                            Number of Jacobian matrix elements =     21176
        Source number    2: Traveltimes done.
                            Raypaths done.
                            Number of Jacobian matrix elements =     21400
        Source number    3: Traveltimes done.
                            Raypaths done.
                            Number of Jacobian matrix elements =     21532
        Source number    4: Traveltimes done.
                            Raypaths done.
                            Number of Jacobian matrix elements =     21907
        Source number    5: Traveltimes done.
                            Raypaths done.
                            Number of Jacobian matrix elements =     22086
        Source number    6: Traveltimes done.
                            Raypaths done.
                            Number of Jacobian matrix elements =     22354
        Source number    7: Traveltimes done.
                            Raypaths done.
                            Number of Jacobian matrix elements =     22490
        Source number    8: Traveltimes done.
                            Raypaths done.
                            Number of Jacobian matrix elements =     22599
        Source number    9: Traveltimes done.
                            Raypaths done.
                            Number of Jacobian matrix elements =     22779
        Source number   10: Traveltimes done.
                            Raypaths done.
                            Number of Jacobian matrix elements =     22905
        Source number   11: Traveltimes done.
                            Raypaths done.
                            Number of Jacobian matrix elements =     23060
        Source number   12: Traveltimes done.
                            Raypaths done.
                            Number of Jacobian matrix elements =     23111
        Source number   13: Traveltimes done.
                            Raypaths done.
                            Number of Jacobian matrix elements =     23322
        Source number   14: Traveltimes done.
                            Raypaths done.
                            Number of Jacobian matrix elements =     23401
        Source number   15: Traveltimes done.
                            Raypaths done.
                            Number of Jacobian matrix elements =     23563
        Source number   16: Traveltimes done.
                            Raypaths done.
                            Number of Jacobian matrix elements =     23625
        Source number   17: Traveltimes done.
                            Raypaths done.
                            Number of Jacobian matrix elements =     23687
        Source number   18: Traveltimes done.
                            Raypaths done.
                            Number of Jacobian matrix elements =     23734
        Source number   19: Traveltimes done.
                            Raypaths done.
                            Number of Jacobian matrix elements =     23818
      Total number of raypaths=    140
      Total number of traveltimes used in inversion =   140
      Rms traveltime error = 1993.852 ms
      Slowness model scaled;   scalar =  1.07306
          Improved rms traveltime error = 1615.846 ms
      Begin inverse computations:
        LSQR iteration =   1   relative error =  0.970384
        LSQR iteration =   2   relative error =  0.935992
        LSQR iteration =   3   relative error =  0.906291
        LSQR iteration =   4   relative error =  0.886005
        LSQR iteration =   5   relative error =  0.869882
        LSQR iteration =   6   relative error =  0.858684
        LSQR iteration =   7   relative error =  0.849763
        LSQR iteration =   8   relative error =  0.842209
        LSQR iteration =   9   relative error =  0.835802
        LSQR iteration =  10   relative error =  0.830733
        LSQR iteration =  11   relative error =  0.826764
        LSQR iteration =  12   relative error =  0.823515
        LSQR iteration =  13   relative error =  0.820712
        LSQR iteration =  14   relative error =  0.818288
        LSQR iteration =  15   relative error =  0.816150
        LSQR iteration =  16   relative error =  0.814418
        LSQR iteration =  17   relative error =  0.812908
        LSQR iteration =  18   relative error =  0.811599
        LSQR iteration =  19   relative error =  0.810385
        LSQR iteration =  20   relative error =  0.809208
        LSQR iteration =  21   relative error =  0.808184
        LSQR iteration =  22   relative error =  0.807304
        LSQR iteration =  23   relative error =  0.806485
        LSQR iteration =  24   relative error =  0.805751
        LSQR iteration =  25   relative error =  0.805078
        LSQR iteration =  26   relative error =  0.804488
        LSQR iteration =  27   relative error =  0.803977
        LSQR iteration =  28   relative error =  0.803526
        LSQR iteration =  29   relative error =  0.803138
        LSQR iteration =  30   relative error =  0.802803
        LSQR iteration =  31   relative error =  0.802509
        LSQR iteration =  32   relative error =  0.802266
        LSQR iteration =  33   relative error =  0.802068
        LSQR iteration =  34   relative error =  0.801915
        LSQR iteration =  35   relative error =  0.801783
        LSQR iteration =  36   relative error =  0.801671
        LSQR iteration =  37   relative error =  0.801582
        LSQR iteration =  38   relative error =  0.801509
        LSQR iteration =  39   relative error =  0.801442
        LSQR iteration =  40   relative error =  0.801386
        LSQR iteration =  41   relative error =  0.801345
        LSQR iteration =  42   relative error =  0.801308
        LSQR iteration =  43   relative error =  0.801281
        LSQR iteration =  44   relative error =  0.801259
        LSQR iteration =  45   relative error =  0.801241
        LSQR iteration =  46   relative error =  0.801227
        LSQR iteration =  47   relative error =  0.801215
        LSQR iteration =  48   relative error =  0.801205
        LSQR iteration =  49   relative error =  0.801196
        LSQR iteration =  50   relative error =  0.801189
        LSQR iteration =  51   relative error =  0.801184
      Slowness model updated.
      Iteration number =   2
      Begin forward computations:
        Source number    1: Traveltimes done.
                            Raypaths done.
                            Number of Jacobian matrix elements =     21176
        Source number    2: Traveltimes done.
                            Raypaths done.
                            Number of Jacobian matrix elements =     21400
        Source number    3: Traveltimes done.
                            Raypaths done.
                            Number of Jacobian matrix elements =     21532
        Source number    4: Traveltimes done.
                            Raypaths done.
                            Number of Jacobian matrix elements =     21908
        Source number    5: Traveltimes done.
                            Raypaths done.
                            Number of Jacobian matrix elements =     22090
        Source number    6: Traveltimes done.
                            Raypaths done.
                            Number of Jacobian matrix elements =     22358
        Source number    7: Traveltimes done.
                            Raypaths done.
                            Number of Jacobian matrix elements =     22494
        Source number    8: Traveltimes done.
                            Raypaths done.
                            Number of Jacobian matrix elements =     22603
        Source number    9: Traveltimes done.
                            Raypaths done.
                            Number of Jacobian matrix elements =     22784
        Source number   10: Traveltimes done.
                            Raypaths done.
                            Number of Jacobian matrix elements =     22912
        Source number   11: Traveltimes done.
                            Raypaths done.
                            Number of Jacobian matrix elements =     23067
        Source number   12: Traveltimes done.
                            Raypaths done.
                            Number of Jacobian matrix elements =     23118
        Source number   13: Traveltimes done.
                            Raypaths done.
                            Number of Jacobian matrix elements =     23330
        Source number   14: Traveltimes done.
                            Raypaths done.
                            Number of Jacobian matrix elements =     23409
        Source number   15: Traveltimes done.
                            Raypaths done.
                            Number of Jacobian matrix elements =     23573
        Source number   16: Traveltimes done.
                            Raypaths done.
                            Number of Jacobian matrix elements =     23635
        Source number   17: Traveltimes done.
                            Raypaths done.
                            Number of Jacobian matrix elements =     23697
        Source number   18: Traveltimes done.
                            Raypaths done.
                            Number of Jacobian matrix elements =     23744
        Source number   19: Traveltimes done.
                            Raypaths done.
                            Number of Jacobian matrix elements =     23828
      Total number of raypaths=    140
      Total number of traveltimes used in inversion =   140
      Rms traveltime error = 1273.407 ms
      Slowness model scaled;   scalar =  1.01345
          Improved rms traveltime error = 1252.819 ms

      Velocity model output:
        Min/max horizontal coordinates =     -52.00       56.00
        Min/max vertical coordinates   =     -43.00       47.00
        Min/max velocities             =       1.86        2.86

      Ray density map output:
        Min/max horizontal coordinates =     -50.88       54.88
        Min/max vertical coordinates   =     -41.88       45.88
        Min/max ray densities          =       0.00       19.16

      Predicted traveltimes output.
