
  Begin Program PRONTO

      Run parameters loaded.

      Begin loading observed data:
      Source number =    1
        x =        8.19    z =      -21.49    Number of traveltimes =    16
      Source number =    2
        x =      -10.08    z =       -5.96    Number of traveltimes =     5
      Source number =    3
        x =      -10.08    z =       -5.96    Number of traveltimes =     4
      Source number =    4
        x =        6.05    z =       36.09    Number of traveltimes =    18
      Source number =    5
        x =       32.89    z =       18.85    Number of traveltimes =    10
      Source number =    6
        x =        3.72    z =       17.85    Number of traveltimes =    13
      Source number =    7
        x =        2.83    z =       -3.05    Number of traveltimes =     7
      Source number =    8
        x =        2.83    z =       -3.05    Number of traveltimes =     6
      Source number =    9
        x =       23.72    z =       19.27    Number of traveltimes =     6
      Source number =   10
        x =       18.12    z =        6.59    Number of traveltimes =     5
      Source number =   11
        x =       -5.38    z =       -5.50    Number of traveltimes =     4
      Source number =   12
        x =       -4.31    z =       -9.02    Number of traveltimes =     5
      Source number =   13
        x =      -36.85    z =       12.85    Number of traveltimes =    10
      Source number =   14
        x =      -27.07    z =      -30.07    Number of traveltimes =     5
      Source number =   15
        x =      -10.83    z =        6.36    Number of traveltimes =     6
      Source number =   16
        x =       -2.99    z =      -21.14    Number of traveltimes =     6
      Source number =   17
        x =      -22.45    z =      -13.97    Number of traveltimes =     6
      Source number =   18
        x =      -11.21    z =      -30.24    Number of traveltimes =     5
      Source number =   19
        x =      -45.20    z =       -6.67    Number of traveltimes =     2
      Source number =   20
        x =       -0.11    z =       -1.87    Number of traveltimes =     2
      Source number =   21
        x =       -0.11    z =       -1.87    Number of traveltimes =     2

      Total number of sources     =     21
      Total number of traveltimes =    143

      Min/max horizontal source/receiver coordinates =     -45.20      44.54
      Min/max vertical source/receiver coordinates   =     -30.24      36.09

      Slowness grid defined:
        Number of horizontal grid points    =     49
        Number of vertical grid points      =     41
        Number of slowness cells            =   1920
        Grid interval                       =       2.25
        Min/max horizontal grid coordinates =     -52.00       56.00
        Min/max vertical grid coordinates   =     -43.00       47.00

      Initial slowness model obtained from linear velocity formula.

      5 constraint operators defined:
        Operator #1:
                             0.00     0.00     0.00
                             0.00     2.00     0.00
                             0.00     0.00     0.00
        Operator #2:
                             0.00     0.00     0.00
                             0.00    -3.00     3.00
                             0.00     0.00     0.00
        Operator #3:
                             0.00     0.00     0.00
                             0.00    -3.00     0.00
                             0.00     3.00     0.00
        Operator #4:
                             0.00     0.00     0.00
                             8.00   -16.00     8.00
                             0.00     0.00     0.00
        Operator #5:
                             0.00     8.00     0.00
                             0.00   -16.00     0.00
                             0.00     8.00     0.00

      Reference slowness model identical to initial slowness model.

      Begin tomographic inversion procedure.
      Constraint equations loaded: Number of Jacobean matrix elements =   20768
      Iteration number =   1
      Begin forward computations:
        Source number    1: Traveltimes done.
                            Raypaths done.
                            Number of Jacobian matrix elements =     21123
        Source number    2: Traveltimes done.
                            Raypaths done.
                            Number of Jacobian matrix elements =     21229
        Source number    3: Traveltimes done.
                            Raypaths done.
                            Number of Jacobian matrix elements =     21321
        Source number    4: Traveltimes done.
                            Raypaths done.
                            Number of Jacobian matrix elements =     21796
        Source number    5: Traveltimes done.
                            Raypaths done.
                            Number of Jacobian matrix elements =     22094
        Source number    6: Traveltimes done.
                            Raypaths done.
                            Number of Jacobian matrix elements =     22336
        Source number    7: Traveltimes done.
                            Raypaths done.
                            Number of Jacobian matrix elements =     22502
        Source number    8: Traveltimes done.
                            Raypaths done.
                            Number of Jacobian matrix elements =     22613
        Source number    9: Traveltimes done.
                            Raypaths done.
                            Number of Jacobian matrix elements =     22818
        Source number   10: Traveltimes done.
                            Raypaths done.
                            Number of Jacobian matrix elements =     22924
        Source number   11: Traveltimes done.
                            Raypaths done.
                            Number of Jacobian matrix elements =     23033
        Source number   12: Traveltimes done.
                            Raypaths done.
                            Number of Jacobian matrix elements =     23169
        Source number   13: Traveltimes done.
                            Raypaths done.
                            Number of Jacobian matrix elements =     23443
        Source number   14: Traveltimes done.
                            Raypaths done.
                            Number of Jacobian matrix elements =     23532
        Source number   15: Traveltimes done.
                            Raypaths done.
                            Number of Jacobian matrix elements =     23622
        Source number   16: Traveltimes done.
                            Raypaths done.
                            Number of Jacobian matrix elements =     23774
        Source number   17: Traveltimes done.
                            Raypaths done.
                            Number of Jacobian matrix elements =     23936
        Source number   18: Traveltimes done.
                            Raypaths done.
                            Number of Jacobian matrix elements =     24021
        Source number   19: Traveltimes done.
                            Raypaths done.
                            Number of Jacobian matrix elements =     24069
        Source number   20: Traveltimes done.
                            Raypaths done.
                            Number of Jacobian matrix elements =     24137
        Source number   21: Traveltimes done.
                            Raypaths done.
                            Number of Jacobian matrix elements =     24205
      Total number of raypaths=    143
      Total number of traveltimes used in inversion =   143
      Rms traveltime error = 2485.986 ms
      Slowness model scaled;   scalar =  1.02306
          Improved rms traveltime error = 2453.262 ms
      Begin inverse computations:
        LSQR iteration =   1   relative error =  0.968930
        LSQR iteration =   2   relative error =  0.938211
        LSQR iteration =   3   relative error =  0.919568
        LSQR iteration =   4   relative error =  0.908422
        LSQR iteration =   5   relative error =  0.898783
        LSQR iteration =   6   relative error =  0.891224
        LSQR iteration =   7   relative error =  0.885635
        LSQR iteration =   8   relative error =  0.881610
        LSQR iteration =   9   relative error =  0.878555
        LSQR iteration =  10   relative error =  0.876207
        LSQR iteration =  11   relative error =  0.874324
        LSQR iteration =  12   relative error =  0.872836
        LSQR iteration =  13   relative error =  0.871627
        LSQR iteration =  14   relative error =  0.870700
        LSQR iteration =  15   relative error =  0.869984
        LSQR iteration =  16   relative error =  0.869436
        LSQR iteration =  17   relative error =  0.868988
        LSQR iteration =  18   relative error =  0.868639
        LSQR iteration =  19   relative error =  0.868378
        LSQR iteration =  20   relative error =  0.868173
        LSQR iteration =  21   relative error =  0.868005
        LSQR iteration =  22   relative error =  0.867870
        LSQR iteration =  23   relative error =  0.867761
        LSQR iteration =  24   relative error =  0.867672
        LSQR iteration =  25   relative error =  0.867593
        LSQR iteration =  26   relative error =  0.867527
        LSQR iteration =  27   relative error =  0.867471
        LSQR iteration =  28   relative error =  0.867419
        LSQR iteration =  29   relative error =  0.867374
        LSQR iteration =  30   relative error =  0.867336
        LSQR iteration =  31   relative error =  0.867305
        LSQR iteration =  32   relative error =  0.867276
        LSQR iteration =  33   relative error =  0.867252
        LSQR iteration =  34   relative error =  0.867230
        LSQR iteration =  35   relative error =  0.867213
        LSQR iteration =  36   relative error =  0.867198
        LSQR iteration =  37   relative error =  0.867186
        LSQR iteration =  38   relative error =  0.867176
        LSQR iteration =  39   relative error =  0.867166
        LSQR iteration =  40   relative error =  0.867159
        LSQR iteration =  41   relative error =  0.867152
        LSQR iteration =  42   relative error =  0.867146
        LSQR iteration =  43   relative error =  0.867141
        LSQR iteration =  44   relative error =  0.867136
        LSQR iteration =  45   relative error =  0.867133
        LSQR iteration =  46   relative error =  0.867131
        LSQR iteration =  47   relative error =  0.867128
        LSQR iteration =  48   relative error =  0.867126
        LSQR iteration =  49   relative error =  0.867124
        LSQR iteration =  50   relative error =  0.867122
        LSQR iteration =  51   relative error =  0.867121
      Slowness model updated.
      Iteration number =   2
      Begin forward computations:
        Source number    1: Traveltimes done.
                            Raypaths done.
                            Number of Jacobian matrix elements =     21123
        Source number    2: Traveltimes done.
                            Raypaths done.
                            Number of Jacobian matrix elements =     21230
        Source number    3: Traveltimes done.
                            Raypaths done.
                            Number of Jacobian matrix elements =     21322
        Source number    4: Traveltimes done.
                            Raypaths done.
                            Number of Jacobian matrix elements =     21803
        Source number    5: Traveltimes done.
                            Raypaths done.
                            Number of Jacobian matrix elements =     22105
        Source number    6: Traveltimes done.
                            Raypaths done.
                            Number of Jacobian matrix elements =     22351
        Source number    7: Traveltimes done.
                            Raypaths done.
                            Number of Jacobian matrix elements =     22517
        Source number    8: Traveltimes done.
                            Raypaths done.
                            Number of Jacobian matrix elements =     22628
        Source number    9: Traveltimes done.
                            Raypaths done.
                            Number of Jacobian matrix elements =     22833
        Source number   10: Traveltimes done.
                            Raypaths done.
                            Number of Jacobian matrix elements =     22939
        Source number   11: Traveltimes done.
                            Raypaths done.
                            Number of Jacobian matrix elements =     23049
        Source number   12: Traveltimes done.
                            Raypaths done.
                            Number of Jacobian matrix elements =     23185
        Source number   13: Traveltimes done.
                            Raypaths done.
                            Number of Jacobian matrix elements =     23463
        Source number   14: Traveltimes done.
                            Raypaths done.
                            Number of Jacobian matrix elements =     23552
        Source number   15: Traveltimes done.
                            Raypaths done.
                            Number of Jacobian matrix elements =     23644
        Source number   16: Traveltimes done.
                            Raypaths done.
                            Number of Jacobian matrix elements =     23796
        Source number   17: Traveltimes done.
                            Raypaths done.
                            Number of Jacobian matrix elements =     23958
        Source number   18: Traveltimes done.
                            Raypaths done.
                            Number of Jacobian matrix elements =     24043
        Source number   19: Traveltimes done.
                            Raypaths done.
                            Number of Jacobian matrix elements =     24091
        Source number   20: Traveltimes done.
                            Raypaths done.
                            Number of Jacobian matrix elements =     24159
        Source number   21: Traveltimes done.
                            Raypaths done.
                            Number of Jacobian matrix elements =     24227
      Total number of raypaths=    143
      Total number of traveltimes used in inversion =   143
      Rms traveltime error = 2138.371 ms
      Slowness model scaled;   scalar =  1.01939
          Improved rms traveltime error = 2111.142 ms

      Velocity model output:
        Min/max horizontal coordinates =     -52.00       56.00
        Min/max vertical coordinates   =     -43.00       47.00
        Min/max velocities             =       2.03        3.06

      Ray density map output:
        Min/max horizontal coordinates =     -50.88       54.88
        Min/max vertical coordinates   =     -41.88       45.88
        Min/max ray densities          =       0.00       31.48

      Predicted traveltimes output.
