
  Begin Program PRONTO

      Run parameters loaded.

      Begin loading observed data:
      Source number =    1
        x =        8.19    z =      -21.49    Number of traveltimes =    14
      Source number =    2
        x =      -10.08    z =       -5.96    Number of traveltimes =     5
      Source number =    3
        x =      -10.08    z =       -5.96    Number of traveltimes =     5
      Source number =    4
        x =        6.05    z =       36.09    Number of traveltimes =    12
      Source number =    5
        x =       32.89    z =       18.85    Number of traveltimes =     3
      Source number =    6
        x =        3.72    z =       17.85    Number of traveltimes =     5
      Source number =    7
        x =        2.83    z =       -3.05    Number of traveltimes =     2
      Source number =    8
        x =        2.83    z =       -3.05    Number of traveltimes =     4
      Source number =    9
        x =       23.72    z =       19.27    Number of traveltimes =     1
      Source number =   10
        x =       18.12    z =        6.59    Number of traveltimes =     4
      Source number =   11
        x =       -5.38    z =       -5.50    Number of traveltimes =     1
      Source number =   12
        x =       -4.31    z =       -9.02    Number of traveltimes =     3
      Source number =   13
        x =      -36.85    z =       12.85    Number of traveltimes =    10
      Source number =   14
        x =      -27.07    z =      -30.07    Number of traveltimes =     2
      Source number =   15
        x =      -10.83    z =        6.36    Number of traveltimes =     6
      Source number =   16
        x =       -2.99    z =      -21.14    Number of traveltimes =     7
      Source number =   17
        x =      -22.45    z =      -13.97    Number of traveltimes =     1
      Source number =   18
        x =      -11.21    z =      -30.24    Number of traveltimes =     3
      Source number =   19
        x =      -45.20    z =       -6.67    Number of traveltimes =     4
      Source number =   20
        x =       -0.11    z =       -1.87    Number of traveltimes =     2
      Source number =   21
        x =       -0.11    z =       -1.87    Number of traveltimes =     2

      Total number of sources     =     21
      Total number of traveltimes =     96

      Min/max horizontal source/receiver coordinates =     -45.20      44.54
      Min/max vertical source/receiver coordinates   =     -30.24      36.09

      Slowness grid defined:
        Number of horizontal grid points    =     49
        Number of vertical grid points      =     41
        Number of slowness cells            =   1920
        Grid interval                       =       2.25
        Min/max horizontal grid coordinates =     -52.00       56.00
        Min/max vertical grid coordinates   =     -43.00       47.00

      Initial slowness model obtained from linear velocity formula.

      5 constraint operators defined:
        Operator #1:
                             0.00     0.00     0.00
                             0.00     2.00     0.00
                             0.00     0.00     0.00
        Operator #2:
                             0.00     0.00     0.00
                             0.00    -3.00     3.00
                             0.00     0.00     0.00
        Operator #3:
                             0.00     0.00     0.00
                             0.00    -3.00     0.00
                             0.00     3.00     0.00
        Operator #4:
                             0.00     0.00     0.00
                             8.00   -16.00     8.00
                             0.00     0.00     0.00
        Operator #5:
                             0.00     8.00     0.00
                             0.00   -16.00     0.00
                             0.00     8.00     0.00

      Reference slowness model identical to initial slowness model.

      Begin tomographic inversion procedure.
      Constraint equations loaded: Number of Jacobean matrix elements =   20768
      Iteration number =   1
      Begin forward computations:
        Source number    1: Traveltimes done.
                            Raypaths done.
                            Number of Jacobian matrix elements =     21090
        Source number    2: Traveltimes done.
                            Raypaths done.
                            Number of Jacobian matrix elements =     21149
        Source number    3: Traveltimes done.
                            Raypaths done.
                            Number of Jacobian matrix elements =     21215
        Source number    4: Traveltimes done.
                            Raypaths done.
                            Number of Jacobian matrix elements =     21523
        Source number    5: Traveltimes done.
                            Raypaths done.
                            Number of Jacobian matrix elements =     21581
        Source number    6: Traveltimes done.
                            Raypaths done.
                            Number of Jacobian matrix elements =     21679
        Source number    7: Traveltimes done.
                            Raypaths done.
                            Number of Jacobian matrix elements =     21729
        Source number    8: Traveltimes done.
                            Raypaths done.
                            Number of Jacobian matrix elements =     21791
        Source number    9: Traveltimes done.
                            Raypaths done.
                            Number of Jacobian matrix elements =     21799
        Source number   10: Traveltimes done.
                            Raypaths done.
                            Number of Jacobian matrix elements =     21890
        Source number   11: Traveltimes done.
                            Raypaths done.
                            Number of Jacobian matrix elements =     21899
        Source number   12: Traveltimes done.
                            Raypaths done.
                            Number of Jacobian matrix elements =     21921
        Source number   13: Traveltimes done.
                            Raypaths done.
                            Number of Jacobian matrix elements =     22184
        Source number   14: Traveltimes done.
                            Raypaths done.
                            Number of Jacobian matrix elements =     22213
        Source number   15: Traveltimes done.
                            Raypaths done.
                            Number of Jacobian matrix elements =     22285
        Source number   16: Traveltimes done.
                            Raypaths done.
                            Number of Jacobian matrix elements =     22439
        Source number   17: Traveltimes done.
                            Raypaths done.
                            Number of Jacobian matrix elements =     22452
        Source number   18: Traveltimes done.
                            Raypaths done.
                            Number of Jacobian matrix elements =     22583
        Source number   19: Traveltimes done.
                            Raypaths done.
                            Number of Jacobian matrix elements =     22667
        Source number   20: Traveltimes done.
                            Raypaths done.
                            Number of Jacobian matrix elements =     22735
        Source number   21: Traveltimes done.
                            Raypaths done.
                            Number of Jacobian matrix elements =     22803
      Total number of raypaths=     96
      Total number of traveltimes used in inversion =    96
      Rms traveltime error = 4243.902 ms
      Slowness model scaled;   scalar =  1.04173
          Improved rms traveltime error = 4190.526 ms
      Begin inverse computations:
        LSQR iteration =   1   relative error =  0.965314
        LSQR iteration =   2   relative error =  0.925821
        LSQR iteration =   3   relative error =  0.893875
        LSQR iteration =   4   relative error =  0.870955
        LSQR iteration =   5   relative error =  0.853897
        LSQR iteration =   6   relative error =  0.841404
        LSQR iteration =   7   relative error =  0.831775
        LSQR iteration =   8   relative error =  0.824580
        LSQR iteration =   9   relative error =  0.819137
        LSQR iteration =  10   relative error =  0.815005
        LSQR iteration =  11   relative error =  0.811908
        LSQR iteration =  12   relative error =  0.809614
        LSQR iteration =  13   relative error =  0.807870
        LSQR iteration =  14   relative error =  0.806532
        LSQR iteration =  15   relative error =  0.805456
        LSQR iteration =  16   relative error =  0.804590
        LSQR iteration =  17   relative error =  0.803879
        LSQR iteration =  18   relative error =  0.803296
        LSQR iteration =  19   relative error =  0.802815
        LSQR iteration =  20   relative error =  0.802417
        LSQR iteration =  21   relative error =  0.802088
        LSQR iteration =  22   relative error =  0.801819
        LSQR iteration =  23   relative error =  0.801598
        LSQR iteration =  24   relative error =  0.801413
        LSQR iteration =  25   relative error =  0.801262
        LSQR iteration =  26   relative error =  0.801138
        LSQR iteration =  27   relative error =  0.801035
        LSQR iteration =  28   relative error =  0.800956
        LSQR iteration =  29   relative error =  0.800879
        LSQR iteration =  30   relative error =  0.800821
        LSQR iteration =  31   relative error =  0.800769
        LSQR iteration =  32   relative error =  0.800732
        LSQR iteration =  33   relative error =  0.800694
        LSQR iteration =  34   relative error =  0.800660
        LSQR iteration =  35   relative error =  0.800634
        LSQR iteration =  36   relative error =  0.800609
        LSQR iteration =  37   relative error =  0.800585
        LSQR iteration =  38   relative error =  0.800566
        LSQR iteration =  39   relative error =  0.800552
        LSQR iteration =  40   relative error =  0.800538
        LSQR iteration =  41   relative error =  0.800526
        LSQR iteration =  42   relative error =  0.800513
        LSQR iteration =  43   relative error =  0.800503
        LSQR iteration =  44   relative error =  0.800494
        LSQR iteration =  45   relative error =  0.800488
        LSQR iteration =  46   relative error =  0.800483
        LSQR iteration =  47   relative error =  0.800477
        LSQR iteration =  48   relative error =  0.800473
        LSQR iteration =  49   relative error =  0.800469
        LSQR iteration =  50   relative error =  0.800466
        LSQR iteration =  51   relative error =  0.800463
      Slowness model updated.
      Iteration number =   2
      Begin forward computations:
        Source number    1: Traveltimes done.
                            Raypaths done.
                            Number of Jacobian matrix elements =     21096
        Source number    2: Traveltimes done.
                            Raypaths done.
                            Number of Jacobian matrix elements =     21157
        Source number    3: Traveltimes done.
                            Raypaths done.
                            Number of Jacobian matrix elements =     21225
        Source number    4: Traveltimes done.
                            Raypaths done.
                            Number of Jacobian matrix elements =     21540
        Source number    5: Traveltimes done.
                            Raypaths done.
                            Number of Jacobian matrix elements =     21598
        Source number    6: Traveltimes done.
                            Raypaths done.
                            Number of Jacobian matrix elements =     21696
        Source number    7: Traveltimes done.
                            Raypaths done.
                            Number of Jacobian matrix elements =     21747
        Source number    8: Traveltimes done.
                            Raypaths done.
                            Number of Jacobian matrix elements =     21810
        Source number    9: Traveltimes done.
                            Raypaths done.
                            Number of Jacobian matrix elements =     21818
        Source number   10: Traveltimes done.
                            Raypaths done.
                            Number of Jacobian matrix elements =     21909
        Source number   11: Traveltimes done.
                            Raypaths done.
                            Number of Jacobian matrix elements =     21918
        Source number   12: Traveltimes done.
                            Raypaths done.
                            Number of Jacobian matrix elements =     21940
        Source number   13: Traveltimes done.
                            Raypaths done.
                            Number of Jacobian matrix elements =     22205
        Source number   14: Traveltimes done.
                            Raypaths done.
                            Number of Jacobian matrix elements =     22234
        Source number   15: Traveltimes done.
                            Raypaths done.
                            Number of Jacobian matrix elements =     22311
        Source number   16: Traveltimes done.
                            Raypaths done.
                            Number of Jacobian matrix elements =     22465
        Source number   17: Traveltimes done.
                            Raypaths done.
                            Number of Jacobian matrix elements =     22478
        Source number   18: Traveltimes done.
                            Raypaths done.
                            Number of Jacobian matrix elements =     22609
        Source number   19: Traveltimes done.
                            Raypaths done.
                            Number of Jacobian matrix elements =     22693
        Source number   20: Traveltimes done.
                            Raypaths done.
                            Number of Jacobian matrix elements =     22765
        Source number   21: Traveltimes done.
                            Raypaths done.
                            Number of Jacobian matrix elements =     22837
      Total number of raypaths=     96
      Total number of traveltimes used in inversion =    96
      Rms traveltime error = 3564.037 ms
      Slowness model scaled;   scalar =  1.05148
          Improved rms traveltime error = 3466.494 ms

      Velocity model output:
        Min/max horizontal coordinates =     -52.00       56.00
        Min/max vertical coordinates   =     -43.00       47.00
        Min/max velocities             =       1.42        3.92

      Ray density map output:
        Min/max horizontal coordinates =     -50.88       54.88
        Min/max vertical coordinates   =     -41.88       45.88
        Min/max ray densities          =       0.00       18.21

      Predicted traveltimes output.
