
  Begin Program PRONTO

      Run parameters loaded.

      Begin loading observed data:
      Source number =    1
        x =        8.19    z =      -21.49    Number of traveltimes =    13
      Source number =    2
        x =      -10.08    z =       -5.96    Number of traveltimes =     5
      Source number =    3
        x =      -10.08    z =       -5.96    Number of traveltimes =     5
      Source number =    4
        x =        6.05    z =       36.09    Number of traveltimes =    12
      Source number =    5
        x =       32.89    z =       18.85    Number of traveltimes =     3
      Source number =    6
        x =        3.72    z =       17.85    Number of traveltimes =     6
      Source number =    7
        x =        2.83    z =       -3.05    Number of traveltimes =     2
      Source number =    8
        x =        2.83    z =       -3.05    Number of traveltimes =     4
      Source number =    9
        x =       23.72    z =       19.27    Number of traveltimes =     1
      Source number =   10
        x =       18.12    z =        6.59    Number of traveltimes =     4
      Source number =   11
        x =       -5.38    z =       -5.50    Number of traveltimes =     1
      Source number =   12
        x =       -4.31    z =       -9.02    Number of traveltimes =     3
      Source number =   13
        x =      -36.85    z =       12.85    Number of traveltimes =    10
      Source number =   14
        x =      -27.07    z =      -30.07    Number of traveltimes =     2
      Source number =   15
        x =      -10.83    z =        6.36    Number of traveltimes =     6
      Source number =   16
        x =       -2.99    z =      -21.14    Number of traveltimes =     7
      Source number =   17
        x =      -22.45    z =      -13.97    Number of traveltimes =     1
      Source number =   18
        x =      -11.21    z =      -30.24    Number of traveltimes =     3
      Source number =   19
        x =      -45.20    z =       -6.67    Number of traveltimes =     4
      Source number =   20
        x =       -0.11    z =       -1.87    Number of traveltimes =     2
      Source number =   21
        x =       -0.11    z =       -1.87    Number of traveltimes =     2

      Total number of sources     =     21
      Total number of traveltimes =     96

      Min/max horizontal source/receiver coordinates =     -45.20      44.54
      Min/max vertical source/receiver coordinates   =     -30.24      36.09

      Slowness grid defined:
        Number of horizontal grid points    =     49
        Number of vertical grid points      =     41
        Number of slowness cells            =   1920
        Grid interval                       =       2.25
        Min/max horizontal grid coordinates =     -52.00       56.00
        Min/max vertical grid coordinates   =     -43.00       47.00

      Initial slowness model obtained from linear velocity formula.

      5 constraint operators defined:
        Operator #1:
                             0.00     0.00     0.00
                             0.00     2.00     0.00
                             0.00     0.00     0.00
        Operator #2:
                             0.00     0.00     0.00
                             0.00    -3.00     3.00
                             0.00     0.00     0.00
        Operator #3:
                             0.00     0.00     0.00
                             0.00    -3.00     0.00
                             0.00     3.00     0.00
        Operator #4:
                             0.00     0.00     0.00
                             8.00   -16.00     8.00
                             0.00     0.00     0.00
        Operator #5:
                             0.00     8.00     0.00
                             0.00   -16.00     0.00
                             0.00     8.00     0.00

      Reference slowness model identical to initial slowness model.

      Begin tomographic inversion procedure.
      Constraint equations loaded: Number of Jacobean matrix elements =   20768
      Iteration number =   1
      Begin forward computations:
        Source number    1: Traveltimes done.
                            Raypaths done.
                            Number of Jacobian matrix elements =     21079
        Source number    2: Traveltimes done.
                            Raypaths done.
                            Number of Jacobian matrix elements =     21138
        Source number    3: Traveltimes done.
                            Raypaths done.
                            Number of Jacobian matrix elements =     21204
        Source number    4: Traveltimes done.
                            Raypaths done.
                            Number of Jacobian matrix elements =     21512
        Source number    5: Traveltimes done.
                            Raypaths done.
                            Number of Jacobian matrix elements =     21570
        Source number    6: Traveltimes done.
                            Raypaths done.
                            Number of Jacobian matrix elements =     21677
        Source number    7: Traveltimes done.
                            Raypaths done.
                            Number of Jacobian matrix elements =     21727
        Source number    8: Traveltimes done.
                            Raypaths done.
                            Number of Jacobian matrix elements =     21789
        Source number    9: Traveltimes done.
                            Raypaths done.
                            Number of Jacobian matrix elements =     21797
        Source number   10: Traveltimes done.
                            Raypaths done.
                            Number of Jacobian matrix elements =     21888
        Source number   11: Traveltimes done.
                            Raypaths done.
                            Number of Jacobian matrix elements =     21897
        Source number   12: Traveltimes done.
                            Raypaths done.
                            Number of Jacobian matrix elements =     21919
        Source number   13: Traveltimes done.
                            Raypaths done.
                            Number of Jacobian matrix elements =     22182
        Source number   14: Traveltimes done.
                            Raypaths done.
                            Number of Jacobian matrix elements =     22211
        Source number   15: Traveltimes done.
                            Raypaths done.
                            Number of Jacobian matrix elements =     22283
        Source number   16: Traveltimes done.
                            Raypaths done.
                            Number of Jacobian matrix elements =     22437
        Source number   17: Traveltimes done.
                            Raypaths done.
                            Number of Jacobian matrix elements =     22450
        Source number   18: Traveltimes done.
                            Raypaths done.
                            Number of Jacobian matrix elements =     22581
        Source number   19: Traveltimes done.
                            Raypaths done.
                            Number of Jacobian matrix elements =     22665
        Source number   20: Traveltimes done.
                            Raypaths done.
                            Number of Jacobian matrix elements =     22733
        Source number   21: Traveltimes done.
                            Raypaths done.
                            Number of Jacobian matrix elements =     22801
      Total number of raypaths=     96
      Total number of traveltimes used in inversion =    96
      Rms traveltime error = 4237.978 ms
      Slowness model scaled;   scalar =  1.04204
          Improved rms traveltime error = 4183.695 ms
      Begin inverse computations:
        LSQR iteration =   1   relative error =  0.965428
        LSQR iteration =   2   relative error =  0.926137
        LSQR iteration =   3   relative error =  0.894386
        LSQR iteration =   4   relative error =  0.871627
        LSQR iteration =   5   relative error =  0.854780
        LSQR iteration =   6   relative error =  0.842502
        LSQR iteration =   7   relative error =  0.833067
        LSQR iteration =   8   relative error =  0.826066
        LSQR iteration =   9   relative error =  0.820797
        LSQR iteration =  10   relative error =  0.816802
        LSQR iteration =  11   relative error =  0.813806
        LSQR iteration =  12   relative error =  0.811582
        LSQR iteration =  13   relative error =  0.809885
        LSQR iteration =  14   relative error =  0.808576
        LSQR iteration =  15   relative error =  0.807516
        LSQR iteration =  16   relative error =  0.806655
        LSQR iteration =  17   relative error =  0.805943
        LSQR iteration =  18   relative error =  0.805356
        LSQR iteration =  19   relative error =  0.804869
        LSQR iteration =  20   relative error =  0.804465
        LSQR iteration =  21   relative error =  0.804130
        LSQR iteration =  22   relative error =  0.803855
        LSQR iteration =  23   relative error =  0.803630
        LSQR iteration =  24   relative error =  0.803442
        LSQR iteration =  25   relative error =  0.803288
        LSQR iteration =  26   relative error =  0.803161
        LSQR iteration =  27   relative error =  0.803056
        LSQR iteration =  28   relative error =  0.802975
        LSQR iteration =  29   relative error =  0.802897
        LSQR iteration =  30   relative error =  0.802837
        LSQR iteration =  31   relative error =  0.802784
        LSQR iteration =  32   relative error =  0.802745
        LSQR iteration =  33   relative error =  0.802706
        LSQR iteration =  34   relative error =  0.802671
        LSQR iteration =  35   relative error =  0.802644
        LSQR iteration =  36   relative error =  0.802618
        LSQR iteration =  37   relative error =  0.802593
        LSQR iteration =  38   relative error =  0.802574
        LSQR iteration =  39   relative error =  0.802559
        LSQR iteration =  40   relative error =  0.802546
        LSQR iteration =  41   relative error =  0.802533
        LSQR iteration =  42   relative error =  0.802520
        LSQR iteration =  43   relative error =  0.802511
        LSQR iteration =  44   relative error =  0.802502
        LSQR iteration =  45   relative error =  0.802495
        LSQR iteration =  46   relative error =  0.802490
        LSQR iteration =  47   relative error =  0.802485
        LSQR iteration =  48   relative error =  0.802480
        LSQR iteration =  49   relative error =  0.802477
        LSQR iteration =  50   relative error =  0.802474
        LSQR iteration =  51   relative error =  0.802471
      Slowness model updated.
      Iteration number =   2
      Begin forward computations:
        Source number    1: Traveltimes done.
                            Raypaths done.
                            Number of Jacobian matrix elements =     21085
        Source number    2: Traveltimes done.
                            Raypaths done.
                            Number of Jacobian matrix elements =     21146
        Source number    3: Traveltimes done.
                            Raypaths done.
                            Number of Jacobian matrix elements =     21214
        Source number    4: Traveltimes done.
                            Raypaths done.
                            Number of Jacobian matrix elements =     21529
        Source number    5: Traveltimes done.
                            Raypaths done.
                            Number of Jacobian matrix elements =     21587
        Source number    6: Traveltimes done.
                            Raypaths done.
                            Number of Jacobian matrix elements =     21696
        Source number    7: Traveltimes done.
                            Raypaths done.
                            Number of Jacobian matrix elements =     21747
        Source number    8: Traveltimes done.
                            Raypaths done.
                            Number of Jacobian matrix elements =     21810
        Source number    9: Traveltimes done.
                            Raypaths done.
                            Number of Jacobian matrix elements =     21818
        Source number   10: Traveltimes done.
                            Raypaths done.
                            Number of Jacobian matrix elements =     21910
        Source number   11: Traveltimes done.
                            Raypaths done.
                            Number of Jacobian matrix elements =     21920
        Source number   12: Traveltimes done.
                            Raypaths done.
                            Number of Jacobian matrix elements =     21942
        Source number   13: Traveltimes done.
                            Raypaths done.
                            Number of Jacobian matrix elements =     22207
        Source number   14: Traveltimes done.
                            Raypaths done.
                            Number of Jacobian matrix elements =     22236
        Source number   15: Traveltimes done.
                            Raypaths done.
                            Number of Jacobian matrix elements =     22312
        Source number   16: Traveltimes done.
                            Raypaths done.
                            Number of Jacobian matrix elements =     22466
        Source number   17: Traveltimes done.
                            Raypaths done.
                            Number of Jacobian matrix elements =     22479
        Source number   18: Traveltimes done.
                            Raypaths done.
                            Number of Jacobian matrix elements =     22610
        Source number   19: Traveltimes done.
                            Raypaths done.
                            Number of Jacobian matrix elements =     22694
        Source number   20: Traveltimes done.
                            Raypaths done.
                            Number of Jacobian matrix elements =     22766
        Source number   21: Traveltimes done.
                            Raypaths done.
                            Number of Jacobian matrix elements =     22838
      Total number of raypaths=     96
      Total number of traveltimes used in inversion =    96
      Rms traveltime error = 3556.219 ms
      Slowness model scaled;   scalar =  1.05002
          Improved rms traveltime error = 3463.631 ms

      Velocity model output:
        Min/max horizontal coordinates =     -52.00       56.00
        Min/max vertical coordinates   =     -43.00       47.00
        Min/max velocities             =       1.42        3.96

      Ray density map output:
        Min/max horizontal coordinates =     -50.88       54.88
        Min/max vertical coordinates   =     -41.88       45.88
        Min/max ray densities          =       0.00       17.01

      Predicted traveltimes output.
