
  Begin Program PRONTO

      Run parameters loaded.

      Begin loading observed data:
      Source number =    1
        x =        8.19    z =      -21.49    Number of traveltimes =     1
      Source number =    2
        x =      -10.08    z =       -5.96    Number of traveltimes =     2
      Source number =    3
        x =        6.05    z =       36.09    Number of traveltimes =     2
      Source number =    4
        x =       32.89    z =       18.85    Number of traveltimes =     1
      Source number =    5
        x =        2.83    z =       -3.05    Number of traveltimes =     1
      Source number =    6
        x =       23.72    z =       19.27    Number of traveltimes =     5
      Source number =    7
        x =       18.12    z =        6.59    Number of traveltimes =     1
      Source number =    8
        x =       -4.31    z =       -9.02    Number of traveltimes =     2
      Source number =    9
        x =       -2.99    z =      -21.14    Number of traveltimes =     2
      Source number =   10
        x =      -11.21    z =      -30.24    Number of traveltimes =     2

      Total number of sources     =     10
      Total number of traveltimes =     19

      Min/max horizontal source/receiver coordinates =     -45.20      44.54
      Min/max vertical source/receiver coordinates   =     -30.24      36.09

      Slowness grid defined:
        Number of horizontal grid points    =     49
        Number of vertical grid points      =     41
        Number of slowness cells            =   1920
        Grid interval                       =       2.25
        Min/max horizontal grid coordinates =     -52.00       56.00
        Min/max vertical grid coordinates   =     -43.00       47.00

      Initial slowness model obtained from linear velocity formula.

      5 constraint operators defined:
        Operator #1:
                             0.00     0.00     0.00
                             0.00     2.00     0.00
                             0.00     0.00     0.00
        Operator #2:
                             0.00     0.00     0.00
                             0.00    -3.00     3.00
                             0.00     0.00     0.00
        Operator #3:
                             0.00     0.00     0.00
                             0.00    -3.00     0.00
                             0.00     3.00     0.00
        Operator #4:
                             0.00     0.00     0.00
                             8.00   -16.00     8.00
                             0.00     0.00     0.00
        Operator #5:
                             0.00     8.00     0.00
                             0.00   -16.00     0.00
                             0.00     8.00     0.00

      Reference slowness model identical to initial slowness model.

      Begin tomographic inversion procedure.
      Constraint equations loaded: Number of Jacobean matrix elements =   20768
      Iteration number =   1
      Begin forward computations:
        Source number    1: Traveltimes done.
                            Raypaths done.
                            Number of Jacobian matrix elements =     20797
        Source number    2: Traveltimes done.
                            Raypaths done.
                            Number of Jacobian matrix elements =     20879
        Source number    3: Traveltimes done.
                            Raypaths done.
                            Number of Jacobian matrix elements =     20953
        Source number    4: Traveltimes done.
                            Raypaths done.
                            Number of Jacobian matrix elements =     20982
        Source number    5: Traveltimes done.
                            Raypaths done.
                            Number of Jacobian matrix elements =     21006
        Source number    6: Traveltimes done.
                            Raypaths done.
                            Number of Jacobian matrix elements =     21182
        Source number    7: Traveltimes done.
                            Raypaths done.
                            Number of Jacobian matrix elements =     21213
        Source number    8: Traveltimes done.
                            Raypaths done.
                            Number of Jacobian matrix elements =     21291
        Source number    9: Traveltimes done.
                            Raypaths done.
                            Number of Jacobian matrix elements =     21381
        Source number   10: Traveltimes done.
                            Raypaths done.
                            Number of Jacobian matrix elements =     21485
      Total number of raypaths=     19
      Total number of traveltimes used in inversion =    19
      Rms traveltime error = 5895.373 ms
      Slowness model scaled;   scalar =  1.03530
          Improved rms traveltime error = 5828.268 ms
      Begin inverse computations:
        LSQR iteration =   1   relative error =  0.982300
        LSQR iteration =   2   relative error =  0.961920
        LSQR iteration =   3   relative error =  0.941082
        LSQR iteration =   4   relative error =  0.924139
        LSQR iteration =   5   relative error =  0.908542
        LSQR iteration =   6   relative error =  0.895265
        LSQR iteration =   7   relative error =  0.883931
        LSQR iteration =   8   relative error =  0.874550
        LSQR iteration =   9   relative error =  0.865739
        LSQR iteration =  10   relative error =  0.858453
        LSQR iteration =  11   relative error =  0.852265
        LSQR iteration =  12   relative error =  0.847294
        LSQR iteration =  13   relative error =  0.843109
        LSQR iteration =  14   relative error =  0.839819
        LSQR iteration =  15   relative error =  0.837078
        LSQR iteration =  16   relative error =  0.834904
        LSQR iteration =  17   relative error =  0.833090
        LSQR iteration =  18   relative error =  0.831627
        LSQR iteration =  19   relative error =  0.830407
        LSQR iteration =  20   relative error =  0.829364
        LSQR iteration =  21   relative error =  0.828513
        LSQR iteration =  22   relative error =  0.827802
        LSQR iteration =  23   relative error =  0.827162
        LSQR iteration =  24   relative error =  0.826635
        LSQR iteration =  25   relative error =  0.826161
        LSQR iteration =  26   relative error =  0.825730
        LSQR iteration =  27   relative error =  0.825360
        LSQR iteration =  28   relative error =  0.825034
        LSQR iteration =  29   relative error =  0.824725
        LSQR iteration =  30   relative error =  0.824452
        LSQR iteration =  31   relative error =  0.824217
        LSQR iteration =  32   relative error =  0.824021
        LSQR iteration =  33   relative error =  0.823844
        LSQR iteration =  34   relative error =  0.823694
        LSQR iteration =  35   relative error =  0.823575
        LSQR iteration =  36   relative error =  0.823467
        LSQR iteration =  37   relative error =  0.823380
        LSQR iteration =  38   relative error =  0.823311
        LSQR iteration =  39   relative error =  0.823250
        LSQR iteration =  40   relative error =  0.823203
        LSQR iteration =  41   relative error =  0.823161
        LSQR iteration =  42   relative error =  0.823126
        LSQR iteration =  43   relative error =  0.823101
        LSQR iteration =  44   relative error =  0.823079
        LSQR iteration =  45   relative error =  0.823060
        LSQR iteration =  46   relative error =  0.823043
        LSQR iteration =  47   relative error =  0.823029
        LSQR iteration =  48   relative error =  0.823018
        LSQR iteration =  49   relative error =  0.823010
        LSQR iteration =  50   relative error =  0.823002
        LSQR iteration =  51   relative error =  0.822995
      Slowness model updated.
      Iteration number =   2
      Begin forward computations:
        Source number    1: Traveltimes done.
                            Raypaths done.
                            Number of Jacobian matrix elements =     20797
        Source number    2: Traveltimes done.
                            Raypaths done.
                            Number of Jacobian matrix elements =     20879
        Source number    3: Traveltimes done.
                            Raypaths done.
                            Number of Jacobian matrix elements =     20956
        Source number    4: Traveltimes done.
                            Raypaths done.
                            Number of Jacobian matrix elements =     20985
        Source number    5: Traveltimes done.
                            Raypaths done.
                            Number of Jacobian matrix elements =     21009
        Source number    6: Traveltimes done.
                            Raypaths done.
                            Number of Jacobian matrix elements =     21186
        Source number    7: Traveltimes done.
                            Raypaths done.
                            Number of Jacobian matrix elements =     21217
        Source number    8: Traveltimes done.
                            Raypaths done.
                            Number of Jacobian matrix elements =     21295
        Source number    9: Traveltimes done.
                            Raypaths done.
                            Number of Jacobian matrix elements =     21385
        Source number   10: Traveltimes done.
                            Raypaths done.
                            Number of Jacobian matrix elements =     21489
      Total number of raypaths=     19
      Total number of traveltimes used in inversion =    19
      Rms traveltime error = 4558.240 ms
      Slowness model scaled;   scalar =  1.03073
          Improved rms traveltime error = 4490.416 ms

      Velocity model output:
        Min/max horizontal coordinates =     -52.00       56.00
        Min/max vertical coordinates   =     -43.00       47.00
        Min/max velocities             =       1.83        4.14

      Ray density map output:
        Min/max horizontal coordinates =     -50.88       54.88
        Min/max vertical coordinates   =     -41.88       45.88
        Min/max ray densities          =       0.00        8.77

      Predicted traveltimes output.
