
  Begin Program PRONTO

      Run parameters loaded.

      Begin loading observed data:
      Source number =    1
        x =        8.19    z =      -21.49    Number of traveltimes =    13
      Source number =    2
        x =      -10.08    z =       -5.96    Number of traveltimes =     5
      Source number =    3
        x =      -10.08    z =       -5.96    Number of traveltimes =     5
      Source number =    4
        x =        6.05    z =       36.09    Number of traveltimes =    12
      Source number =    5
        x =       32.89    z =       18.85    Number of traveltimes =     3
      Source number =    6
        x =        3.72    z =       17.85    Number of traveltimes =     5
      Source number =    7
        x =        2.83    z =       -3.05    Number of traveltimes =     3
      Source number =    8
        x =        2.83    z =       -3.05    Number of traveltimes =     4
      Source number =    9
        x =       18.12    z =        6.59    Number of traveltimes =     4
      Source number =   10
        x =       -5.38    z =       -5.50    Number of traveltimes =     1
      Source number =   11
        x =       -4.31    z =       -9.02    Number of traveltimes =     3
      Source number =   12
        x =      -36.85    z =       12.85    Number of traveltimes =     8
      Source number =   13
        x =      -27.07    z =      -30.07    Number of traveltimes =     2
      Source number =   14
        x =      -10.83    z =        6.36    Number of traveltimes =     6
      Source number =   15
        x =       -2.99    z =      -21.14    Number of traveltimes =     6
      Source number =   16
        x =      -22.45    z =      -13.97    Number of traveltimes =     1
      Source number =   17
        x =      -11.21    z =      -30.24    Number of traveltimes =     5
      Source number =   18
        x =      -45.20    z =       -6.67    Number of traveltimes =     4
      Source number =   19
        x =       -0.11    z =       -1.87    Number of traveltimes =     2
      Source number =   20
        x =       -0.11    z =       -1.87    Number of traveltimes =     2

      Total number of sources     =     20
      Total number of traveltimes =     94

      Min/max horizontal source/receiver coordinates =     -45.20      44.54
      Min/max vertical source/receiver coordinates   =     -30.24      36.09

      Slowness grid defined:
        Number of horizontal grid points    =     49
        Number of vertical grid points      =     41
        Number of slowness cells            =   1920
        Grid interval                       =       2.25
        Min/max horizontal grid coordinates =     -52.00       56.00
        Min/max vertical grid coordinates   =     -43.00       47.00

      Initial slowness model obtained from linear velocity formula.

      5 constraint operators defined:
        Operator #1:
                             0.00     0.00     0.00
                             0.00     2.00     0.00
                             0.00     0.00     0.00
        Operator #2:
                             0.00     0.00     0.00
                             0.00    -3.00     3.00
                             0.00     0.00     0.00
        Operator #3:
                             0.00     0.00     0.00
                             0.00    -3.00     0.00
                             0.00     3.00     0.00
        Operator #4:
                             0.00     0.00     0.00
                             8.00   -16.00     8.00
                             0.00     0.00     0.00
        Operator #5:
                             0.00     8.00     0.00
                             0.00   -16.00     0.00
                             0.00     8.00     0.00

      Reference slowness model identical to initial slowness model.

      Begin tomographic inversion procedure.
      Constraint equations loaded: Number of Jacobean matrix elements =   20768
      Iteration number =   1
      Begin forward computations:
        Source number    1: Traveltimes done.
                            Raypaths done.
                            Number of Jacobian matrix elements =     21060
        Source number    2: Traveltimes done.
                            Raypaths done.
                            Number of Jacobian matrix elements =     21119
        Source number    3: Traveltimes done.
                            Raypaths done.
                            Number of Jacobian matrix elements =     21185
        Source number    4: Traveltimes done.
                            Raypaths done.
                            Number of Jacobian matrix elements =     21493
        Source number    5: Traveltimes done.
                            Raypaths done.
                            Number of Jacobian matrix elements =     21551
        Source number    6: Traveltimes done.
                            Raypaths done.
                            Number of Jacobian matrix elements =     21649
        Source number    7: Traveltimes done.
                            Raypaths done.
                            Number of Jacobian matrix elements =     21719
        Source number    8: Traveltimes done.
                            Raypaths done.
                            Number of Jacobian matrix elements =     21781
        Source number    9: Traveltimes done.
                            Raypaths done.
                            Number of Jacobian matrix elements =     21872
        Source number   10: Traveltimes done.
                            Raypaths done.
                            Number of Jacobian matrix elements =     21881
        Source number   11: Traveltimes done.
                            Raypaths done.
                            Number of Jacobian matrix elements =     21903
        Source number   12: Traveltimes done.
                            Raypaths done.
                            Number of Jacobian matrix elements =     22120
        Source number   13: Traveltimes done.
                            Raypaths done.
                            Number of Jacobian matrix elements =     22149
        Source number   14: Traveltimes done.
                            Raypaths done.
                            Number of Jacobian matrix elements =     22221
        Source number   15: Traveltimes done.
                            Raypaths done.
                            Number of Jacobian matrix elements =     22363
        Source number   16: Traveltimes done.
                            Raypaths done.
                            Number of Jacobian matrix elements =     22376
        Source number   17: Traveltimes done.
                            Raypaths done.
                            Number of Jacobian matrix elements =     22545
        Source number   18: Traveltimes done.
                            Raypaths done.
                            Number of Jacobian matrix elements =     22629
        Source number   19: Traveltimes done.
                            Raypaths done.
                            Number of Jacobian matrix elements =     22697
        Source number   20: Traveltimes done.
                            Raypaths done.
                            Number of Jacobian matrix elements =     22765
      Total number of raypaths=     94
      Total number of traveltimes used in inversion =    94
      Rms traveltime error = 4260.469 ms
      Slowness model scaled;   scalar =  1.04627
          Improved rms traveltime error = 4194.719 ms
      Begin inverse computations:
        LSQR iteration =   1   relative error =  0.964969
        LSQR iteration =   2   relative error =  0.924973
        LSQR iteration =   3   relative error =  0.893651
        LSQR iteration =   4   relative error =  0.871360
        LSQR iteration =   5   relative error =  0.854961
        LSQR iteration =   6   relative error =  0.842833
        LSQR iteration =   7   relative error =  0.833514
        LSQR iteration =   8   relative error =  0.826498
        LSQR iteration =   9   relative error =  0.821106
        LSQR iteration =  10   relative error =  0.817017
        LSQR iteration =  11   relative error =  0.813886
        LSQR iteration =  12   relative error =  0.811516
        LSQR iteration =  13   relative error =  0.809659
        LSQR iteration =  14   relative error =  0.808194
        LSQR iteration =  15   relative error =  0.806974
        LSQR iteration =  16   relative error =  0.805968
        LSQR iteration =  17   relative error =  0.805123
        LSQR iteration =  18   relative error =  0.804423
        LSQR iteration =  19   relative error =  0.803838
        LSQR iteration =  20   relative error =  0.803350
        LSQR iteration =  21   relative error =  0.802944
        LSQR iteration =  22   relative error =  0.802612
        LSQR iteration =  23   relative error =  0.802339
        LSQR iteration =  24   relative error =  0.802112
        LSQR iteration =  25   relative error =  0.801925
        LSQR iteration =  26   relative error =  0.801774
        LSQR iteration =  27   relative error =  0.801646
        LSQR iteration =  28   relative error =  0.801547
        LSQR iteration =  29   relative error =  0.801451
        LSQR iteration =  30   relative error =  0.801378
        LSQR iteration =  31   relative error =  0.801311
        LSQR iteration =  32   relative error =  0.801261
        LSQR iteration =  33   relative error =  0.801210
        LSQR iteration =  34   relative error =  0.801163
        LSQR iteration =  35   relative error =  0.801128
        LSQR iteration =  36   relative error =  0.801094
        LSQR iteration =  37   relative error =  0.801060
        LSQR iteration =  38   relative error =  0.801034
        LSQR iteration =  39   relative error =  0.801014
        LSQR iteration =  40   relative error =  0.800996
        LSQR iteration =  41   relative error =  0.800979
        LSQR iteration =  42   relative error =  0.800962
        LSQR iteration =  43   relative error =  0.800949
        LSQR iteration =  44   relative error =  0.800937
        LSQR iteration =  45   relative error =  0.800929
        LSQR iteration =  46   relative error =  0.800922
        LSQR iteration =  47   relative error =  0.800915
        LSQR iteration =  48   relative error =  0.800910
        LSQR iteration =  49   relative error =  0.800905
        LSQR iteration =  50   relative error =  0.800902
        LSQR iteration =  51   relative error =  0.800899
      Slowness model updated.
      Iteration number =   2
      Begin forward computations:
        Source number    1: Traveltimes done.
                            Raypaths done.
                            Number of Jacobian matrix elements =     21067
        Source number    2: Traveltimes done.
                            Raypaths done.
                            Number of Jacobian matrix elements =     21129
        Source number    3: Traveltimes done.
                            Raypaths done.
                            Number of Jacobian matrix elements =     21199
        Source number    4: Traveltimes done.
                            Raypaths done.
                            Number of Jacobian matrix elements =     21513
        Source number    5: Traveltimes done.
                            Raypaths done.
                            Number of Jacobian matrix elements =     21571
        Source number    6: Traveltimes done.
                            Raypaths done.
                            Number of Jacobian matrix elements =     21669
        Source number    7: Traveltimes done.
                            Raypaths done.
                            Number of Jacobian matrix elements =     21741
        Source number    8: Traveltimes done.
                            Raypaths done.
                            Number of Jacobian matrix elements =     21804
        Source number    9: Traveltimes done.
                            Raypaths done.
                            Number of Jacobian matrix elements =     21897
        Source number   10: Traveltimes done.
                            Raypaths done.
                            Number of Jacobian matrix elements =     21907
        Source number   11: Traveltimes done.
                            Raypaths done.
                            Number of Jacobian matrix elements =     21929
        Source number   12: Traveltimes done.
                            Raypaths done.
                            Number of Jacobian matrix elements =     22150
        Source number   13: Traveltimes done.
                            Raypaths done.
                            Number of Jacobian matrix elements =     22179
        Source number   14: Traveltimes done.
                            Raypaths done.
                            Number of Jacobian matrix elements =     22256
        Source number   15: Traveltimes done.
                            Raypaths done.
                            Number of Jacobian matrix elements =     22398
        Source number   16: Traveltimes done.
                            Raypaths done.
                            Number of Jacobian matrix elements =     22411
        Source number   17: Traveltimes done.
                            Raypaths done.
                            Number of Jacobian matrix elements =     22580
        Source number   18: Traveltimes done.
                            Raypaths done.
                            Number of Jacobian matrix elements =     22664
        Source number   19: Traveltimes done.
                            Raypaths done.
                            Number of Jacobian matrix elements =     22736
        Source number   20: Traveltimes done.
                            Raypaths done.
                            Number of Jacobian matrix elements =     22808
      Total number of raypaths=     94
      Total number of traveltimes used in inversion =    94
      Rms traveltime error = 3527.077 ms
      Slowness model scaled;   scalar =  1.04924
          Improved rms traveltime error = 3435.317 ms

      Velocity model output:
        Min/max horizontal coordinates =     -52.00       56.00
        Min/max vertical coordinates   =     -43.00       47.00
        Min/max velocities             =       1.40        3.76

      Ray density map output:
        Min/max horizontal coordinates =     -50.88       54.88
        Min/max vertical coordinates   =     -41.88       45.88
        Min/max ray densities          =       0.00       19.34

      Predicted traveltimes output.
