
  Begin Program PRONTO

      Run parameters loaded.

      Begin loading observed data:
      Source number =    1
        x =        8.19    z =      -21.49    Number of traveltimes =    18
      Source number =    2
        x =      -10.08    z =       -5.96    Number of traveltimes =    10
      Source number =    3
        x =      -10.08    z =       -5.96    Number of traveltimes =     9
      Source number =    4
        x =        6.05    z =       36.09    Number of traveltimes =    13
      Source number =    5
        x =       32.89    z =       18.85    Number of traveltimes =     6
      Source number =    6
        x =        3.72    z =       17.85    Number of traveltimes =    13
      Source number =    7
        x =        2.83    z =       -3.05    Number of traveltimes =     7
      Source number =    8
        x =        2.83    z =       -3.05    Number of traveltimes =     6
      Source number =    9
        x =       23.72    z =       19.27    Number of traveltimes =     4
      Source number =   10
        x =       18.12    z =        6.59    Number of traveltimes =     8
      Source number =   11
        x =       -5.38    z =       -5.50    Number of traveltimes =     8
      Source number =   12
        x =       -4.31    z =       -9.02    Number of traveltimes =     3
      Source number =   13
        x =      -36.85    z =       12.85    Number of traveltimes =     9
      Source number =   14
        x =      -27.07    z =      -30.07    Number of traveltimes =     4
      Source number =   15
        x =      -10.83    z =        6.36    Number of traveltimes =     8
      Source number =   16
        x =       -2.99    z =      -21.14    Number of traveltimes =     6
      Source number =   17
        x =      -22.45    z =      -13.97    Number of traveltimes =     4
      Source number =   18
        x =      -11.21    z =      -30.24    Number of traveltimes =     5
      Source number =   19
        x =      -45.20    z =       -6.67    Number of traveltimes =     4

      Total number of sources     =     19
      Total number of traveltimes =    145

      Min/max horizontal source/receiver coordinates =     -45.20      44.54
      Min/max vertical source/receiver coordinates   =     -30.24      36.09

      Slowness grid defined:
        Number of horizontal grid points    =     49
        Number of vertical grid points      =     41
        Number of slowness cells            =   1920
        Grid interval                       =       2.25
        Min/max horizontal grid coordinates =     -52.00       56.00
        Min/max vertical grid coordinates   =     -43.00       47.00

      Initial slowness model obtained from linear velocity formula.

      5 constraint operators defined:
        Operator #1:
                             0.00     0.00     0.00
                             0.00     2.00     0.00
                             0.00     0.00     0.00
        Operator #2:
                             0.00     0.00     0.00
                             0.00    -3.00     3.00
                             0.00     0.00     0.00
        Operator #3:
                             0.00     0.00     0.00
                             0.00    -3.00     0.00
                             0.00     3.00     0.00
        Operator #4:
                             0.00     0.00     0.00
                             8.00   -16.00     8.00
                             0.00     0.00     0.00
        Operator #5:
                             0.00     8.00     0.00
                             0.00   -16.00     0.00
                             0.00     8.00     0.00

      Reference slowness model identical to initial slowness model.

      Begin tomographic inversion procedure.
      Constraint equations loaded: Number of Jacobean matrix elements =   20768
      Iteration number =   1
      Begin forward computations:
        Source number    1: Traveltimes done.
                            Raypaths done.
                            Number of Jacobian matrix elements =     21176
        Source number    2: Traveltimes done.
                            Raypaths done.
                            Number of Jacobian matrix elements =     21355
        Source number    3: Traveltimes done.
                            Raypaths done.
                            Number of Jacobian matrix elements =     21503
        Source number    4: Traveltimes done.
                            Raypaths done.
                            Number of Jacobian matrix elements =     21821
        Source number    5: Traveltimes done.
                            Raypaths done.
                            Number of Jacobian matrix elements =     21945
        Source number    6: Traveltimes done.
                            Raypaths done.
                            Number of Jacobian matrix elements =     22197
        Source number    7: Traveltimes done.
                            Raypaths done.
                            Number of Jacobian matrix elements =     22333
        Source number    8: Traveltimes done.
                            Raypaths done.
                            Number of Jacobian matrix elements =     22442
        Source number    9: Traveltimes done.
                            Raypaths done.
                            Number of Jacobian matrix elements =     22568
        Source number   10: Traveltimes done.
                            Raypaths done.
                            Number of Jacobian matrix elements =     22749
        Source number   11: Traveltimes done.
                            Raypaths done.
                            Number of Jacobian matrix elements =     22912
        Source number   12: Traveltimes done.
                            Raypaths done.
                            Number of Jacobian matrix elements =     22963
        Source number   13: Traveltimes done.
                            Raypaths done.
                            Number of Jacobian matrix elements =     23205
        Source number   14: Traveltimes done.
                            Raypaths done.
                            Number of Jacobian matrix elements =     23273
        Source number   15: Traveltimes done.
                            Raypaths done.
                            Number of Jacobian matrix elements =     23417
        Source number   16: Traveltimes done.
                            Raypaths done.
                            Number of Jacobian matrix elements =     23497
        Source number   17: Traveltimes done.
                            Raypaths done.
                            Number of Jacobian matrix elements =     23559
        Source number   18: Traveltimes done.
                            Raypaths done.
                            Number of Jacobian matrix elements =     23710
        Source number   19: Traveltimes done.
                            Raypaths done.
                            Number of Jacobian matrix elements =     23794
      Total number of raypaths=    145
      Total number of traveltimes used in inversion =   145
      Rms traveltime error = 2320.891 ms
      Slowness model scaled;   scalar =  1.08197
          Improved rms traveltime error = 1939.251 ms
      Begin inverse computations:
        LSQR iteration =   1   relative error =  0.976249
        LSQR iteration =   2   relative error =  0.950281
        LSQR iteration =   3   relative error =  0.927601
        LSQR iteration =   4   relative error =  0.910362
        LSQR iteration =   5   relative error =  0.899368
        LSQR iteration =   6   relative error =  0.891861
        LSQR iteration =   7   relative error =  0.886254
        LSQR iteration =   8   relative error =  0.881833
        LSQR iteration =   9   relative error =  0.877973
        LSQR iteration =  10   relative error =  0.874523
        LSQR iteration =  11   relative error =  0.871675
        LSQR iteration =  12   relative error =  0.869369
        LSQR iteration =  13   relative error =  0.867351
        LSQR iteration =  14   relative error =  0.865640
        LSQR iteration =  15   relative error =  0.864072
        LSQR iteration =  16   relative error =  0.862752
        LSQR iteration =  17   relative error =  0.861547
        LSQR iteration =  18   relative error =  0.860469
        LSQR iteration =  19   relative error =  0.859483
        LSQR iteration =  20   relative error =  0.858568
        LSQR iteration =  21   relative error =  0.857750
        LSQR iteration =  22   relative error =  0.857047
        LSQR iteration =  23   relative error =  0.856396
        LSQR iteration =  24   relative error =  0.855793
        LSQR iteration =  25   relative error =  0.855268
        LSQR iteration =  26   relative error =  0.854826
        LSQR iteration =  27   relative error =  0.854419
        LSQR iteration =  28   relative error =  0.854039
        LSQR iteration =  29   relative error =  0.853732
        LSQR iteration =  30   relative error =  0.853475
        LSQR iteration =  31   relative error =  0.853259
        LSQR iteration =  32   relative error =  0.853090
        LSQR iteration =  33   relative error =  0.852958
        LSQR iteration =  34   relative error =  0.852849
        LSQR iteration =  35   relative error =  0.852762
        LSQR iteration =  36   relative error =  0.852686
        LSQR iteration =  37   relative error =  0.852625
        LSQR iteration =  38   relative error =  0.852574
        LSQR iteration =  39   relative error =  0.852530
        LSQR iteration =  40   relative error =  0.852494
        LSQR iteration =  41   relative error =  0.852466
        LSQR iteration =  42   relative error =  0.852443
        LSQR iteration =  43   relative error =  0.852425
        LSQR iteration =  44   relative error =  0.852409
        LSQR iteration =  45   relative error =  0.852397
        LSQR iteration =  46   relative error =  0.852387
        LSQR iteration =  47   relative error =  0.852380
        LSQR iteration =  48   relative error =  0.852373
        LSQR iteration =  49   relative error =  0.852368
        LSQR iteration =  50   relative error =  0.852363
        LSQR iteration =  51   relative error =  0.852360
      Slowness model updated.
      Iteration number =   2
      Begin forward computations:
        Source number    1: Traveltimes done.
                            Raypaths done.
                            Number of Jacobian matrix elements =     21177
        Source number    2: Traveltimes done.
                            Raypaths done.
                            Number of Jacobian matrix elements =     21356
        Source number    3: Traveltimes done.
                            Raypaths done.
                            Number of Jacobian matrix elements =     21504
        Source number    4: Traveltimes done.
                            Raypaths done.
                            Number of Jacobian matrix elements =     21823
        Source number    5: Traveltimes done.
                            Raypaths done.
                            Number of Jacobian matrix elements =     21947
        Source number    6: Traveltimes done.
                            Raypaths done.
                            Number of Jacobian matrix elements =     22199
        Source number    7: Traveltimes done.
                            Raypaths done.
                            Number of Jacobian matrix elements =     22336
        Source number    8: Traveltimes done.
                            Raypaths done.
                            Number of Jacobian matrix elements =     22446
        Source number    9: Traveltimes done.
                            Raypaths done.
                            Number of Jacobian matrix elements =     22573
        Source number   10: Traveltimes done.
                            Raypaths done.
                            Number of Jacobian matrix elements =     22755
        Source number   11: Traveltimes done.
                            Raypaths done.
                            Number of Jacobian matrix elements =     22918
        Source number   12: Traveltimes done.
                            Raypaths done.
                            Number of Jacobian matrix elements =     22969
        Source number   13: Traveltimes done.
                            Raypaths done.
                            Number of Jacobian matrix elements =     23212
        Source number   14: Traveltimes done.
                            Raypaths done.
                            Number of Jacobian matrix elements =     23280
        Source number   15: Traveltimes done.
                            Raypaths done.
                            Number of Jacobian matrix elements =     23425
        Source number   16: Traveltimes done.
                            Raypaths done.
                            Number of Jacobian matrix elements =     23505
        Source number   17: Traveltimes done.
                            Raypaths done.
                            Number of Jacobian matrix elements =     23567
        Source number   18: Traveltimes done.
                            Raypaths done.
                            Number of Jacobian matrix elements =     23718
        Source number   19: Traveltimes done.
                            Raypaths done.
                            Number of Jacobian matrix elements =     23800
      Total number of raypaths=    145
      Total number of traveltimes used in inversion =   145
      Rms traveltime error = 1670.304 ms
      Slowness model scaled;   scalar =  1.01469
          Improved rms traveltime error = 1652.373 ms

      Velocity model output:
        Min/max horizontal coordinates =     -52.00       56.00
        Min/max vertical coordinates   =     -43.00       47.00
        Min/max velocities             =       1.83        2.80

      Ray density map output:
        Min/max horizontal coordinates =     -50.88       54.88
        Min/max vertical coordinates   =     -41.88       45.88
        Min/max ray densities          =       0.00       16.26

      Predicted traveltimes output.
