
  Begin Program PRONTO

      Run parameters loaded.

      Begin loading observed data:
      Source number =    1
        x =        8.19    z =      -21.49    Number of traveltimes =    17
      Source number =    2
        x =      -10.08    z =       -5.96    Number of traveltimes =     8
      Source number =    3
        x =      -10.08    z =       -5.96    Number of traveltimes =     7
      Source number =    4
        x =        6.05    z =       36.09    Number of traveltimes =    14
      Source number =    5
        x =       32.89    z =       18.85    Number of traveltimes =     2
      Source number =    6
        x =        3.72    z =       17.85    Number of traveltimes =     6
      Source number =    7
        x =        2.83    z =       -3.05    Number of traveltimes =     7
      Source number =    8
        x =        2.83    z =       -3.05    Number of traveltimes =     4
      Source number =    9
        x =       23.72    z =       19.27    Number of traveltimes =     4
      Source number =   10
        x =       18.12    z =        6.59    Number of traveltimes =     5
      Source number =   11
        x =       -5.38    z =       -5.50    Number of traveltimes =     4
      Source number =   12
        x =       -4.31    z =       -9.02    Number of traveltimes =     3
      Source number =   13
        x =      -36.85    z =       12.85    Number of traveltimes =    10
      Source number =   14
        x =      -27.07    z =      -30.07    Number of traveltimes =     4
      Source number =   15
        x =      -10.83    z =        6.36    Number of traveltimes =     6
      Source number =   16
        x =       -2.99    z =      -21.14    Number of traveltimes =     4
      Source number =   17
        x =      -22.45    z =      -13.97    Number of traveltimes =     6
      Source number =   18
        x =      -11.21    z =      -30.24    Number of traveltimes =     3
      Source number =   19
        x =      -45.20    z =       -6.67    Number of traveltimes =     4
      Source number =   20
        x =      -12.64    z =      -12.65    Number of traveltimes =     2
      Source number =   21
        x =      -12.64    z =      -12.65    Number of traveltimes =     2

      Total number of sources     =     21
      Total number of traveltimes =    122

      Min/max horizontal source/receiver coordinates =     -45.20      44.54
      Min/max vertical source/receiver coordinates   =     -30.24      36.09

      Slowness grid defined:
        Number of horizontal grid points    =     49
        Number of vertical grid points      =     41
        Number of slowness cells            =   1920
        Grid interval                       =       2.25
        Min/max horizontal grid coordinates =     -52.00       56.00
        Min/max vertical grid coordinates   =     -43.00       47.00

      Initial slowness model obtained from linear velocity formula.

      5 constraint operators defined:
        Operator #1:
                             0.00     0.00     0.00
                             0.00     2.00     0.00
                             0.00     0.00     0.00
        Operator #2:
                             0.00     0.00     0.00
                             0.00    -3.00     3.00
                             0.00     0.00     0.00
        Operator #3:
                             0.00     0.00     0.00
                             0.00    -3.00     0.00
                             0.00     3.00     0.00
        Operator #4:
                             0.00     0.00     0.00
                             8.00   -16.00     8.00
                             0.00     0.00     0.00
        Operator #5:
                             0.00     8.00     0.00
                             0.00   -16.00     0.00
                             0.00     8.00     0.00

      Reference slowness model identical to initial slowness model.

      Begin tomographic inversion procedure.
      Constraint equations loaded: Number of Jacobean matrix elements =   20768
      Iteration number =   1
      Begin forward computations:
        Source number    1: Traveltimes done.
                            Raypaths done.
                            Number of Jacobian matrix elements =     21157
        Source number    2: Traveltimes done.
                            Raypaths done.
                            Number of Jacobian matrix elements =     21291
        Source number    3: Traveltimes done.
                            Raypaths done.
                            Number of Jacobian matrix elements =     21383
        Source number    4: Traveltimes done.
                            Raypaths done.
                            Number of Jacobian matrix elements =     21722
        Source number    5: Traveltimes done.
                            Raypaths done.
                            Number of Jacobian matrix elements =     21772
        Source number    6: Traveltimes done.
                            Raypaths done.
                            Number of Jacobian matrix elements =     21878
        Source number    7: Traveltimes done.
                            Raypaths done.
                            Number of Jacobian matrix elements =     22052
        Source number    8: Traveltimes done.
                            Raypaths done.
                            Number of Jacobian matrix elements =     22126
        Source number    9: Traveltimes done.
                            Raypaths done.
                            Number of Jacobian matrix elements =     22232
        Source number   10: Traveltimes done.
                            Raypaths done.
                            Number of Jacobian matrix elements =     22338
        Source number   11: Traveltimes done.
                            Raypaths done.
                            Number of Jacobian matrix elements =     22373
        Source number   12: Traveltimes done.
                            Raypaths done.
                            Number of Jacobian matrix elements =     22420
        Source number   13: Traveltimes done.
                            Raypaths done.
                            Number of Jacobian matrix elements =     22683
        Source number   14: Traveltimes done.
                            Raypaths done.
                            Number of Jacobian matrix elements =     22738
        Source number   15: Traveltimes done.
                            Raypaths done.
                            Number of Jacobian matrix elements =     22810
        Source number   16: Traveltimes done.
                            Raypaths done.
                            Number of Jacobian matrix elements =     22866
        Source number   17: Traveltimes done.
                            Raypaths done.
                            Number of Jacobian matrix elements =     22940
        Source number   18: Traveltimes done.
                            Raypaths done.
                            Number of Jacobian matrix elements =     23071
        Source number   19: Traveltimes done.
                            Raypaths done.
                            Number of Jacobian matrix elements =     23155
        Source number   20: Traveltimes done.
                            Raypaths done.
                            Number of Jacobian matrix elements =     23179
        Source number   21: Traveltimes done.
                            Raypaths done.
                            Number of Jacobian matrix elements =     23203
      Total number of raypaths=    122
      Total number of traveltimes used in inversion =   122
      Rms traveltime error = 3128.904 ms
      Slowness model scaled;   scalar =  1.04813
          Improved rms traveltime error = 3044.294 ms
      Begin inverse computations:
        LSQR iteration =   1   relative error =  0.974767
        LSQR iteration =   2   relative error =  0.946472
        LSQR iteration =   3   relative error =  0.920085
        LSQR iteration =   4   relative error =  0.901336
        LSQR iteration =   5   relative error =  0.888149
        LSQR iteration =   6   relative error =  0.878942
        LSQR iteration =   7   relative error =  0.871834
        LSQR iteration =   8   relative error =  0.866349
        LSQR iteration =   9   relative error =  0.861884
        LSQR iteration =  10   relative error =  0.858329
        LSQR iteration =  11   relative error =  0.855487
        LSQR iteration =  12   relative error =  0.853269
        LSQR iteration =  13   relative error =  0.851441
        LSQR iteration =  14   relative error =  0.849956
        LSQR iteration =  15   relative error =  0.848730
        LSQR iteration =  16   relative error =  0.847736
        LSQR iteration =  17   relative error =  0.846943
        LSQR iteration =  18   relative error =  0.846314
        LSQR iteration =  19   relative error =  0.845810
        LSQR iteration =  20   relative error =  0.845403
        LSQR iteration =  21   relative error =  0.845071
        LSQR iteration =  22   relative error =  0.844799
        LSQR iteration =  23   relative error =  0.844571
        LSQR iteration =  24   relative error =  0.844377
        LSQR iteration =  25   relative error =  0.844214
        LSQR iteration =  26   relative error =  0.844069
        LSQR iteration =  27   relative error =  0.843941
        LSQR iteration =  28   relative error =  0.843841
        LSQR iteration =  29   relative error =  0.843740
        LSQR iteration =  30   relative error =  0.843657
        LSQR iteration =  31   relative error =  0.843576
        LSQR iteration =  32   relative error =  0.843518
        LSQR iteration =  33   relative error =  0.843460
        LSQR iteration =  34   relative error =  0.843408
        LSQR iteration =  35   relative error =  0.843371
        LSQR iteration =  36   relative error =  0.843335
        LSQR iteration =  37   relative error =  0.843300
        LSQR iteration =  38   relative error =  0.843275
        LSQR iteration =  39   relative error =  0.843255
        LSQR iteration =  40   relative error =  0.843237
        LSQR iteration =  41   relative error =  0.843221
        LSQR iteration =  42   relative error =  0.843204
        LSQR iteration =  43   relative error =  0.843192
        LSQR iteration =  44   relative error =  0.843180
        LSQR iteration =  45   relative error =  0.843172
        LSQR iteration =  46   relative error =  0.843166
        LSQR iteration =  47   relative error =  0.843160
        LSQR iteration =  48   relative error =  0.843155
        LSQR iteration =  49   relative error =  0.843151
        LSQR iteration =  50   relative error =  0.843147
        LSQR iteration =  51   relative error =  0.843143
      Slowness model updated.
      Iteration number =   2
      Begin forward computations:
        Source number    1: Traveltimes done.
                            Raypaths done.
                            Number of Jacobian matrix elements =     21166
        Source number    2: Traveltimes done.
                            Raypaths done.
                            Number of Jacobian matrix elements =     21300
        Source number    3: Traveltimes done.
                            Raypaths done.
                            Number of Jacobian matrix elements =     21391
        Source number    4: Traveltimes done.
                            Raypaths done.
                            Number of Jacobian matrix elements =     21733
        Source number    5: Traveltimes done.
                            Raypaths done.
                            Number of Jacobian matrix elements =     21787
        Source number    6: Traveltimes done.
                            Raypaths done.
                            Number of Jacobian matrix elements =     21895
        Source number    7: Traveltimes done.
                            Raypaths done.
                            Number of Jacobian matrix elements =     22071
        Source number    8: Traveltimes done.
                            Raypaths done.
                            Number of Jacobian matrix elements =     22145
        Source number    9: Traveltimes done.
                            Raypaths done.
                            Number of Jacobian matrix elements =     22251
        Source number   10: Traveltimes done.
                            Raypaths done.
                            Number of Jacobian matrix elements =     22357
        Source number   11: Traveltimes done.
                            Raypaths done.
                            Number of Jacobian matrix elements =     22392
        Source number   12: Traveltimes done.
                            Raypaths done.
                            Number of Jacobian matrix elements =     22439
        Source number   13: Traveltimes done.
                            Raypaths done.
                            Number of Jacobian matrix elements =     22702
        Source number   14: Traveltimes done.
                            Raypaths done.
                            Number of Jacobian matrix elements =     22757
        Source number   15: Traveltimes done.
                            Raypaths done.
                            Number of Jacobian matrix elements =     22830
        Source number   16: Traveltimes done.
                            Raypaths done.
                            Number of Jacobian matrix elements =     22886
        Source number   17: Traveltimes done.
                            Raypaths done.
                            Number of Jacobian matrix elements =     22960
        Source number   18: Traveltimes done.
                            Raypaths done.
                            Number of Jacobian matrix elements =     23091
        Source number   19: Traveltimes done.
                            Raypaths done.
                            Number of Jacobian matrix elements =     23173
        Source number   20: Traveltimes done.
                            Raypaths done.
                            Number of Jacobian matrix elements =     23197
        Source number   21: Traveltimes done.
                            Raypaths done.
                            Number of Jacobian matrix elements =     23221
      Total number of raypaths=    122
      Total number of traveltimes used in inversion =   122
      Rms traveltime error = 2737.338 ms
      Slowness model scaled;   scalar =  1.03359
          Improved rms traveltime error = 2688.730 ms

      Velocity model output:
        Min/max horizontal coordinates =     -52.00       56.00
        Min/max vertical coordinates   =     -43.00       47.00
        Min/max velocities             =       1.83        4.00

      Ray density map output:
        Min/max horizontal coordinates =     -50.88       54.88
        Min/max vertical coordinates   =     -41.88       45.88
        Min/max ray densities          =       0.00       17.63

      Predicted traveltimes output.
